[2024-10-17T23:21:35.911+0000] {local_task_job_runner.py:123} INFO - ::group::Pre task execution logs
[2024-10-17T23:21:35.923+0000] {taskinstance.py:2612} INFO - Dependencies all met for dep_context=non-requeueable deps ti=<TaskInstance: ETL_SCRIPT.RUN_SILVER manual__2024-10-17T23:18:01.263969+00:00 [queued]>
[2024-10-17T23:21:35.929+0000] {taskinstance.py:2612} INFO - Dependencies all met for dep_context=requeueable deps ti=<TaskInstance: ETL_SCRIPT.RUN_SILVER manual__2024-10-17T23:18:01.263969+00:00 [queued]>
[2024-10-17T23:21:35.929+0000] {taskinstance.py:2865} INFO - Starting attempt 2 of 3
[2024-10-17T23:21:35.943+0000] {taskinstance.py:2888} INFO - Executing <Task(DatabricksSubmitRunOperator): RUN_SILVER> on 2024-10-17 23:18:01.263969+00:00
[2024-10-17T23:21:35.948+0000] {warnings.py:112} WARNING - /home/***/.local/lib/python3.12/site-packages/***/task/task_runner/standard_task_runner.py:70: DeprecationWarning: This process (pid=335) is multi-threaded, use of fork() may lead to deadlocks in the child.
  pid = os.fork()

[2024-10-17T23:21:35.949+0000] {standard_task_runner.py:104} INFO - Running: ['***', 'tasks', 'run', 'ETL_SCRIPT', 'RUN_SILVER', 'manual__2024-10-17T23:18:01.263969+00:00', '--job-id', '19', '--raw', '--subdir', 'DAGS_FOLDER/dag_file.py', '--cfg-path', '/tmp/tmph8t7_osh']
[2024-10-17T23:21:35.949+0000] {standard_task_runner.py:72} INFO - Started process 336 to run task
[2024-10-17T23:21:35.949+0000] {standard_task_runner.py:105} INFO - Job 19: Subtask RUN_SILVER
[2024-10-17T23:21:35.982+0000] {task_command.py:467} INFO - Running <TaskInstance: ETL_SCRIPT.RUN_SILVER manual__2024-10-17T23:18:01.263969+00:00 [running]> on host f285080d593b
[2024-10-17T23:21:36.041+0000] {taskinstance.py:3131} INFO - Exporting env vars: AIRFLOW_CTX_DAG_EMAIL='guilhermeavila.orlando@gmail.com' AIRFLOW_CTX_DAG_OWNER='Guilherme Orlando' AIRFLOW_CTX_DAG_ID='ETL_SCRIPT' AIRFLOW_CTX_TASK_ID='RUN_SILVER' AIRFLOW_CTX_EXECUTION_DATE='2024-10-17T23:18:01.263969+00:00' AIRFLOW_CTX_TRY_NUMBER='2' AIRFLOW_CTX_DAG_RUN_ID='manual__2024-10-17T23:18:01.263969+00:00'
[2024-10-17T23:21:36.041+0000] {taskinstance.py:731} INFO - ::endgroup::
[2024-10-17T23:21:36.058+0000] {base.py:84} INFO - Retrieving connection 'databricks_default'
[2024-10-17T23:21:36.061+0000] {databricks_base.py:461} INFO - Using token auth. For security reasons, please set token in Password field instead of extra
[2024-10-17T23:21:36.683+0000] {databricks.py:66} INFO - Run submitted with run_id: 1043818222852937
[2024-10-17T23:21:36.684+0000] {databricks_base.py:461} INFO - Using token auth. For security reasons, please set token in Password field instead of extra
[2024-10-17T23:21:36.812+0000] {databricks_base.py:461} INFO - Using token auth. For security reasons, please set token in Password field instead of extra
[2024-10-17T23:21:36.925+0000] {databricks.py:128} INFO - RUN_SILVER in run state: {'life_cycle_state': 'PENDING', 'result_state': '', 'state_message': ''}
[2024-10-17T23:21:36.925+0000] {databricks.py:129} INFO - View run status, Spark UI, and logs at https://dbc-bc2bfcff-3ceb.cloud.databricks.com/?o=1271398189221813#job/942260604758214/run/1043818222852937
[2024-10-17T23:21:36.926+0000] {databricks.py:130} INFO - Sleeping for 30 seconds.
[2024-10-17T23:22:06.925+0000] {databricks_base.py:461} INFO - Using token auth. For security reasons, please set token in Password field instead of extra
[2024-10-17T23:22:07.058+0000] {databricks.py:77} INFO - RUN_SILVER completed successfully.
[2024-10-17T23:22:07.058+0000] {databricks.py:78} INFO - View run status, Spark UI, and logs at https://dbc-bc2bfcff-3ceb.cloud.databricks.com/?o=1271398189221813#job/942260604758214/run/1043818222852937
[2024-10-17T23:22:07.065+0000] {taskinstance.py:340} INFO - ::group::Post task execution logs
[2024-10-17T23:22:07.065+0000] {taskinstance.py:352} INFO - Marking task as SUCCESS. dag_id=ETL_SCRIPT, task_id=RUN_SILVER, run_id=manual__2024-10-17T23:18:01.263969+00:00, execution_date=20241017T231801, start_date=20241017T232135, end_date=20241017T232207
[2024-10-17T23:22:07.126+0000] {local_task_job_runner.py:266} INFO - Task exited with return code 0
[2024-10-17T23:22:07.143+0000] {taskinstance.py:3900} INFO - 1 downstream tasks scheduled from follow-on schedule check
[2024-10-17T23:22:07.144+0000] {local_task_job_runner.py:245} INFO - ::endgroup::
