[2024-10-17T23:08:28.626+0000] {local_task_job_runner.py:123} INFO - ::group::Pre task execution logs
[2024-10-17T23:08:28.638+0000] {taskinstance.py:2612} INFO - Dependencies all met for dep_context=non-requeueable deps ti=<TaskInstance: ETL_SCRIPT.RUN_BRONZE scheduled__2024-10-16T06:00:00+00:00 [queued]>
[2024-10-17T23:08:28.643+0000] {taskinstance.py:2612} INFO - Dependencies all met for dep_context=requeueable deps ti=<TaskInstance: ETL_SCRIPT.RUN_BRONZE scheduled__2024-10-16T06:00:00+00:00 [queued]>
[2024-10-17T23:08:28.643+0000] {taskinstance.py:2865} INFO - Starting attempt 2 of 2
[2024-10-17T23:08:28.653+0000] {taskinstance.py:2888} INFO - Executing <Task(DatabricksSubmitRunOperator): RUN_BRONZE> on 2024-10-16 06:00:00+00:00
[2024-10-17T23:08:28.657+0000] {warnings.py:112} WARNING - /home/***/.local/lib/python3.12/site-packages/***/task/task_runner/standard_task_runner.py:70: DeprecationWarning: This process (pid=141) is multi-threaded, use of fork() may lead to deadlocks in the child.
  pid = os.fork()

[2024-10-17T23:08:28.658+0000] {standard_task_runner.py:72} INFO - Started process 142 to run task
[2024-10-17T23:08:28.658+0000] {standard_task_runner.py:104} INFO - Running: ['***', 'tasks', 'run', 'ETL_SCRIPT', 'RUN_BRONZE', 'scheduled__2024-10-16T06:00:00+00:00', '--job-id', '13', '--raw', '--subdir', 'DAGS_FOLDER/dag_file.py', '--cfg-path', '/tmp/tmpdhomyj0z']
[2024-10-17T23:08:28.659+0000] {standard_task_runner.py:105} INFO - Job 13: Subtask RUN_BRONZE
[2024-10-17T23:08:28.688+0000] {task_command.py:467} INFO - Running <TaskInstance: ETL_SCRIPT.RUN_BRONZE scheduled__2024-10-16T06:00:00+00:00 [running]> on host f285080d593b
[2024-10-17T23:08:28.740+0000] {taskinstance.py:3131} INFO - Exporting env vars: AIRFLOW_CTX_DAG_EMAIL='guilhermeavila.orlando@gmail.com' AIRFLOW_CTX_DAG_OWNER='Guilherme Orlando' AIRFLOW_CTX_DAG_ID='ETL_SCRIPT' AIRFLOW_CTX_TASK_ID='RUN_BRONZE' AIRFLOW_CTX_EXECUTION_DATE='2024-10-16T06:00:00+00:00' AIRFLOW_CTX_TRY_NUMBER='2' AIRFLOW_CTX_DAG_RUN_ID='scheduled__2024-10-16T06:00:00+00:00'
[2024-10-17T23:08:28.741+0000] {taskinstance.py:731} INFO - ::endgroup::
[2024-10-17T23:08:28.756+0000] {base.py:84} INFO - Retrieving connection 'databricks_default'
[2024-10-17T23:08:28.758+0000] {databricks_base.py:461} INFO - Using token auth. For security reasons, please set token in Password field instead of extra
[2024-10-17T23:08:29.355+0000] {databricks.py:66} INFO - Run submitted with run_id: 79947982045016
[2024-10-17T23:08:29.356+0000] {databricks_base.py:461} INFO - Using token auth. For security reasons, please set token in Password field instead of extra
[2024-10-17T23:08:29.455+0000] {databricks_base.py:461} INFO - Using token auth. For security reasons, please set token in Password field instead of extra
[2024-10-17T23:08:29.535+0000] {databricks.py:128} INFO - RUN_BRONZE in run state: {'life_cycle_state': 'PENDING', 'result_state': '', 'state_message': ''}
[2024-10-17T23:08:29.535+0000] {databricks.py:129} INFO - View run status, Spark UI, and logs at https://dbc-bc2bfcff-3ceb.cloud.databricks.com/?o=1271398189221813#job/841052761550985/run/79947982045016
[2024-10-17T23:08:29.535+0000] {databricks.py:130} INFO - Sleeping for 30 seconds.
[2024-10-17T23:08:53.843+0000] {local_task_job_runner.py:346} WARNING - State of this instance has been externally set to failed. Terminating instance.
[2024-10-17T23:08:53.843+0000] {local_task_job_runner.py:245} INFO - ::endgroup::
[2024-10-17T23:08:53.844+0000] {process_utils.py:132} INFO - Sending 15 to group 142. PIDs of all processes in the group: [142]
[2024-10-17T23:08:53.845+0000] {process_utils.py:87} INFO - Sending the signal 15 to group 142
[2024-10-17T23:08:53.845+0000] {taskinstance.py:3092} ERROR - Received SIGTERM. Terminating subprocesses.
[2024-10-17T23:08:53.846+0000] {databricks_base.py:461} INFO - Using token auth. For security reasons, please set token in Password field instead of extra
[2024-10-17T23:08:53.995+0000] {databricks.py:633} INFO - Task: RUN_BRONZE with run_id: 79947982045016 was requested to be cancelled.
[2024-10-17T23:08:54.006+0000] {taskinstance.py:340} INFO - ::group::Post task execution logs
[2024-10-17T23:08:54.017+0000] {process_utils.py:80} INFO - Process psutil.Process(pid=142, status='terminated', exitcode=0, started='23:08:28') (142) terminated with exit code 0
