[2024-10-17T23:23:43.857+0000] {local_task_job_runner.py:123} INFO - ::group::Pre task execution logs
[2024-10-17T23:23:43.868+0000] {taskinstance.py:2612} INFO - Dependencies all met for dep_context=non-requeueable deps ti=<TaskInstance: ETL_SCRIPT.RUN_SILVER manual__2024-10-17T23:23:10.576662+00:00 [queued]>
[2024-10-17T23:23:43.874+0000] {taskinstance.py:2612} INFO - Dependencies all met for dep_context=requeueable deps ti=<TaskInstance: ETL_SCRIPT.RUN_SILVER manual__2024-10-17T23:23:10.576662+00:00 [queued]>
[2024-10-17T23:23:43.874+0000] {taskinstance.py:2865} INFO - Starting attempt 1 of 2
[2024-10-17T23:23:43.884+0000] {taskinstance.py:2888} INFO - Executing <Task(DatabricksSubmitRunOperator): RUN_SILVER> on 2024-10-17 23:23:10.576662+00:00
[2024-10-17T23:23:43.889+0000] {warnings.py:112} WARNING - /home/***/.local/lib/python3.12/site-packages/***/task/task_runner/standard_task_runner.py:70: DeprecationWarning: This process (pid=375) is multi-threaded, use of fork() may lead to deadlocks in the child.
  pid = os.fork()

[2024-10-17T23:23:43.890+0000] {standard_task_runner.py:72} INFO - Started process 376 to run task
[2024-10-17T23:23:43.890+0000] {standard_task_runner.py:104} INFO - Running: ['***', 'tasks', 'run', 'ETL_SCRIPT', 'RUN_SILVER', 'manual__2024-10-17T23:23:10.576662+00:00', '--job-id', '23', '--raw', '--subdir', 'DAGS_FOLDER/dag_file.py', '--cfg-path', '/tmp/tmpvgv5g0kn']
[2024-10-17T23:23:43.891+0000] {standard_task_runner.py:105} INFO - Job 23: Subtask RUN_SILVER
[2024-10-17T23:23:43.917+0000] {task_command.py:467} INFO - Running <TaskInstance: ETL_SCRIPT.RUN_SILVER manual__2024-10-17T23:23:10.576662+00:00 [running]> on host f285080d593b
[2024-10-17T23:23:43.972+0000] {taskinstance.py:3131} INFO - Exporting env vars: AIRFLOW_CTX_DAG_EMAIL='guilhermeavila.orlando@gmail.com' AIRFLOW_CTX_DAG_OWNER='Guilherme Orlando' AIRFLOW_CTX_DAG_ID='ETL_SCRIPT' AIRFLOW_CTX_TASK_ID='RUN_SILVER' AIRFLOW_CTX_EXECUTION_DATE='2024-10-17T23:23:10.576662+00:00' AIRFLOW_CTX_TRY_NUMBER='1' AIRFLOW_CTX_DAG_RUN_ID='manual__2024-10-17T23:23:10.576662+00:00'
[2024-10-17T23:23:43.973+0000] {taskinstance.py:731} INFO - ::endgroup::
[2024-10-17T23:23:43.989+0000] {base.py:84} INFO - Retrieving connection 'databricks_default'
[2024-10-17T23:23:43.990+0000] {databricks_base.py:461} INFO - Using token auth. For security reasons, please set token in Password field instead of extra
[2024-10-17T23:23:44.628+0000] {databricks.py:66} INFO - Run submitted with run_id: 420279811127008
[2024-10-17T23:23:44.629+0000] {databricks_base.py:461} INFO - Using token auth. For security reasons, please set token in Password field instead of extra
[2024-10-17T23:23:44.729+0000] {databricks_base.py:461} INFO - Using token auth. For security reasons, please set token in Password field instead of extra
[2024-10-17T23:23:44.825+0000] {databricks.py:128} INFO - RUN_SILVER in run state: {'life_cycle_state': 'PENDING', 'result_state': '', 'state_message': ''}
[2024-10-17T23:23:44.826+0000] {databricks.py:129} INFO - View run status, Spark UI, and logs at https://dbc-bc2bfcff-3ceb.cloud.databricks.com/?o=1271398189221813#job/220121285770041/run/420279811127008
[2024-10-17T23:23:44.826+0000] {databricks.py:130} INFO - Sleeping for 30 seconds.
[2024-10-17T23:24:14.825+0000] {databricks_base.py:461} INFO - Using token auth. For security reasons, please set token in Password field instead of extra
[2024-10-17T23:24:14.921+0000] {databricks.py:77} INFO - RUN_SILVER completed successfully.
[2024-10-17T23:24:14.921+0000] {databricks.py:78} INFO - View run status, Spark UI, and logs at https://dbc-bc2bfcff-3ceb.cloud.databricks.com/?o=1271398189221813#job/220121285770041/run/420279811127008
[2024-10-17T23:24:14.929+0000] {taskinstance.py:340} INFO - ::group::Post task execution logs
[2024-10-17T23:24:14.929+0000] {taskinstance.py:352} INFO - Marking task as SUCCESS. dag_id=ETL_SCRIPT, task_id=RUN_SILVER, run_id=manual__2024-10-17T23:23:10.576662+00:00, execution_date=20241017T232310, start_date=20241017T232343, end_date=20241017T232414
[2024-10-17T23:24:14.971+0000] {local_task_job_runner.py:266} INFO - Task exited with return code 0
[2024-10-17T23:24:14.988+0000] {taskinstance.py:3900} INFO - 1 downstream tasks scheduled from follow-on schedule check
[2024-10-17T23:24:14.989+0000] {local_task_job_runner.py:245} INFO - ::endgroup::
