[2024-10-17T22:48:30.422+0000] {processor.py:186} INFO - Started process (PID=72) to work on /home/airflow/.local/lib/python3.12/site-packages/airflow/example_dags/example_branch_operator_decorator.py
[2024-10-17T22:48:30.422+0000] {processor.py:914} INFO - Processing file /home/airflow/.local/lib/python3.12/site-packages/airflow/example_dags/example_branch_operator_decorator.py for tasks to queue
[2024-10-17T22:48:30.424+0000] {logging_mixin.py:190} INFO - [2024-10-17T22:48:30.424+0000] {dagbag.py:588} INFO - Filling up the DagBag from /home/airflow/.local/lib/python3.12/site-packages/airflow/example_dags/example_branch_operator_decorator.py
[2024-10-17T22:48:30.439+0000] {processor.py:925} INFO - DAG(s) 'example_branch_python_operator_decorator' retrieved from /home/airflow/.local/lib/python3.12/site-packages/airflow/example_dags/example_branch_operator_decorator.py
[2024-10-17T22:48:30.520+0000] {logging_mixin.py:190} INFO - [2024-10-17T22:48:30.520+0000] {override.py:1900} INFO - Created Permission View: can edit on DAG:example_branch_python_operator_decorator
[2024-10-17T22:48:30.527+0000] {logging_mixin.py:190} INFO - [2024-10-17T22:48:30.526+0000] {override.py:1900} INFO - Created Permission View: can delete on DAG:example_branch_python_operator_decorator
[2024-10-17T22:48:30.531+0000] {logging_mixin.py:190} INFO - [2024-10-17T22:48:30.531+0000] {override.py:1900} INFO - Created Permission View: can read on DAG:example_branch_python_operator_decorator
[2024-10-17T22:48:30.536+0000] {logging_mixin.py:190} INFO - [2024-10-17T22:48:30.536+0000] {override.py:1900} INFO - Created Permission View: menu access on DAG Run:example_branch_python_operator_decorator
[2024-10-17T22:48:30.540+0000] {logging_mixin.py:190} INFO - [2024-10-17T22:48:30.540+0000] {override.py:1900} INFO - Created Permission View: can create on DAG Run:example_branch_python_operator_decorator
[2024-10-17T22:48:30.544+0000] {logging_mixin.py:190} INFO - [2024-10-17T22:48:30.544+0000] {override.py:1900} INFO - Created Permission View: can delete on DAG Run:example_branch_python_operator_decorator
[2024-10-17T22:48:30.548+0000] {logging_mixin.py:190} INFO - [2024-10-17T22:48:30.548+0000] {override.py:1900} INFO - Created Permission View: can read on DAG Run:example_branch_python_operator_decorator
[2024-10-17T22:48:30.549+0000] {logging_mixin.py:190} INFO - [2024-10-17T22:48:30.549+0000] {dag.py:3239} INFO - Sync 1 DAGs
[2024-10-17T22:48:30.558+0000] {logging_mixin.py:190} INFO - [2024-10-17T22:48:30.558+0000] {dag.py:3262} INFO - Creating ORM DAG for example_branch_python_operator_decorator
[2024-10-17T22:48:30.565+0000] {logging_mixin.py:190} INFO - [2024-10-17T22:48:30.565+0000] {dag.py:4180} INFO - Setting next_dagrun for example_branch_python_operator_decorator to 2024-10-16 00:00:00+00:00, run_after=2024-10-17 00:00:00+00:00
[2024-10-17T22:48:30.577+0000] {processor.py:208} INFO - Processing /home/airflow/.local/lib/python3.12/site-packages/airflow/example_dags/example_branch_operator_decorator.py took 0.158 seconds
[2024-10-17T22:49:00.867+0000] {processor.py:186} INFO - Started process (PID=134) to work on /home/airflow/.local/lib/python3.12/site-packages/airflow/example_dags/example_branch_operator_decorator.py
[2024-10-17T22:49:00.868+0000] {processor.py:914} INFO - Processing file /home/airflow/.local/lib/python3.12/site-packages/airflow/example_dags/example_branch_operator_decorator.py for tasks to queue
[2024-10-17T22:49:00.869+0000] {logging_mixin.py:190} INFO - [2024-10-17T22:49:00.869+0000] {dagbag.py:588} INFO - Filling up the DagBag from /home/airflow/.local/lib/python3.12/site-packages/airflow/example_dags/example_branch_operator_decorator.py
[2024-10-17T22:49:00.883+0000] {processor.py:925} INFO - DAG(s) 'example_branch_python_operator_decorator' retrieved from /home/airflow/.local/lib/python3.12/site-packages/airflow/example_dags/example_branch_operator_decorator.py
[2024-10-17T22:49:00.902+0000] {logging_mixin.py:190} INFO - [2024-10-17T22:49:00.902+0000] {dag.py:3239} INFO - Sync 1 DAGs
[2024-10-17T22:49:00.919+0000] {logging_mixin.py:190} INFO - [2024-10-17T22:49:00.919+0000] {dag.py:4180} INFO - Setting next_dagrun for example_branch_python_operator_decorator to 2024-10-16 00:00:00+00:00, run_after=2024-10-17 00:00:00+00:00
[2024-10-17T22:49:00.931+0000] {processor.py:208} INFO - Processing /home/airflow/.local/lib/python3.12/site-packages/airflow/example_dags/example_branch_operator_decorator.py took 0.067 seconds
[2024-10-17T22:49:31.651+0000] {processor.py:186} INFO - Started process (PID=196) to work on /home/airflow/.local/lib/python3.12/site-packages/airflow/example_dags/example_branch_operator_decorator.py
[2024-10-17T22:49:31.651+0000] {processor.py:914} INFO - Processing file /home/airflow/.local/lib/python3.12/site-packages/airflow/example_dags/example_branch_operator_decorator.py for tasks to queue
[2024-10-17T22:49:31.653+0000] {logging_mixin.py:190} INFO - [2024-10-17T22:49:31.653+0000] {dagbag.py:588} INFO - Filling up the DagBag from /home/airflow/.local/lib/python3.12/site-packages/airflow/example_dags/example_branch_operator_decorator.py
[2024-10-17T22:49:31.667+0000] {processor.py:925} INFO - DAG(s) 'example_branch_python_operator_decorator' retrieved from /home/airflow/.local/lib/python3.12/site-packages/airflow/example_dags/example_branch_operator_decorator.py
[2024-10-17T22:49:31.685+0000] {logging_mixin.py:190} INFO - [2024-10-17T22:49:31.685+0000] {dag.py:3239} INFO - Sync 1 DAGs
[2024-10-17T22:49:31.702+0000] {logging_mixin.py:190} INFO - [2024-10-17T22:49:31.702+0000] {dag.py:4180} INFO - Setting next_dagrun for example_branch_python_operator_decorator to 2024-10-16 00:00:00+00:00, run_after=2024-10-17 00:00:00+00:00
[2024-10-17T22:49:31.713+0000] {processor.py:208} INFO - Processing /home/airflow/.local/lib/python3.12/site-packages/airflow/example_dags/example_branch_operator_decorator.py took 0.066 seconds
[2024-10-17T22:50:02.192+0000] {processor.py:186} INFO - Started process (PID=258) to work on /home/airflow/.local/lib/python3.12/site-packages/airflow/example_dags/example_branch_operator_decorator.py
[2024-10-17T22:50:02.192+0000] {processor.py:914} INFO - Processing file /home/airflow/.local/lib/python3.12/site-packages/airflow/example_dags/example_branch_operator_decorator.py for tasks to queue
[2024-10-17T22:50:02.194+0000] {logging_mixin.py:190} INFO - [2024-10-17T22:50:02.194+0000] {dagbag.py:588} INFO - Filling up the DagBag from /home/airflow/.local/lib/python3.12/site-packages/airflow/example_dags/example_branch_operator_decorator.py
[2024-10-17T22:50:02.208+0000] {processor.py:925} INFO - DAG(s) 'example_branch_python_operator_decorator' retrieved from /home/airflow/.local/lib/python3.12/site-packages/airflow/example_dags/example_branch_operator_decorator.py
[2024-10-17T22:50:02.227+0000] {logging_mixin.py:190} INFO - [2024-10-17T22:50:02.227+0000] {dag.py:3239} INFO - Sync 1 DAGs
[2024-10-17T22:50:02.243+0000] {logging_mixin.py:190} INFO - [2024-10-17T22:50:02.243+0000] {dag.py:4180} INFO - Setting next_dagrun for example_branch_python_operator_decorator to 2024-10-16 00:00:00+00:00, run_after=2024-10-17 00:00:00+00:00
[2024-10-17T22:50:02.254+0000] {processor.py:208} INFO - Processing /home/airflow/.local/lib/python3.12/site-packages/airflow/example_dags/example_branch_operator_decorator.py took 0.067 seconds
