[2024-10-17T22:48:33.946+0000] {processor.py:186} INFO - Started process (PID=114) to work on /home/airflow/.local/lib/python3.12/site-packages/airflow/example_dags/example_branch_operator.py
[2024-10-17T22:48:33.947+0000] {processor.py:914} INFO - Processing file /home/airflow/.local/lib/python3.12/site-packages/airflow/example_dags/example_branch_operator.py for tasks to queue
[2024-10-17T22:48:33.948+0000] {logging_mixin.py:190} INFO - [2024-10-17T22:48:33.948+0000] {dagbag.py:588} INFO - Filling up the DagBag from /home/airflow/.local/lib/python3.12/site-packages/airflow/example_dags/example_branch_operator.py
[2024-10-17T22:48:33.961+0000] {processor.py:925} INFO - DAG(s) 'example_branch_operator' retrieved from /home/airflow/.local/lib/python3.12/site-packages/airflow/example_dags/example_branch_operator.py
[2024-10-17T22:48:34.038+0000] {logging_mixin.py:190} INFO - [2024-10-17T22:48:34.038+0000] {override.py:1900} INFO - Created Permission View: can edit on DAG:example_branch_operator
[2024-10-17T22:48:34.045+0000] {logging_mixin.py:190} INFO - [2024-10-17T22:48:34.045+0000] {override.py:1900} INFO - Created Permission View: can delete on DAG:example_branch_operator
[2024-10-17T22:48:34.049+0000] {logging_mixin.py:190} INFO - [2024-10-17T22:48:34.049+0000] {override.py:1900} INFO - Created Permission View: can read on DAG:example_branch_operator
[2024-10-17T22:48:34.054+0000] {logging_mixin.py:190} INFO - [2024-10-17T22:48:34.054+0000] {override.py:1900} INFO - Created Permission View: menu access on DAG Run:example_branch_operator
[2024-10-17T22:48:34.059+0000] {logging_mixin.py:190} INFO - [2024-10-17T22:48:34.059+0000] {override.py:1900} INFO - Created Permission View: can create on DAG Run:example_branch_operator
[2024-10-17T22:48:34.063+0000] {logging_mixin.py:190} INFO - [2024-10-17T22:48:34.063+0000] {override.py:1900} INFO - Created Permission View: can delete on DAG Run:example_branch_operator
[2024-10-17T22:48:34.067+0000] {logging_mixin.py:190} INFO - [2024-10-17T22:48:34.067+0000] {override.py:1900} INFO - Created Permission View: can read on DAG Run:example_branch_operator
[2024-10-17T22:48:34.068+0000] {logging_mixin.py:190} INFO - [2024-10-17T22:48:34.068+0000] {dag.py:3239} INFO - Sync 1 DAGs
[2024-10-17T22:48:34.076+0000] {logging_mixin.py:190} INFO - [2024-10-17T22:48:34.076+0000] {dag.py:3262} INFO - Creating ORM DAG for example_branch_operator
[2024-10-17T22:48:34.084+0000] {logging_mixin.py:190} INFO - [2024-10-17T22:48:34.084+0000] {dag.py:4180} INFO - Setting next_dagrun for example_branch_operator to 2024-10-16 00:00:00+00:00, run_after=2024-10-17 00:00:00+00:00
[2024-10-17T22:48:34.095+0000] {processor.py:208} INFO - Processing /home/airflow/.local/lib/python3.12/site-packages/airflow/example_dags/example_branch_operator.py took 0.152 seconds
[2024-10-17T22:49:04.767+0000] {processor.py:186} INFO - Started process (PID=176) to work on /home/airflow/.local/lib/python3.12/site-packages/airflow/example_dags/example_branch_operator.py
[2024-10-17T22:49:04.767+0000] {processor.py:914} INFO - Processing file /home/airflow/.local/lib/python3.12/site-packages/airflow/example_dags/example_branch_operator.py for tasks to queue
[2024-10-17T22:49:04.769+0000] {logging_mixin.py:190} INFO - [2024-10-17T22:49:04.768+0000] {dagbag.py:588} INFO - Filling up the DagBag from /home/airflow/.local/lib/python3.12/site-packages/airflow/example_dags/example_branch_operator.py
[2024-10-17T22:49:04.780+0000] {processor.py:925} INFO - DAG(s) 'example_branch_operator' retrieved from /home/airflow/.local/lib/python3.12/site-packages/airflow/example_dags/example_branch_operator.py
[2024-10-17T22:49:04.799+0000] {logging_mixin.py:190} INFO - [2024-10-17T22:49:04.799+0000] {dag.py:3239} INFO - Sync 1 DAGs
[2024-10-17T22:49:04.816+0000] {logging_mixin.py:190} INFO - [2024-10-17T22:49:04.816+0000] {dag.py:4180} INFO - Setting next_dagrun for example_branch_operator to 2024-10-16 00:00:00+00:00, run_after=2024-10-17 00:00:00+00:00
[2024-10-17T22:49:04.827+0000] {processor.py:208} INFO - Processing /home/airflow/.local/lib/python3.12/site-packages/airflow/example_dags/example_branch_operator.py took 0.064 seconds
[2024-10-17T22:49:35.323+0000] {processor.py:186} INFO - Started process (PID=238) to work on /home/airflow/.local/lib/python3.12/site-packages/airflow/example_dags/example_branch_operator.py
[2024-10-17T22:49:35.323+0000] {processor.py:914} INFO - Processing file /home/airflow/.local/lib/python3.12/site-packages/airflow/example_dags/example_branch_operator.py for tasks to queue
[2024-10-17T22:49:35.325+0000] {logging_mixin.py:190} INFO - [2024-10-17T22:49:35.324+0000] {dagbag.py:588} INFO - Filling up the DagBag from /home/airflow/.local/lib/python3.12/site-packages/airflow/example_dags/example_branch_operator.py
[2024-10-17T22:49:35.336+0000] {processor.py:925} INFO - DAG(s) 'example_branch_operator' retrieved from /home/airflow/.local/lib/python3.12/site-packages/airflow/example_dags/example_branch_operator.py
[2024-10-17T22:49:35.355+0000] {logging_mixin.py:190} INFO - [2024-10-17T22:49:35.355+0000] {dag.py:3239} INFO - Sync 1 DAGs
[2024-10-17T22:49:35.372+0000] {logging_mixin.py:190} INFO - [2024-10-17T22:49:35.371+0000] {dag.py:4180} INFO - Setting next_dagrun for example_branch_operator to 2024-10-16 00:00:00+00:00, run_after=2024-10-17 00:00:00+00:00
[2024-10-17T22:49:35.383+0000] {processor.py:208} INFO - Processing /home/airflow/.local/lib/python3.12/site-packages/airflow/example_dags/example_branch_operator.py took 0.064 seconds
[2024-10-17T22:50:05.899+0000] {processor.py:186} INFO - Started process (PID=300) to work on /home/airflow/.local/lib/python3.12/site-packages/airflow/example_dags/example_branch_operator.py
[2024-10-17T22:50:05.900+0000] {processor.py:914} INFO - Processing file /home/airflow/.local/lib/python3.12/site-packages/airflow/example_dags/example_branch_operator.py for tasks to queue
[2024-10-17T22:50:05.901+0000] {logging_mixin.py:190} INFO - [2024-10-17T22:50:05.901+0000] {dagbag.py:588} INFO - Filling up the DagBag from /home/airflow/.local/lib/python3.12/site-packages/airflow/example_dags/example_branch_operator.py
[2024-10-17T22:50:05.913+0000] {processor.py:925} INFO - DAG(s) 'example_branch_operator' retrieved from /home/airflow/.local/lib/python3.12/site-packages/airflow/example_dags/example_branch_operator.py
[2024-10-17T22:50:05.933+0000] {logging_mixin.py:190} INFO - [2024-10-17T22:50:05.933+0000] {dag.py:3239} INFO - Sync 1 DAGs
[2024-10-17T22:50:05.950+0000] {logging_mixin.py:190} INFO - [2024-10-17T22:50:05.950+0000] {dag.py:4180} INFO - Setting next_dagrun for example_branch_operator to 2024-10-16 00:00:00+00:00, run_after=2024-10-17 00:00:00+00:00
[2024-10-17T22:50:05.961+0000] {processor.py:208} INFO - Processing /home/airflow/.local/lib/python3.12/site-packages/airflow/example_dags/example_branch_operator.py took 0.066 seconds
