[2024-10-17T22:48:31.382+0000] {processor.py:186} INFO - Started process (PID=81) to work on /home/airflow/.local/lib/python3.12/site-packages/airflow/example_dags/example_branch_python_dop_operator_3.py
[2024-10-17T22:48:31.383+0000] {processor.py:914} INFO - Processing file /home/airflow/.local/lib/python3.12/site-packages/airflow/example_dags/example_branch_python_dop_operator_3.py for tasks to queue
[2024-10-17T22:48:31.384+0000] {logging_mixin.py:190} INFO - [2024-10-17T22:48:31.384+0000] {dagbag.py:588} INFO - Filling up the DagBag from /home/airflow/.local/lib/python3.12/site-packages/airflow/example_dags/example_branch_python_dop_operator_3.py
[2024-10-17T22:48:31.391+0000] {processor.py:925} INFO - DAG(s) 'example_branch_dop_operator_v3' retrieved from /home/airflow/.local/lib/python3.12/site-packages/airflow/example_dags/example_branch_python_dop_operator_3.py
[2024-10-17T22:48:31.461+0000] {logging_mixin.py:190} INFO - [2024-10-17T22:48:31.460+0000] {override.py:1900} INFO - Created Permission View: can edit on DAG:example_branch_dop_operator_v3
[2024-10-17T22:48:31.467+0000] {logging_mixin.py:190} INFO - [2024-10-17T22:48:31.467+0000] {override.py:1900} INFO - Created Permission View: can delete on DAG:example_branch_dop_operator_v3
[2024-10-17T22:48:31.471+0000] {logging_mixin.py:190} INFO - [2024-10-17T22:48:31.471+0000] {override.py:1900} INFO - Created Permission View: can read on DAG:example_branch_dop_operator_v3
[2024-10-17T22:48:31.476+0000] {logging_mixin.py:190} INFO - [2024-10-17T22:48:31.475+0000] {override.py:1900} INFO - Created Permission View: menu access on DAG Run:example_branch_dop_operator_v3
[2024-10-17T22:48:31.480+0000] {logging_mixin.py:190} INFO - [2024-10-17T22:48:31.479+0000] {override.py:1900} INFO - Created Permission View: can create on DAG Run:example_branch_dop_operator_v3
[2024-10-17T22:48:31.484+0000] {logging_mixin.py:190} INFO - [2024-10-17T22:48:31.484+0000] {override.py:1900} INFO - Created Permission View: can delete on DAG Run:example_branch_dop_operator_v3
[2024-10-17T22:48:31.488+0000] {logging_mixin.py:190} INFO - [2024-10-17T22:48:31.488+0000] {override.py:1900} INFO - Created Permission View: can read on DAG Run:example_branch_dop_operator_v3
[2024-10-17T22:48:31.488+0000] {logging_mixin.py:190} INFO - [2024-10-17T22:48:31.488+0000] {dag.py:3239} INFO - Sync 1 DAGs
[2024-10-17T22:48:31.499+0000] {logging_mixin.py:190} INFO - [2024-10-17T22:48:31.499+0000] {dag.py:3262} INFO - Creating ORM DAG for example_branch_dop_operator_v3
[2024-10-17T22:48:31.508+0000] {logging_mixin.py:190} INFO - [2024-10-17T22:48:31.508+0000] {dag.py:4180} INFO - Setting next_dagrun for example_branch_dop_operator_v3 to 2024-10-17 22:47:00+00:00, run_after=2024-10-17 22:48:00+00:00
[2024-10-17T22:48:31.519+0000] {processor.py:208} INFO - Processing /home/airflow/.local/lib/python3.12/site-packages/airflow/example_dags/example_branch_python_dop_operator_3.py took 0.140 seconds
[2024-10-17T22:49:02.319+0000] {processor.py:186} INFO - Started process (PID=143) to work on /home/airflow/.local/lib/python3.12/site-packages/airflow/example_dags/example_branch_python_dop_operator_3.py
[2024-10-17T22:49:02.320+0000] {processor.py:914} INFO - Processing file /home/airflow/.local/lib/python3.12/site-packages/airflow/example_dags/example_branch_python_dop_operator_3.py for tasks to queue
[2024-10-17T22:49:02.321+0000] {logging_mixin.py:190} INFO - [2024-10-17T22:49:02.321+0000] {dagbag.py:588} INFO - Filling up the DagBag from /home/airflow/.local/lib/python3.12/site-packages/airflow/example_dags/example_branch_python_dop_operator_3.py
[2024-10-17T22:49:02.327+0000] {processor.py:925} INFO - DAG(s) 'example_branch_dop_operator_v3' retrieved from /home/airflow/.local/lib/python3.12/site-packages/airflow/example_dags/example_branch_python_dop_operator_3.py
[2024-10-17T22:49:02.340+0000] {logging_mixin.py:190} INFO - [2024-10-17T22:49:02.340+0000] {dag.py:3239} INFO - Sync 1 DAGs
[2024-10-17T22:49:02.357+0000] {logging_mixin.py:190} INFO - [2024-10-17T22:49:02.357+0000] {dag.py:4180} INFO - Setting next_dagrun for example_branch_dop_operator_v3 to 2024-10-17 22:48:00+00:00, run_after=2024-10-17 22:49:00+00:00
[2024-10-17T22:49:02.369+0000] {processor.py:208} INFO - Processing /home/airflow/.local/lib/python3.12/site-packages/airflow/example_dags/example_branch_python_dop_operator_3.py took 0.053 seconds
[2024-10-17T22:49:33.022+0000] {processor.py:186} INFO - Started process (PID=205) to work on /home/airflow/.local/lib/python3.12/site-packages/airflow/example_dags/example_branch_python_dop_operator_3.py
[2024-10-17T22:49:33.023+0000] {processor.py:914} INFO - Processing file /home/airflow/.local/lib/python3.12/site-packages/airflow/example_dags/example_branch_python_dop_operator_3.py for tasks to queue
[2024-10-17T22:49:33.024+0000] {logging_mixin.py:190} INFO - [2024-10-17T22:49:33.024+0000] {dagbag.py:588} INFO - Filling up the DagBag from /home/airflow/.local/lib/python3.12/site-packages/airflow/example_dags/example_branch_python_dop_operator_3.py
[2024-10-17T22:49:33.031+0000] {processor.py:925} INFO - DAG(s) 'example_branch_dop_operator_v3' retrieved from /home/airflow/.local/lib/python3.12/site-packages/airflow/example_dags/example_branch_python_dop_operator_3.py
[2024-10-17T22:49:33.043+0000] {logging_mixin.py:190} INFO - [2024-10-17T22:49:33.043+0000] {dag.py:3239} INFO - Sync 1 DAGs
[2024-10-17T22:49:33.060+0000] {logging_mixin.py:190} INFO - [2024-10-17T22:49:33.060+0000] {dag.py:4180} INFO - Setting next_dagrun for example_branch_dop_operator_v3 to 2024-10-17 22:48:00+00:00, run_after=2024-10-17 22:49:00+00:00
[2024-10-17T22:49:33.073+0000] {processor.py:208} INFO - Processing /home/airflow/.local/lib/python3.12/site-packages/airflow/example_dags/example_branch_python_dop_operator_3.py took 0.054 seconds
[2024-10-17T22:50:03.663+0000] {processor.py:186} INFO - Started process (PID=273) to work on /home/airflow/.local/lib/python3.12/site-packages/airflow/example_dags/example_branch_python_dop_operator_3.py
[2024-10-17T22:50:03.664+0000] {processor.py:914} INFO - Processing file /home/airflow/.local/lib/python3.12/site-packages/airflow/example_dags/example_branch_python_dop_operator_3.py for tasks to queue
[2024-10-17T22:50:03.665+0000] {logging_mixin.py:190} INFO - [2024-10-17T22:50:03.665+0000] {dagbag.py:588} INFO - Filling up the DagBag from /home/airflow/.local/lib/python3.12/site-packages/airflow/example_dags/example_branch_python_dop_operator_3.py
[2024-10-17T22:50:03.671+0000] {processor.py:925} INFO - DAG(s) 'example_branch_dop_operator_v3' retrieved from /home/airflow/.local/lib/python3.12/site-packages/airflow/example_dags/example_branch_python_dop_operator_3.py
[2024-10-17T22:50:03.684+0000] {logging_mixin.py:190} INFO - [2024-10-17T22:50:03.684+0000] {dag.py:3239} INFO - Sync 1 DAGs
[2024-10-17T22:50:03.702+0000] {logging_mixin.py:190} INFO - [2024-10-17T22:50:03.702+0000] {dag.py:4180} INFO - Setting next_dagrun for example_branch_dop_operator_v3 to 2024-10-17 22:49:00+00:00, run_after=2024-10-17 22:50:00+00:00
[2024-10-17T22:50:03.713+0000] {processor.py:208} INFO - Processing /home/airflow/.local/lib/python3.12/site-packages/airflow/example_dags/example_branch_python_dop_operator_3.py took 0.053 seconds
