[2024-10-17T22:48:29.218+0000] {processor.py:186} INFO - Started process (PID=61) to work on /home/airflow/.local/lib/python3.12/site-packages/airflow/example_dags/example_branch_day_of_week_operator.py
[2024-10-17T22:48:29.218+0000] {processor.py:914} INFO - Processing file /home/airflow/.local/lib/python3.12/site-packages/airflow/example_dags/example_branch_day_of_week_operator.py for tasks to queue
[2024-10-17T22:48:29.220+0000] {logging_mixin.py:190} INFO - [2024-10-17T22:48:29.220+0000] {dagbag.py:588} INFO - Filling up the DagBag from /home/airflow/.local/lib/python3.12/site-packages/airflow/example_dags/example_branch_day_of_week_operator.py
[2024-10-17T22:48:29.226+0000] {processor.py:925} INFO - DAG(s) 'example_weekday_branch_operator' retrieved from /home/airflow/.local/lib/python3.12/site-packages/airflow/example_dags/example_branch_day_of_week_operator.py
[2024-10-17T22:48:29.299+0000] {logging_mixin.py:190} INFO - [2024-10-17T22:48:29.299+0000] {override.py:1900} INFO - Created Permission View: can edit on DAG:example_weekday_branch_operator
[2024-10-17T22:48:29.306+0000] {logging_mixin.py:190} INFO - [2024-10-17T22:48:29.306+0000] {override.py:1900} INFO - Created Permission View: can delete on DAG:example_weekday_branch_operator
[2024-10-17T22:48:29.310+0000] {logging_mixin.py:190} INFO - [2024-10-17T22:48:29.310+0000] {override.py:1900} INFO - Created Permission View: can read on DAG:example_weekday_branch_operator
[2024-10-17T22:48:29.315+0000] {logging_mixin.py:190} INFO - [2024-10-17T22:48:29.314+0000] {override.py:1900} INFO - Created Permission View: menu access on DAG Run:example_weekday_branch_operator
[2024-10-17T22:48:29.319+0000] {logging_mixin.py:190} INFO - [2024-10-17T22:48:29.319+0000] {override.py:1900} INFO - Created Permission View: can create on DAG Run:example_weekday_branch_operator
[2024-10-17T22:48:29.323+0000] {logging_mixin.py:190} INFO - [2024-10-17T22:48:29.323+0000] {override.py:1900} INFO - Created Permission View: can delete on DAG Run:example_weekday_branch_operator
[2024-10-17T22:48:29.327+0000] {logging_mixin.py:190} INFO - [2024-10-17T22:48:29.327+0000] {override.py:1900} INFO - Created Permission View: can read on DAG Run:example_weekday_branch_operator
[2024-10-17T22:48:29.328+0000] {logging_mixin.py:190} INFO - [2024-10-17T22:48:29.327+0000] {dag.py:3239} INFO - Sync 1 DAGs
[2024-10-17T22:48:29.336+0000] {logging_mixin.py:190} INFO - [2024-10-17T22:48:29.336+0000] {dag.py:3262} INFO - Creating ORM DAG for example_weekday_branch_operator
[2024-10-17T22:48:29.343+0000] {logging_mixin.py:190} INFO - [2024-10-17T22:48:29.343+0000] {dag.py:4180} INFO - Setting next_dagrun for example_weekday_branch_operator to 2024-10-16 00:00:00+00:00, run_after=2024-10-17 00:00:00+00:00
[2024-10-17T22:48:29.353+0000] {processor.py:208} INFO - Processing /home/airflow/.local/lib/python3.12/site-packages/airflow/example_dags/example_branch_day_of_week_operator.py took 0.139 seconds
[2024-10-17T22:48:59.400+0000] {processor.py:186} INFO - Started process (PID=123) to work on /home/airflow/.local/lib/python3.12/site-packages/airflow/example_dags/example_branch_day_of_week_operator.py
[2024-10-17T22:48:59.401+0000] {processor.py:914} INFO - Processing file /home/airflow/.local/lib/python3.12/site-packages/airflow/example_dags/example_branch_day_of_week_operator.py for tasks to queue
[2024-10-17T22:48:59.402+0000] {logging_mixin.py:190} INFO - [2024-10-17T22:48:59.402+0000] {dagbag.py:588} INFO - Filling up the DagBag from /home/airflow/.local/lib/python3.12/site-packages/airflow/example_dags/example_branch_day_of_week_operator.py
[2024-10-17T22:48:59.408+0000] {processor.py:925} INFO - DAG(s) 'example_weekday_branch_operator' retrieved from /home/airflow/.local/lib/python3.12/site-packages/airflow/example_dags/example_branch_day_of_week_operator.py
[2024-10-17T22:48:59.422+0000] {logging_mixin.py:190} INFO - [2024-10-17T22:48:59.422+0000] {dag.py:3239} INFO - Sync 1 DAGs
[2024-10-17T22:48:59.438+0000] {logging_mixin.py:190} INFO - [2024-10-17T22:48:59.438+0000] {dag.py:4180} INFO - Setting next_dagrun for example_weekday_branch_operator to 2024-10-16 00:00:00+00:00, run_after=2024-10-17 00:00:00+00:00
[2024-10-17T22:48:59.454+0000] {processor.py:208} INFO - Processing /home/airflow/.local/lib/python3.12/site-packages/airflow/example_dags/example_branch_day_of_week_operator.py took 0.056 seconds
[2024-10-17T22:49:30.118+0000] {processor.py:186} INFO - Started process (PID=185) to work on /home/airflow/.local/lib/python3.12/site-packages/airflow/example_dags/example_branch_day_of_week_operator.py
[2024-10-17T22:49:30.118+0000] {processor.py:914} INFO - Processing file /home/airflow/.local/lib/python3.12/site-packages/airflow/example_dags/example_branch_day_of_week_operator.py for tasks to queue
[2024-10-17T22:49:30.120+0000] {logging_mixin.py:190} INFO - [2024-10-17T22:49:30.120+0000] {dagbag.py:588} INFO - Filling up the DagBag from /home/airflow/.local/lib/python3.12/site-packages/airflow/example_dags/example_branch_day_of_week_operator.py
[2024-10-17T22:49:30.126+0000] {processor.py:925} INFO - DAG(s) 'example_weekday_branch_operator' retrieved from /home/airflow/.local/lib/python3.12/site-packages/airflow/example_dags/example_branch_day_of_week_operator.py
[2024-10-17T22:49:30.139+0000] {logging_mixin.py:190} INFO - [2024-10-17T22:49:30.139+0000] {dag.py:3239} INFO - Sync 1 DAGs
[2024-10-17T22:49:30.155+0000] {logging_mixin.py:190} INFO - [2024-10-17T22:49:30.155+0000] {dag.py:4180} INFO - Setting next_dagrun for example_weekday_branch_operator to 2024-10-16 00:00:00+00:00, run_after=2024-10-17 00:00:00+00:00
[2024-10-17T22:49:30.166+0000] {processor.py:208} INFO - Processing /home/airflow/.local/lib/python3.12/site-packages/airflow/example_dags/example_branch_day_of_week_operator.py took 0.052 seconds
[2024-10-17T22:50:00.662+0000] {processor.py:186} INFO - Started process (PID=247) to work on /home/airflow/.local/lib/python3.12/site-packages/airflow/example_dags/example_branch_day_of_week_operator.py
[2024-10-17T22:50:00.662+0000] {processor.py:914} INFO - Processing file /home/airflow/.local/lib/python3.12/site-packages/airflow/example_dags/example_branch_day_of_week_operator.py for tasks to queue
[2024-10-17T22:50:00.664+0000] {logging_mixin.py:190} INFO - [2024-10-17T22:50:00.664+0000] {dagbag.py:588} INFO - Filling up the DagBag from /home/airflow/.local/lib/python3.12/site-packages/airflow/example_dags/example_branch_day_of_week_operator.py
[2024-10-17T22:50:00.670+0000] {processor.py:925} INFO - DAG(s) 'example_weekday_branch_operator' retrieved from /home/airflow/.local/lib/python3.12/site-packages/airflow/example_dags/example_branch_day_of_week_operator.py
[2024-10-17T22:50:00.683+0000] {logging_mixin.py:190} INFO - [2024-10-17T22:50:00.683+0000] {dag.py:3239} INFO - Sync 1 DAGs
[2024-10-17T22:50:00.699+0000] {logging_mixin.py:190} INFO - [2024-10-17T22:50:00.699+0000] {dag.py:4180} INFO - Setting next_dagrun for example_weekday_branch_operator to 2024-10-16 00:00:00+00:00, run_after=2024-10-17 00:00:00+00:00
[2024-10-17T22:50:00.711+0000] {processor.py:208} INFO - Processing /home/airflow/.local/lib/python3.12/site-packages/airflow/example_dags/example_branch_day_of_week_operator.py took 0.052 seconds
