[2024-10-17T22:48:33.637+0000] {processor.py:186} INFO - Started process (PID=112) to work on /home/airflow/.local/lib/python3.12/site-packages/airflow/example_dags/example_dataset_alias.py
[2024-10-17T22:48:33.637+0000] {processor.py:914} INFO - Processing file /home/airflow/.local/lib/python3.12/site-packages/airflow/example_dags/example_dataset_alias.py for tasks to queue
[2024-10-17T22:48:33.639+0000] {logging_mixin.py:190} INFO - [2024-10-17T22:48:33.639+0000] {dagbag.py:588} INFO - Filling up the DagBag from /home/airflow/.local/lib/python3.12/site-packages/airflow/example_dags/example_dataset_alias.py
[2024-10-17T22:48:33.746+0000] {processor.py:925} INFO - DAG(s) 'dataset_s3_bucket_producer', 'dataset_alias_example_alias_consumer', 'dataset_alias_example_alias_producer', 'dataset_s3_bucket_consumer' retrieved from /home/airflow/.local/lib/python3.12/site-packages/airflow/example_dags/example_dataset_alias.py
[2024-10-17T22:48:33.813+0000] {logging_mixin.py:190} INFO - [2024-10-17T22:48:33.812+0000] {override.py:1900} INFO - Created Permission View: can edit on DAG:dataset_s3_bucket_producer
[2024-10-17T22:48:33.819+0000] {logging_mixin.py:190} INFO - [2024-10-17T22:48:33.819+0000] {override.py:1900} INFO - Created Permission View: can delete on DAG:dataset_s3_bucket_producer
[2024-10-17T22:48:33.824+0000] {logging_mixin.py:190} INFO - [2024-10-17T22:48:33.824+0000] {override.py:1900} INFO - Created Permission View: can read on DAG:dataset_s3_bucket_producer
[2024-10-17T22:48:33.829+0000] {logging_mixin.py:190} INFO - [2024-10-17T22:48:33.828+0000] {override.py:1900} INFO - Created Permission View: menu access on DAG Run:dataset_s3_bucket_producer
[2024-10-17T22:48:33.833+0000] {logging_mixin.py:190} INFO - [2024-10-17T22:48:33.833+0000] {override.py:1900} INFO - Created Permission View: can create on DAG Run:dataset_s3_bucket_producer
[2024-10-17T22:48:33.837+0000] {logging_mixin.py:190} INFO - [2024-10-17T22:48:33.837+0000] {override.py:1900} INFO - Created Permission View: can delete on DAG Run:dataset_s3_bucket_producer
[2024-10-17T22:48:33.842+0000] {logging_mixin.py:190} INFO - [2024-10-17T22:48:33.842+0000] {override.py:1900} INFO - Created Permission View: can read on DAG Run:dataset_s3_bucket_producer
[2024-10-17T22:48:33.850+0000] {logging_mixin.py:190} INFO - [2024-10-17T22:48:33.850+0000] {override.py:1900} INFO - Created Permission View: can edit on DAG:dataset_alias_example_alias_consumer
[2024-10-17T22:48:33.855+0000] {logging_mixin.py:190} INFO - [2024-10-17T22:48:33.855+0000] {override.py:1900} INFO - Created Permission View: can delete on DAG:dataset_alias_example_alias_consumer
[2024-10-17T22:48:33.859+0000] {logging_mixin.py:190} INFO - [2024-10-17T22:48:33.859+0000] {override.py:1900} INFO - Created Permission View: can read on DAG:dataset_alias_example_alias_consumer
[2024-10-17T22:48:33.864+0000] {logging_mixin.py:190} INFO - [2024-10-17T22:48:33.864+0000] {override.py:1900} INFO - Created Permission View: menu access on DAG Run:dataset_alias_example_alias_consumer
[2024-10-17T22:48:33.868+0000] {logging_mixin.py:190} INFO - [2024-10-17T22:48:33.868+0000] {override.py:1900} INFO - Created Permission View: can create on DAG Run:dataset_alias_example_alias_consumer
[2024-10-17T22:48:33.873+0000] {logging_mixin.py:190} INFO - [2024-10-17T22:48:33.873+0000] {override.py:1900} INFO - Created Permission View: can delete on DAG Run:dataset_alias_example_alias_consumer
[2024-10-17T22:48:33.878+0000] {logging_mixin.py:190} INFO - [2024-10-17T22:48:33.877+0000] {override.py:1900} INFO - Created Permission View: can read on DAG Run:dataset_alias_example_alias_consumer
[2024-10-17T22:48:33.887+0000] {logging_mixin.py:190} INFO - [2024-10-17T22:48:33.887+0000] {override.py:1900} INFO - Created Permission View: can edit on DAG:dataset_alias_example_alias_producer
[2024-10-17T22:48:33.891+0000] {logging_mixin.py:190} INFO - [2024-10-17T22:48:33.891+0000] {override.py:1900} INFO - Created Permission View: can delete on DAG:dataset_alias_example_alias_producer
[2024-10-17T22:48:33.896+0000] {logging_mixin.py:190} INFO - [2024-10-17T22:48:33.896+0000] {override.py:1900} INFO - Created Permission View: can read on DAG:dataset_alias_example_alias_producer
[2024-10-17T22:48:33.901+0000] {logging_mixin.py:190} INFO - [2024-10-17T22:48:33.900+0000] {override.py:1900} INFO - Created Permission View: menu access on DAG Run:dataset_alias_example_alias_producer
[2024-10-17T22:48:33.905+0000] {logging_mixin.py:190} INFO - [2024-10-17T22:48:33.905+0000] {override.py:1900} INFO - Created Permission View: can create on DAG Run:dataset_alias_example_alias_producer
[2024-10-17T22:48:33.909+0000] {logging_mixin.py:190} INFO - [2024-10-17T22:48:33.909+0000] {override.py:1900} INFO - Created Permission View: can delete on DAG Run:dataset_alias_example_alias_producer
[2024-10-17T22:48:33.913+0000] {logging_mixin.py:190} INFO - [2024-10-17T22:48:33.913+0000] {override.py:1900} INFO - Created Permission View: can read on DAG Run:dataset_alias_example_alias_producer
[2024-10-17T22:48:33.921+0000] {logging_mixin.py:190} INFO - [2024-10-17T22:48:33.921+0000] {override.py:1900} INFO - Created Permission View: can edit on DAG:dataset_s3_bucket_consumer
[2024-10-17T22:48:33.925+0000] {logging_mixin.py:190} INFO - [2024-10-17T22:48:33.925+0000] {override.py:1900} INFO - Created Permission View: can delete on DAG:dataset_s3_bucket_consumer
[2024-10-17T22:48:33.930+0000] {logging_mixin.py:190} INFO - [2024-10-17T22:48:33.929+0000] {override.py:1900} INFO - Created Permission View: can read on DAG:dataset_s3_bucket_consumer
[2024-10-17T22:48:33.934+0000] {logging_mixin.py:190} INFO - [2024-10-17T22:48:33.934+0000] {override.py:1900} INFO - Created Permission View: menu access on DAG Run:dataset_s3_bucket_consumer
[2024-10-17T22:48:33.939+0000] {logging_mixin.py:190} INFO - [2024-10-17T22:48:33.939+0000] {override.py:1900} INFO - Created Permission View: can create on DAG Run:dataset_s3_bucket_consumer
[2024-10-17T22:48:33.943+0000] {logging_mixin.py:190} INFO - [2024-10-17T22:48:33.943+0000] {override.py:1900} INFO - Created Permission View: can delete on DAG Run:dataset_s3_bucket_consumer
[2024-10-17T22:48:33.947+0000] {logging_mixin.py:190} INFO - [2024-10-17T22:48:33.947+0000] {override.py:1900} INFO - Created Permission View: can read on DAG Run:dataset_s3_bucket_consumer
[2024-10-17T22:48:33.948+0000] {logging_mixin.py:190} INFO - [2024-10-17T22:48:33.948+0000] {dag.py:3239} INFO - Sync 4 DAGs
[2024-10-17T22:48:33.958+0000] {logging_mixin.py:190} INFO - [2024-10-17T22:48:33.958+0000] {dag.py:3262} INFO - Creating ORM DAG for dataset_s3_bucket_consumer
[2024-10-17T22:48:33.958+0000] {logging_mixin.py:190} INFO - [2024-10-17T22:48:33.958+0000] {dag.py:3262} INFO - Creating ORM DAG for dataset_alias_example_alias_producer
[2024-10-17T22:48:33.959+0000] {logging_mixin.py:190} INFO - [2024-10-17T22:48:33.959+0000] {dag.py:3262} INFO - Creating ORM DAG for dataset_alias_example_alias_consumer
[2024-10-17T22:48:33.960+0000] {logging_mixin.py:190} INFO - [2024-10-17T22:48:33.959+0000] {dag.py:3262} INFO - Creating ORM DAG for dataset_s3_bucket_producer
[2024-10-17T22:48:33.965+0000] {logging_mixin.py:190} INFO - [2024-10-17T22:48:33.965+0000] {dag.py:4180} INFO - Setting next_dagrun for dataset_alias_example_alias_consumer to None, run_after=None
[2024-10-17T22:48:33.966+0000] {logging_mixin.py:190} INFO - [2024-10-17T22:48:33.966+0000] {dag.py:4180} INFO - Setting next_dagrun for dataset_alias_example_alias_producer to None, run_after=None
[2024-10-17T22:48:33.967+0000] {logging_mixin.py:190} INFO - [2024-10-17T22:48:33.967+0000] {dag.py:4180} INFO - Setting next_dagrun for dataset_s3_bucket_consumer to None, run_after=None
[2024-10-17T22:48:33.967+0000] {logging_mixin.py:190} INFO - [2024-10-17T22:48:33.967+0000] {dag.py:4180} INFO - Setting next_dagrun for dataset_s3_bucket_producer to None, run_after=None
[2024-10-17T22:48:33.985+0000] {processor.py:208} INFO - Processing /home/airflow/.local/lib/python3.12/site-packages/airflow/example_dags/example_dataset_alias.py took 0.352 seconds
[2024-10-17T22:49:04.609+0000] {processor.py:186} INFO - Started process (PID=174) to work on /home/airflow/.local/lib/python3.12/site-packages/airflow/example_dags/example_dataset_alias.py
[2024-10-17T22:49:04.610+0000] {processor.py:914} INFO - Processing file /home/airflow/.local/lib/python3.12/site-packages/airflow/example_dags/example_dataset_alias.py for tasks to queue
[2024-10-17T22:49:04.611+0000] {logging_mixin.py:190} INFO - [2024-10-17T22:49:04.611+0000] {dagbag.py:588} INFO - Filling up the DagBag from /home/airflow/.local/lib/python3.12/site-packages/airflow/example_dags/example_dataset_alias.py
[2024-10-17T22:49:04.726+0000] {processor.py:925} INFO - DAG(s) 'dataset_alias_example_alias_producer', 'dataset_s3_bucket_consumer', 'dataset_s3_bucket_producer', 'dataset_alias_example_alias_consumer' retrieved from /home/airflow/.local/lib/python3.12/site-packages/airflow/example_dags/example_dataset_alias.py
[2024-10-17T22:49:04.741+0000] {logging_mixin.py:190} INFO - [2024-10-17T22:49:04.740+0000] {dag.py:3239} INFO - Sync 4 DAGs
[2024-10-17T22:49:04.757+0000] {logging_mixin.py:190} INFO - [2024-10-17T22:49:04.757+0000] {dag.py:4180} INFO - Setting next_dagrun for dataset_alias_example_alias_consumer to None, run_after=None
[2024-10-17T22:49:04.760+0000] {logging_mixin.py:190} INFO - [2024-10-17T22:49:04.760+0000] {dag.py:4180} INFO - Setting next_dagrun for dataset_alias_example_alias_producer to None, run_after=None
[2024-10-17T22:49:04.761+0000] {logging_mixin.py:190} INFO - [2024-10-17T22:49:04.761+0000] {dag.py:4180} INFO - Setting next_dagrun for dataset_s3_bucket_consumer to None, run_after=None
[2024-10-17T22:49:04.762+0000] {logging_mixin.py:190} INFO - [2024-10-17T22:49:04.762+0000] {dag.py:4180} INFO - Setting next_dagrun for dataset_s3_bucket_producer to None, run_after=None
[2024-10-17T22:49:04.777+0000] {processor.py:208} INFO - Processing /home/airflow/.local/lib/python3.12/site-packages/airflow/example_dags/example_dataset_alias.py took 0.171 seconds
[2024-10-17T22:49:35.170+0000] {processor.py:186} INFO - Started process (PID=236) to work on /home/airflow/.local/lib/python3.12/site-packages/airflow/example_dags/example_dataset_alias.py
[2024-10-17T22:49:35.170+0000] {processor.py:914} INFO - Processing file /home/airflow/.local/lib/python3.12/site-packages/airflow/example_dags/example_dataset_alias.py for tasks to queue
[2024-10-17T22:49:35.171+0000] {logging_mixin.py:190} INFO - [2024-10-17T22:49:35.171+0000] {dagbag.py:588} INFO - Filling up the DagBag from /home/airflow/.local/lib/python3.12/site-packages/airflow/example_dags/example_dataset_alias.py
[2024-10-17T22:49:35.277+0000] {processor.py:925} INFO - DAG(s) 'dataset_s3_bucket_consumer', 'dataset_s3_bucket_producer', 'dataset_alias_example_alias_producer', 'dataset_alias_example_alias_consumer' retrieved from /home/airflow/.local/lib/python3.12/site-packages/airflow/example_dags/example_dataset_alias.py
[2024-10-17T22:49:35.290+0000] {logging_mixin.py:190} INFO - [2024-10-17T22:49:35.290+0000] {dag.py:3239} INFO - Sync 4 DAGs
[2024-10-17T22:49:35.305+0000] {logging_mixin.py:190} INFO - [2024-10-17T22:49:35.305+0000] {dag.py:4180} INFO - Setting next_dagrun for dataset_alias_example_alias_consumer to None, run_after=None
[2024-10-17T22:49:35.307+0000] {logging_mixin.py:190} INFO - [2024-10-17T22:49:35.307+0000] {dag.py:4180} INFO - Setting next_dagrun for dataset_alias_example_alias_producer to None, run_after=None
[2024-10-17T22:49:35.308+0000] {logging_mixin.py:190} INFO - [2024-10-17T22:49:35.308+0000] {dag.py:4180} INFO - Setting next_dagrun for dataset_s3_bucket_consumer to None, run_after=None
[2024-10-17T22:49:35.309+0000] {logging_mixin.py:190} INFO - [2024-10-17T22:49:35.309+0000] {dag.py:4180} INFO - Setting next_dagrun for dataset_s3_bucket_producer to None, run_after=None
[2024-10-17T22:49:35.323+0000] {processor.py:208} INFO - Processing /home/airflow/.local/lib/python3.12/site-packages/airflow/example_dags/example_dataset_alias.py took 0.157 seconds
[2024-10-17T22:50:05.747+0000] {processor.py:186} INFO - Started process (PID=298) to work on /home/airflow/.local/lib/python3.12/site-packages/airflow/example_dags/example_dataset_alias.py
[2024-10-17T22:50:05.747+0000] {processor.py:914} INFO - Processing file /home/airflow/.local/lib/python3.12/site-packages/airflow/example_dags/example_dataset_alias.py for tasks to queue
[2024-10-17T22:50:05.749+0000] {logging_mixin.py:190} INFO - [2024-10-17T22:50:05.749+0000] {dagbag.py:588} INFO - Filling up the DagBag from /home/airflow/.local/lib/python3.12/site-packages/airflow/example_dags/example_dataset_alias.py
[2024-10-17T22:50:05.856+0000] {processor.py:925} INFO - DAG(s) 'dataset_s3_bucket_consumer', 'dataset_s3_bucket_producer', 'dataset_alias_example_alias_consumer', 'dataset_alias_example_alias_producer' retrieved from /home/airflow/.local/lib/python3.12/site-packages/airflow/example_dags/example_dataset_alias.py
[2024-10-17T22:50:05.869+0000] {logging_mixin.py:190} INFO - [2024-10-17T22:50:05.869+0000] {dag.py:3239} INFO - Sync 4 DAGs
[2024-10-17T22:50:05.885+0000] {logging_mixin.py:190} INFO - [2024-10-17T22:50:05.885+0000] {dag.py:4180} INFO - Setting next_dagrun for dataset_alias_example_alias_consumer to None, run_after=None
[2024-10-17T22:50:05.888+0000] {logging_mixin.py:190} INFO - [2024-10-17T22:50:05.887+0000] {dag.py:4180} INFO - Setting next_dagrun for dataset_alias_example_alias_producer to None, run_after=None
[2024-10-17T22:50:05.889+0000] {logging_mixin.py:190} INFO - [2024-10-17T22:50:05.888+0000] {dag.py:4180} INFO - Setting next_dagrun for dataset_s3_bucket_consumer to None, run_after=None
[2024-10-17T22:50:05.889+0000] {logging_mixin.py:190} INFO - [2024-10-17T22:50:05.889+0000] {dag.py:4180} INFO - Setting next_dagrun for dataset_s3_bucket_producer to None, run_after=None
[2024-10-17T22:50:05.904+0000] {processor.py:208} INFO - Processing /home/airflow/.local/lib/python3.12/site-packages/airflow/example_dags/example_dataset_alias.py took 0.160 seconds
