[2024-10-17T22:48:29.861+0000] {processor.py:186} INFO - Started process (PID=67) to work on /home/airflow/.local/lib/python3.12/site-packages/airflow/example_dags/example_workday_timetable.py
[2024-10-17T22:48:29.862+0000] {processor.py:914} INFO - Processing file /home/airflow/.local/lib/python3.12/site-packages/airflow/example_dags/example_workday_timetable.py for tasks to queue
[2024-10-17T22:48:29.863+0000] {logging_mixin.py:190} INFO - [2024-10-17T22:48:29.863+0000] {dagbag.py:588} INFO - Filling up the DagBag from /home/airflow/.local/lib/python3.12/site-packages/airflow/example_dags/example_workday_timetable.py
[2024-10-17T22:48:29.867+0000] {processor.py:925} INFO - DAG(s) 'example_workday_timetable' retrieved from /home/airflow/.local/lib/python3.12/site-packages/airflow/example_dags/example_workday_timetable.py
[2024-10-17T22:48:29.948+0000] {logging_mixin.py:190} INFO - [2024-10-17T22:48:29.947+0000] {override.py:1900} INFO - Created Permission View: can edit on DAG:example_workday_timetable
[2024-10-17T22:48:29.954+0000] {logging_mixin.py:190} INFO - [2024-10-17T22:48:29.954+0000] {override.py:1900} INFO - Created Permission View: can delete on DAG:example_workday_timetable
[2024-10-17T22:48:29.959+0000] {logging_mixin.py:190} INFO - [2024-10-17T22:48:29.959+0000] {override.py:1900} INFO - Created Permission View: can read on DAG:example_workday_timetable
[2024-10-17T22:48:29.963+0000] {logging_mixin.py:190} INFO - [2024-10-17T22:48:29.963+0000] {override.py:1900} INFO - Created Permission View: menu access on DAG Run:example_workday_timetable
[2024-10-17T22:48:29.968+0000] {logging_mixin.py:190} INFO - [2024-10-17T22:48:29.968+0000] {override.py:1900} INFO - Created Permission View: can create on DAG Run:example_workday_timetable
[2024-10-17T22:48:29.972+0000] {logging_mixin.py:190} INFO - [2024-10-17T22:48:29.972+0000] {override.py:1900} INFO - Created Permission View: can delete on DAG Run:example_workday_timetable
[2024-10-17T22:48:29.976+0000] {logging_mixin.py:190} INFO - [2024-10-17T22:48:29.976+0000] {override.py:1900} INFO - Created Permission View: can read on DAG Run:example_workday_timetable
[2024-10-17T22:48:29.976+0000] {logging_mixin.py:190} INFO - [2024-10-17T22:48:29.976+0000] {dag.py:3239} INFO - Sync 1 DAGs
[2024-10-17T22:48:29.986+0000] {logging_mixin.py:190} INFO - [2024-10-17T22:48:29.985+0000] {dag.py:3262} INFO - Creating ORM DAG for example_workday_timetable
[2024-10-17T22:48:30.030+0000] {logging_mixin.py:190} INFO - [2024-10-17T22:48:30.030+0000] {dag.py:4180} INFO - Setting next_dagrun for example_workday_timetable to 2021-01-04 00:00:00+00:00, run_after=2021-01-05 00:00:00+00:00
[2024-10-17T22:48:30.043+0000] {processor.py:208} INFO - Processing /home/airflow/.local/lib/python3.12/site-packages/airflow/example_dags/example_workday_timetable.py took 0.186 seconds
[2024-10-17T22:49:00.620+0000] {processor.py:186} INFO - Started process (PID=129) to work on /home/airflow/.local/lib/python3.12/site-packages/airflow/example_dags/example_workday_timetable.py
[2024-10-17T22:49:00.620+0000] {processor.py:914} INFO - Processing file /home/airflow/.local/lib/python3.12/site-packages/airflow/example_dags/example_workday_timetable.py for tasks to queue
[2024-10-17T22:49:00.622+0000] {logging_mixin.py:190} INFO - [2024-10-17T22:49:00.621+0000] {dagbag.py:588} INFO - Filling up the DagBag from /home/airflow/.local/lib/python3.12/site-packages/airflow/example_dags/example_workday_timetable.py
[2024-10-17T22:49:00.625+0000] {processor.py:925} INFO - DAG(s) 'example_workday_timetable' retrieved from /home/airflow/.local/lib/python3.12/site-packages/airflow/example_dags/example_workday_timetable.py
[2024-10-17T22:49:00.637+0000] {logging_mixin.py:190} INFO - [2024-10-17T22:49:00.637+0000] {dag.py:3239} INFO - Sync 1 DAGs
[2024-10-17T22:49:00.681+0000] {logging_mixin.py:190} INFO - [2024-10-17T22:49:00.681+0000] {dag.py:4180} INFO - Setting next_dagrun for example_workday_timetable to 2021-01-04 00:00:00+00:00, run_after=2021-01-05 00:00:00+00:00
[2024-10-17T22:49:00.694+0000] {processor.py:208} INFO - Processing /home/airflow/.local/lib/python3.12/site-packages/airflow/example_dags/example_workday_timetable.py took 0.077 seconds
[2024-10-17T22:49:31.342+0000] {processor.py:186} INFO - Started process (PID=191) to work on /home/airflow/.local/lib/python3.12/site-packages/airflow/example_dags/example_workday_timetable.py
[2024-10-17T22:49:31.342+0000] {processor.py:914} INFO - Processing file /home/airflow/.local/lib/python3.12/site-packages/airflow/example_dags/example_workday_timetable.py for tasks to queue
[2024-10-17T22:49:31.344+0000] {logging_mixin.py:190} INFO - [2024-10-17T22:49:31.343+0000] {dagbag.py:588} INFO - Filling up the DagBag from /home/airflow/.local/lib/python3.12/site-packages/airflow/example_dags/example_workday_timetable.py
[2024-10-17T22:49:31.347+0000] {processor.py:925} INFO - DAG(s) 'example_workday_timetable' retrieved from /home/airflow/.local/lib/python3.12/site-packages/airflow/example_dags/example_workday_timetable.py
[2024-10-17T22:49:31.359+0000] {logging_mixin.py:190} INFO - [2024-10-17T22:49:31.358+0000] {dag.py:3239} INFO - Sync 1 DAGs
[2024-10-17T22:49:31.403+0000] {logging_mixin.py:190} INFO - [2024-10-17T22:49:31.403+0000] {dag.py:4180} INFO - Setting next_dagrun for example_workday_timetable to 2021-01-04 00:00:00+00:00, run_after=2021-01-05 00:00:00+00:00
[2024-10-17T22:49:31.414+0000] {processor.py:208} INFO - Processing /home/airflow/.local/lib/python3.12/site-packages/airflow/example_dags/example_workday_timetable.py took 0.076 seconds
[2024-10-17T22:50:01.880+0000] {processor.py:186} INFO - Started process (PID=253) to work on /home/airflow/.local/lib/python3.12/site-packages/airflow/example_dags/example_workday_timetable.py
[2024-10-17T22:50:01.881+0000] {processor.py:914} INFO - Processing file /home/airflow/.local/lib/python3.12/site-packages/airflow/example_dags/example_workday_timetable.py for tasks to queue
[2024-10-17T22:50:01.882+0000] {logging_mixin.py:190} INFO - [2024-10-17T22:50:01.882+0000] {dagbag.py:588} INFO - Filling up the DagBag from /home/airflow/.local/lib/python3.12/site-packages/airflow/example_dags/example_workday_timetable.py
[2024-10-17T22:50:01.885+0000] {processor.py:925} INFO - DAG(s) 'example_workday_timetable' retrieved from /home/airflow/.local/lib/python3.12/site-packages/airflow/example_dags/example_workday_timetable.py
[2024-10-17T22:50:01.896+0000] {logging_mixin.py:190} INFO - [2024-10-17T22:50:01.896+0000] {dag.py:3239} INFO - Sync 1 DAGs
[2024-10-17T22:50:01.940+0000] {logging_mixin.py:190} INFO - [2024-10-17T22:50:01.939+0000] {dag.py:4180} INFO - Setting next_dagrun for example_workday_timetable to 2021-01-04 00:00:00+00:00, run_after=2021-01-05 00:00:00+00:00
[2024-10-17T22:50:01.951+0000] {processor.py:208} INFO - Processing /home/airflow/.local/lib/python3.12/site-packages/airflow/example_dags/example_workday_timetable.py took 0.074 seconds
