[2024-10-17T22:48:34.009+0000] {processor.py:186} INFO - Started process (PID=115) to work on /home/airflow/.local/lib/python3.12/site-packages/airflow/example_dags/example_python_decorator.py
[2024-10-17T22:48:34.009+0000] {processor.py:914} INFO - Processing file /home/airflow/.local/lib/python3.12/site-packages/airflow/example_dags/example_python_decorator.py for tasks to queue
[2024-10-17T22:48:34.011+0000] {logging_mixin.py:190} INFO - [2024-10-17T22:48:34.010+0000] {dagbag.py:588} INFO - Filling up the DagBag from /home/airflow/.local/lib/python3.12/site-packages/airflow/example_dags/example_python_decorator.py
[2024-10-17T22:48:34.020+0000] {processor.py:925} INFO - DAG(s) 'example_python_decorator' retrieved from /home/airflow/.local/lib/python3.12/site-packages/airflow/example_dags/example_python_decorator.py
[2024-10-17T22:48:34.092+0000] {logging_mixin.py:190} INFO - [2024-10-17T22:48:34.091+0000] {override.py:1900} INFO - Created Permission View: can edit on DAG:example_python_decorator
[2024-10-17T22:48:34.099+0000] {logging_mixin.py:190} INFO - [2024-10-17T22:48:34.099+0000] {override.py:1900} INFO - Created Permission View: can delete on DAG:example_python_decorator
[2024-10-17T22:48:34.103+0000] {logging_mixin.py:190} INFO - [2024-10-17T22:48:34.103+0000] {override.py:1900} INFO - Created Permission View: can read on DAG:example_python_decorator
[2024-10-17T22:48:34.108+0000] {logging_mixin.py:190} INFO - [2024-10-17T22:48:34.108+0000] {override.py:1900} INFO - Created Permission View: menu access on DAG Run:example_python_decorator
[2024-10-17T22:48:34.112+0000] {logging_mixin.py:190} INFO - [2024-10-17T22:48:34.112+0000] {override.py:1900} INFO - Created Permission View: can create on DAG Run:example_python_decorator
[2024-10-17T22:48:34.117+0000] {logging_mixin.py:190} INFO - [2024-10-17T22:48:34.117+0000] {override.py:1900} INFO - Created Permission View: can delete on DAG Run:example_python_decorator
[2024-10-17T22:48:34.121+0000] {logging_mixin.py:190} INFO - [2024-10-17T22:48:34.121+0000] {override.py:1900} INFO - Created Permission View: can read on DAG Run:example_python_decorator
[2024-10-17T22:48:34.121+0000] {logging_mixin.py:190} INFO - [2024-10-17T22:48:34.121+0000] {dag.py:3239} INFO - Sync 1 DAGs
[2024-10-17T22:48:34.130+0000] {logging_mixin.py:190} INFO - [2024-10-17T22:48:34.130+0000] {dag.py:3262} INFO - Creating ORM DAG for example_python_decorator
[2024-10-17T22:48:34.131+0000] {logging_mixin.py:190} INFO - [2024-10-17T22:48:34.131+0000] {dag.py:4180} INFO - Setting next_dagrun for example_python_decorator to None, run_after=None
[2024-10-17T22:48:34.141+0000] {processor.py:208} INFO - Processing /home/airflow/.local/lib/python3.12/site-packages/airflow/example_dags/example_python_decorator.py took 0.136 seconds
[2024-10-17T22:49:04.799+0000] {processor.py:186} INFO - Started process (PID=177) to work on /home/airflow/.local/lib/python3.12/site-packages/airflow/example_dags/example_python_decorator.py
[2024-10-17T22:49:04.799+0000] {processor.py:914} INFO - Processing file /home/airflow/.local/lib/python3.12/site-packages/airflow/example_dags/example_python_decorator.py for tasks to queue
[2024-10-17T22:49:04.801+0000] {logging_mixin.py:190} INFO - [2024-10-17T22:49:04.801+0000] {dagbag.py:588} INFO - Filling up the DagBag from /home/airflow/.local/lib/python3.12/site-packages/airflow/example_dags/example_python_decorator.py
[2024-10-17T22:49:04.810+0000] {processor.py:925} INFO - DAG(s) 'example_python_decorator' retrieved from /home/airflow/.local/lib/python3.12/site-packages/airflow/example_dags/example_python_decorator.py
[2024-10-17T22:49:04.824+0000] {logging_mixin.py:190} INFO - [2024-10-17T22:49:04.823+0000] {dag.py:3239} INFO - Sync 1 DAGs
[2024-10-17T22:49:04.833+0000] {logging_mixin.py:190} INFO - [2024-10-17T22:49:04.833+0000] {dag.py:4180} INFO - Setting next_dagrun for example_python_decorator to None, run_after=None
[2024-10-17T22:49:04.845+0000] {processor.py:208} INFO - Processing /home/airflow/.local/lib/python3.12/site-packages/airflow/example_dags/example_python_decorator.py took 0.049 seconds
[2024-10-17T22:49:35.345+0000] {processor.py:186} INFO - Started process (PID=239) to work on /home/airflow/.local/lib/python3.12/site-packages/airflow/example_dags/example_python_decorator.py
[2024-10-17T22:49:35.346+0000] {processor.py:914} INFO - Processing file /home/airflow/.local/lib/python3.12/site-packages/airflow/example_dags/example_python_decorator.py for tasks to queue
[2024-10-17T22:49:35.347+0000] {logging_mixin.py:190} INFO - [2024-10-17T22:49:35.347+0000] {dagbag.py:588} INFO - Filling up the DagBag from /home/airflow/.local/lib/python3.12/site-packages/airflow/example_dags/example_python_decorator.py
[2024-10-17T22:49:35.356+0000] {processor.py:925} INFO - DAG(s) 'example_python_decorator' retrieved from /home/airflow/.local/lib/python3.12/site-packages/airflow/example_dags/example_python_decorator.py
[2024-10-17T22:49:35.370+0000] {logging_mixin.py:190} INFO - [2024-10-17T22:49:35.370+0000] {dag.py:3239} INFO - Sync 1 DAGs
[2024-10-17T22:49:35.379+0000] {logging_mixin.py:190} INFO - [2024-10-17T22:49:35.379+0000] {dag.py:4180} INFO - Setting next_dagrun for example_python_decorator to None, run_after=None
[2024-10-17T22:49:35.391+0000] {processor.py:208} INFO - Processing /home/airflow/.local/lib/python3.12/site-packages/airflow/example_dags/example_python_decorator.py took 0.049 seconds
[2024-10-17T22:50:05.927+0000] {processor.py:186} INFO - Started process (PID=301) to work on /home/airflow/.local/lib/python3.12/site-packages/airflow/example_dags/example_python_decorator.py
[2024-10-17T22:50:05.928+0000] {processor.py:914} INFO - Processing file /home/airflow/.local/lib/python3.12/site-packages/airflow/example_dags/example_python_decorator.py for tasks to queue
[2024-10-17T22:50:05.929+0000] {logging_mixin.py:190} INFO - [2024-10-17T22:50:05.929+0000] {dagbag.py:588} INFO - Filling up the DagBag from /home/airflow/.local/lib/python3.12/site-packages/airflow/example_dags/example_python_decorator.py
[2024-10-17T22:50:05.938+0000] {processor.py:925} INFO - DAG(s) 'example_python_decorator' retrieved from /home/airflow/.local/lib/python3.12/site-packages/airflow/example_dags/example_python_decorator.py
[2024-10-17T22:50:05.952+0000] {logging_mixin.py:190} INFO - [2024-10-17T22:50:05.952+0000] {dag.py:3239} INFO - Sync 1 DAGs
[2024-10-17T22:50:05.962+0000] {logging_mixin.py:190} INFO - [2024-10-17T22:50:05.962+0000] {dag.py:4180} INFO - Setting next_dagrun for example_python_decorator to None, run_after=None
[2024-10-17T22:50:05.973+0000] {processor.py:208} INFO - Processing /home/airflow/.local/lib/python3.12/site-packages/airflow/example_dags/example_python_decorator.py took 0.050 seconds
