[2024-10-17T22:48:32.103+0000] {processor.py:186} INFO - Started process (PID=90) to work on /home/airflow/.local/lib/python3.12/site-packages/airflow/example_dags/example_time_delta_sensor_async.py
[2024-10-17T22:48:32.103+0000] {processor.py:914} INFO - Processing file /home/airflow/.local/lib/python3.12/site-packages/airflow/example_dags/example_time_delta_sensor_async.py for tasks to queue
[2024-10-17T22:48:32.105+0000] {logging_mixin.py:190} INFO - [2024-10-17T22:48:32.104+0000] {dagbag.py:588} INFO - Filling up the DagBag from /home/airflow/.local/lib/python3.12/site-packages/airflow/example_dags/example_time_delta_sensor_async.py
[2024-10-17T22:48:32.109+0000] {processor.py:925} INFO - DAG(s) 'example_time_delta_sensor_async' retrieved from /home/airflow/.local/lib/python3.12/site-packages/airflow/example_dags/example_time_delta_sensor_async.py
[2024-10-17T22:48:32.178+0000] {logging_mixin.py:190} INFO - [2024-10-17T22:48:32.178+0000] {override.py:1900} INFO - Created Permission View: can edit on DAG:example_time_delta_sensor_async
[2024-10-17T22:48:32.185+0000] {logging_mixin.py:190} INFO - [2024-10-17T22:48:32.185+0000] {override.py:1900} INFO - Created Permission View: can delete on DAG:example_time_delta_sensor_async
[2024-10-17T22:48:32.189+0000] {logging_mixin.py:190} INFO - [2024-10-17T22:48:32.189+0000] {override.py:1900} INFO - Created Permission View: can read on DAG:example_time_delta_sensor_async
[2024-10-17T22:48:32.194+0000] {logging_mixin.py:190} INFO - [2024-10-17T22:48:32.194+0000] {override.py:1900} INFO - Created Permission View: menu access on DAG Run:example_time_delta_sensor_async
[2024-10-17T22:48:32.198+0000] {logging_mixin.py:190} INFO - [2024-10-17T22:48:32.198+0000] {override.py:1900} INFO - Created Permission View: can create on DAG Run:example_time_delta_sensor_async
[2024-10-17T22:48:32.202+0000] {logging_mixin.py:190} INFO - [2024-10-17T22:48:32.202+0000] {override.py:1900} INFO - Created Permission View: can delete on DAG Run:example_time_delta_sensor_async
[2024-10-17T22:48:32.207+0000] {logging_mixin.py:190} INFO - [2024-10-17T22:48:32.206+0000] {override.py:1900} INFO - Created Permission View: can read on DAG Run:example_time_delta_sensor_async
[2024-10-17T22:48:32.207+0000] {logging_mixin.py:190} INFO - [2024-10-17T22:48:32.207+0000] {dag.py:3239} INFO - Sync 1 DAGs
[2024-10-17T22:48:32.217+0000] {logging_mixin.py:190} INFO - [2024-10-17T22:48:32.217+0000] {dag.py:3262} INFO - Creating ORM DAG for example_time_delta_sensor_async
[2024-10-17T22:48:32.217+0000] {logging_mixin.py:190} INFO - [2024-10-17T22:48:32.217+0000] {dag.py:4180} INFO - Setting next_dagrun for example_time_delta_sensor_async to None, run_after=None
[2024-10-17T22:48:32.229+0000] {processor.py:208} INFO - Processing /home/airflow/.local/lib/python3.12/site-packages/airflow/example_dags/example_time_delta_sensor_async.py took 0.129 seconds
[2024-10-17T22:49:02.731+0000] {processor.py:186} INFO - Started process (PID=152) to work on /home/airflow/.local/lib/python3.12/site-packages/airflow/example_dags/example_time_delta_sensor_async.py
[2024-10-17T22:49:02.731+0000] {processor.py:914} INFO - Processing file /home/airflow/.local/lib/python3.12/site-packages/airflow/example_dags/example_time_delta_sensor_async.py for tasks to queue
[2024-10-17T22:49:02.733+0000] {logging_mixin.py:190} INFO - [2024-10-17T22:49:02.733+0000] {dagbag.py:588} INFO - Filling up the DagBag from /home/airflow/.local/lib/python3.12/site-packages/airflow/example_dags/example_time_delta_sensor_async.py
[2024-10-17T22:49:02.736+0000] {processor.py:925} INFO - DAG(s) 'example_time_delta_sensor_async' retrieved from /home/airflow/.local/lib/python3.12/site-packages/airflow/example_dags/example_time_delta_sensor_async.py
[2024-10-17T22:49:02.748+0000] {logging_mixin.py:190} INFO - [2024-10-17T22:49:02.747+0000] {dag.py:3239} INFO - Sync 1 DAGs
[2024-10-17T22:49:02.757+0000] {logging_mixin.py:190} INFO - [2024-10-17T22:49:02.757+0000] {dag.py:4180} INFO - Setting next_dagrun for example_time_delta_sensor_async to None, run_after=None
[2024-10-17T22:49:02.768+0000] {processor.py:208} INFO - Processing /home/airflow/.local/lib/python3.12/site-packages/airflow/example_dags/example_time_delta_sensor_async.py took 0.041 seconds
[2024-10-17T22:49:33.347+0000] {processor.py:186} INFO - Started process (PID=214) to work on /home/airflow/.local/lib/python3.12/site-packages/airflow/example_dags/example_time_delta_sensor_async.py
[2024-10-17T22:49:33.347+0000] {processor.py:914} INFO - Processing file /home/airflow/.local/lib/python3.12/site-packages/airflow/example_dags/example_time_delta_sensor_async.py for tasks to queue
[2024-10-17T22:49:33.349+0000] {logging_mixin.py:190} INFO - [2024-10-17T22:49:33.348+0000] {dagbag.py:588} INFO - Filling up the DagBag from /home/airflow/.local/lib/python3.12/site-packages/airflow/example_dags/example_time_delta_sensor_async.py
[2024-10-17T22:49:33.352+0000] {processor.py:925} INFO - DAG(s) 'example_time_delta_sensor_async' retrieved from /home/airflow/.local/lib/python3.12/site-packages/airflow/example_dags/example_time_delta_sensor_async.py
[2024-10-17T22:49:33.364+0000] {logging_mixin.py:190} INFO - [2024-10-17T22:49:33.364+0000] {dag.py:3239} INFO - Sync 1 DAGs
[2024-10-17T22:49:33.374+0000] {logging_mixin.py:190} INFO - [2024-10-17T22:49:33.374+0000] {dag.py:4180} INFO - Setting next_dagrun for example_time_delta_sensor_async to None, run_after=None
[2024-10-17T22:49:33.386+0000] {processor.py:208} INFO - Processing /home/airflow/.local/lib/python3.12/site-packages/airflow/example_dags/example_time_delta_sensor_async.py took 0.043 seconds
[2024-10-17T22:50:04.013+0000] {processor.py:186} INFO - Started process (PID=282) to work on /home/airflow/.local/lib/python3.12/site-packages/airflow/example_dags/example_time_delta_sensor_async.py
[2024-10-17T22:50:04.013+0000] {processor.py:914} INFO - Processing file /home/airflow/.local/lib/python3.12/site-packages/airflow/example_dags/example_time_delta_sensor_async.py for tasks to queue
[2024-10-17T22:50:04.015+0000] {logging_mixin.py:190} INFO - [2024-10-17T22:50:04.014+0000] {dagbag.py:588} INFO - Filling up the DagBag from /home/airflow/.local/lib/python3.12/site-packages/airflow/example_dags/example_time_delta_sensor_async.py
[2024-10-17T22:50:04.018+0000] {processor.py:925} INFO - DAG(s) 'example_time_delta_sensor_async' retrieved from /home/airflow/.local/lib/python3.12/site-packages/airflow/example_dags/example_time_delta_sensor_async.py
[2024-10-17T22:50:04.030+0000] {logging_mixin.py:190} INFO - [2024-10-17T22:50:04.030+0000] {dag.py:3239} INFO - Sync 1 DAGs
[2024-10-17T22:50:04.040+0000] {logging_mixin.py:190} INFO - [2024-10-17T22:50:04.039+0000] {dag.py:4180} INFO - Setting next_dagrun for example_time_delta_sensor_async to None, run_after=None
[2024-10-17T22:50:04.051+0000] {processor.py:208} INFO - Processing /home/airflow/.local/lib/python3.12/site-packages/airflow/example_dags/example_time_delta_sensor_async.py took 0.042 seconds
