[2024-10-17T22:48:32.742+0000] {processor.py:186} INFO - Started process (PID=98) to work on /home/airflow/.local/lib/python3.12/site-packages/airflow/example_dags/example_outlet_event_extra.py
[2024-10-17T22:48:32.742+0000] {processor.py:914} INFO - Processing file /home/airflow/.local/lib/python3.12/site-packages/airflow/example_dags/example_outlet_event_extra.py for tasks to queue
[2024-10-17T22:48:32.744+0000] {logging_mixin.py:190} INFO - [2024-10-17T22:48:32.744+0000] {dagbag.py:588} INFO - Filling up the DagBag from /home/airflow/.local/lib/python3.12/site-packages/airflow/example_dags/example_outlet_event_extra.py
[2024-10-17T22:48:32.845+0000] {processor.py:925} INFO - DAG(s) 'dataset_with_extra_by_yield', 'dataset_with_extra_from_classic_operator', 'dataset_with_extra_by_context' retrieved from /home/airflow/.local/lib/python3.12/site-packages/airflow/example_dags/example_outlet_event_extra.py
[2024-10-17T22:48:32.913+0000] {logging_mixin.py:190} INFO - [2024-10-17T22:48:32.913+0000] {override.py:1900} INFO - Created Permission View: can edit on DAG:dataset_with_extra_by_yield
[2024-10-17T22:48:32.920+0000] {logging_mixin.py:190} INFO - [2024-10-17T22:48:32.920+0000] {override.py:1900} INFO - Created Permission View: can delete on DAG:dataset_with_extra_by_yield
[2024-10-17T22:48:32.924+0000] {logging_mixin.py:190} INFO - [2024-10-17T22:48:32.924+0000] {override.py:1900} INFO - Created Permission View: can read on DAG:dataset_with_extra_by_yield
[2024-10-17T22:48:32.929+0000] {logging_mixin.py:190} INFO - [2024-10-17T22:48:32.929+0000] {override.py:1900} INFO - Created Permission View: menu access on DAG Run:dataset_with_extra_by_yield
[2024-10-17T22:48:32.934+0000] {logging_mixin.py:190} INFO - [2024-10-17T22:48:32.933+0000] {override.py:1900} INFO - Created Permission View: can create on DAG Run:dataset_with_extra_by_yield
[2024-10-17T22:48:32.938+0000] {logging_mixin.py:190} INFO - [2024-10-17T22:48:32.938+0000] {override.py:1900} INFO - Created Permission View: can delete on DAG Run:dataset_with_extra_by_yield
[2024-10-17T22:48:32.942+0000] {logging_mixin.py:190} INFO - [2024-10-17T22:48:32.942+0000] {override.py:1900} INFO - Created Permission View: can read on DAG Run:dataset_with_extra_by_yield
[2024-10-17T22:48:32.951+0000] {logging_mixin.py:190} INFO - [2024-10-17T22:48:32.950+0000] {override.py:1900} INFO - Created Permission View: can edit on DAG:dataset_with_extra_from_classic_operator
[2024-10-17T22:48:32.955+0000] {logging_mixin.py:190} INFO - [2024-10-17T22:48:32.955+0000] {override.py:1900} INFO - Created Permission View: can delete on DAG:dataset_with_extra_from_classic_operator
[2024-10-17T22:48:32.959+0000] {logging_mixin.py:190} INFO - [2024-10-17T22:48:32.959+0000] {override.py:1900} INFO - Created Permission View: can read on DAG:dataset_with_extra_from_classic_operator
[2024-10-17T22:48:32.964+0000] {logging_mixin.py:190} INFO - [2024-10-17T22:48:32.964+0000] {override.py:1900} INFO - Created Permission View: menu access on DAG Run:dataset_with_extra_from_classic_operator
[2024-10-17T22:48:32.968+0000] {logging_mixin.py:190} INFO - [2024-10-17T22:48:32.968+0000] {override.py:1900} INFO - Created Permission View: can create on DAG Run:dataset_with_extra_from_classic_operator
[2024-10-17T22:48:32.972+0000] {logging_mixin.py:190} INFO - [2024-10-17T22:48:32.972+0000] {override.py:1900} INFO - Created Permission View: can delete on DAG Run:dataset_with_extra_from_classic_operator
[2024-10-17T22:48:32.977+0000] {logging_mixin.py:190} INFO - [2024-10-17T22:48:32.976+0000] {override.py:1900} INFO - Created Permission View: can read on DAG Run:dataset_with_extra_from_classic_operator
[2024-10-17T22:48:32.984+0000] {logging_mixin.py:190} INFO - [2024-10-17T22:48:32.984+0000] {override.py:1900} INFO - Created Permission View: can edit on DAG:dataset_with_extra_by_context
[2024-10-17T22:48:32.989+0000] {logging_mixin.py:190} INFO - [2024-10-17T22:48:32.988+0000] {override.py:1900} INFO - Created Permission View: can delete on DAG:dataset_with_extra_by_context
[2024-10-17T22:48:32.993+0000] {logging_mixin.py:190} INFO - [2024-10-17T22:48:32.993+0000] {override.py:1900} INFO - Created Permission View: can read on DAG:dataset_with_extra_by_context
[2024-10-17T22:48:32.998+0000] {logging_mixin.py:190} INFO - [2024-10-17T22:48:32.997+0000] {override.py:1900} INFO - Created Permission View: menu access on DAG Run:dataset_with_extra_by_context
[2024-10-17T22:48:33.002+0000] {logging_mixin.py:190} INFO - [2024-10-17T22:48:33.002+0000] {override.py:1900} INFO - Created Permission View: can create on DAG Run:dataset_with_extra_by_context
[2024-10-17T22:48:33.006+0000] {logging_mixin.py:190} INFO - [2024-10-17T22:48:33.006+0000] {override.py:1900} INFO - Created Permission View: can delete on DAG Run:dataset_with_extra_by_context
[2024-10-17T22:48:33.010+0000] {logging_mixin.py:190} INFO - [2024-10-17T22:48:33.010+0000] {override.py:1900} INFO - Created Permission View: can read on DAG Run:dataset_with_extra_by_context
[2024-10-17T22:48:33.011+0000] {logging_mixin.py:190} INFO - [2024-10-17T22:48:33.011+0000] {dag.py:3239} INFO - Sync 3 DAGs
[2024-10-17T22:48:33.020+0000] {logging_mixin.py:190} INFO - [2024-10-17T22:48:33.020+0000] {dag.py:3262} INFO - Creating ORM DAG for dataset_with_extra_by_yield
[2024-10-17T22:48:33.020+0000] {logging_mixin.py:190} INFO - [2024-10-17T22:48:33.020+0000] {dag.py:3262} INFO - Creating ORM DAG for dataset_with_extra_from_classic_operator
[2024-10-17T22:48:33.021+0000] {logging_mixin.py:190} INFO - [2024-10-17T22:48:33.021+0000] {dag.py:3262} INFO - Creating ORM DAG for dataset_with_extra_by_context
[2024-10-17T22:48:33.029+0000] {logging_mixin.py:190} INFO - [2024-10-17T22:48:33.029+0000] {dag.py:4180} INFO - Setting next_dagrun for dataset_with_extra_by_context to 2024-10-16 00:00:00+00:00, run_after=2024-10-17 00:00:00+00:00
[2024-10-17T22:48:33.030+0000] {logging_mixin.py:190} INFO - [2024-10-17T22:48:33.030+0000] {dag.py:4180} INFO - Setting next_dagrun for dataset_with_extra_by_yield to 2024-10-16 00:00:00+00:00, run_after=2024-10-17 00:00:00+00:00
[2024-10-17T22:48:33.032+0000] {logging_mixin.py:190} INFO - [2024-10-17T22:48:33.031+0000] {dag.py:4180} INFO - Setting next_dagrun for dataset_with_extra_from_classic_operator to 2024-10-16 00:00:00+00:00, run_after=2024-10-17 00:00:00+00:00
[2024-10-17T22:48:33.047+0000] {processor.py:208} INFO - Processing /home/airflow/.local/lib/python3.12/site-packages/airflow/example_dags/example_outlet_event_extra.py took 0.309 seconds
[2024-10-17T22:49:03.094+0000] {processor.py:186} INFO - Started process (PID=160) to work on /home/airflow/.local/lib/python3.12/site-packages/airflow/example_dags/example_outlet_event_extra.py
[2024-10-17T22:49:03.094+0000] {processor.py:914} INFO - Processing file /home/airflow/.local/lib/python3.12/site-packages/airflow/example_dags/example_outlet_event_extra.py for tasks to queue
[2024-10-17T22:49:03.096+0000] {logging_mixin.py:190} INFO - [2024-10-17T22:49:03.095+0000] {dagbag.py:588} INFO - Filling up the DagBag from /home/airflow/.local/lib/python3.12/site-packages/airflow/example_dags/example_outlet_event_extra.py
[2024-10-17T22:49:03.196+0000] {processor.py:925} INFO - DAG(s) 'dataset_with_extra_by_yield', 'dataset_with_extra_by_context', 'dataset_with_extra_from_classic_operator' retrieved from /home/airflow/.local/lib/python3.12/site-packages/airflow/example_dags/example_outlet_event_extra.py
[2024-10-17T22:49:03.213+0000] {logging_mixin.py:190} INFO - [2024-10-17T22:49:03.213+0000] {dag.py:3239} INFO - Sync 3 DAGs
[2024-10-17T22:49:03.231+0000] {logging_mixin.py:190} INFO - [2024-10-17T22:49:03.231+0000] {dag.py:4180} INFO - Setting next_dagrun for dataset_with_extra_by_context to 2024-10-16 00:00:00+00:00, run_after=2024-10-17 00:00:00+00:00
[2024-10-17T22:49:03.234+0000] {logging_mixin.py:190} INFO - [2024-10-17T22:49:03.234+0000] {dag.py:4180} INFO - Setting next_dagrun for dataset_with_extra_by_yield to 2024-10-16 00:00:00+00:00, run_after=2024-10-17 00:00:00+00:00
[2024-10-17T22:49:03.236+0000] {logging_mixin.py:190} INFO - [2024-10-17T22:49:03.236+0000] {dag.py:4180} INFO - Setting next_dagrun for dataset_with_extra_from_classic_operator to 2024-10-16 00:00:00+00:00, run_after=2024-10-17 00:00:00+00:00
[2024-10-17T22:49:03.250+0000] {processor.py:208} INFO - Processing /home/airflow/.local/lib/python3.12/site-packages/airflow/example_dags/example_outlet_event_extra.py took 0.160 seconds
[2024-10-17T22:49:33.630+0000] {processor.py:186} INFO - Started process (PID=228) to work on /home/airflow/.local/lib/python3.12/site-packages/airflow/example_dags/example_outlet_event_extra.py
[2024-10-17T22:49:33.630+0000] {processor.py:914} INFO - Processing file /home/airflow/.local/lib/python3.12/site-packages/airflow/example_dags/example_outlet_event_extra.py for tasks to queue
[2024-10-17T22:49:33.631+0000] {logging_mixin.py:190} INFO - [2024-10-17T22:49:33.631+0000] {dagbag.py:588} INFO - Filling up the DagBag from /home/airflow/.local/lib/python3.12/site-packages/airflow/example_dags/example_outlet_event_extra.py
[2024-10-17T22:49:33.735+0000] {processor.py:925} INFO - DAG(s) 'dataset_with_extra_by_context', 'dataset_with_extra_from_classic_operator', 'dataset_with_extra_by_yield' retrieved from /home/airflow/.local/lib/python3.12/site-packages/airflow/example_dags/example_outlet_event_extra.py
[2024-10-17T22:49:33.753+0000] {logging_mixin.py:190} INFO - [2024-10-17T22:49:33.753+0000] {dag.py:3239} INFO - Sync 3 DAGs
[2024-10-17T22:49:33.771+0000] {logging_mixin.py:190} INFO - [2024-10-17T22:49:33.771+0000] {dag.py:4180} INFO - Setting next_dagrun for dataset_with_extra_by_context to 2024-10-16 00:00:00+00:00, run_after=2024-10-17 00:00:00+00:00
[2024-10-17T22:49:33.774+0000] {logging_mixin.py:190} INFO - [2024-10-17T22:49:33.774+0000] {dag.py:4180} INFO - Setting next_dagrun for dataset_with_extra_by_yield to 2024-10-16 00:00:00+00:00, run_after=2024-10-17 00:00:00+00:00
[2024-10-17T22:49:33.776+0000] {logging_mixin.py:190} INFO - [2024-10-17T22:49:33.776+0000] {dag.py:4180} INFO - Setting next_dagrun for dataset_with_extra_from_classic_operator to 2024-10-16 00:00:00+00:00, run_after=2024-10-17 00:00:00+00:00
[2024-10-17T22:49:33.790+0000] {processor.py:208} INFO - Processing /home/airflow/.local/lib/python3.12/site-packages/airflow/example_dags/example_outlet_event_extra.py took 0.164 seconds
[2024-10-17T22:50:04.297+0000] {processor.py:186} INFO - Started process (PID=290) to work on /home/airflow/.local/lib/python3.12/site-packages/airflow/example_dags/example_outlet_event_extra.py
[2024-10-17T22:50:04.297+0000] {processor.py:914} INFO - Processing file /home/airflow/.local/lib/python3.12/site-packages/airflow/example_dags/example_outlet_event_extra.py for tasks to queue
[2024-10-17T22:50:04.299+0000] {logging_mixin.py:190} INFO - [2024-10-17T22:50:04.298+0000] {dagbag.py:588} INFO - Filling up the DagBag from /home/airflow/.local/lib/python3.12/site-packages/airflow/example_dags/example_outlet_event_extra.py
[2024-10-17T22:50:04.400+0000] {processor.py:925} INFO - DAG(s) 'dataset_with_extra_by_yield', 'dataset_with_extra_by_context', 'dataset_with_extra_from_classic_operator' retrieved from /home/airflow/.local/lib/python3.12/site-packages/airflow/example_dags/example_outlet_event_extra.py
[2024-10-17T22:50:04.416+0000] {logging_mixin.py:190} INFO - [2024-10-17T22:50:04.416+0000] {dag.py:3239} INFO - Sync 3 DAGs
[2024-10-17T22:50:04.433+0000] {logging_mixin.py:190} INFO - [2024-10-17T22:50:04.433+0000] {dag.py:4180} INFO - Setting next_dagrun for dataset_with_extra_by_context to 2024-10-16 00:00:00+00:00, run_after=2024-10-17 00:00:00+00:00
[2024-10-17T22:50:04.436+0000] {logging_mixin.py:190} INFO - [2024-10-17T22:50:04.436+0000] {dag.py:4180} INFO - Setting next_dagrun for dataset_with_extra_by_yield to 2024-10-16 00:00:00+00:00, run_after=2024-10-17 00:00:00+00:00
[2024-10-17T22:50:04.439+0000] {logging_mixin.py:190} INFO - [2024-10-17T22:50:04.438+0000] {dag.py:4180} INFO - Setting next_dagrun for dataset_with_extra_from_classic_operator to 2024-10-16 00:00:00+00:00, run_after=2024-10-17 00:00:00+00:00
[2024-10-17T22:50:04.452+0000] {processor.py:208} INFO - Processing /home/airflow/.local/lib/python3.12/site-packages/airflow/example_dags/example_outlet_event_extra.py took 0.159 seconds
