[2024-10-17T22:48:33.225+0000] {processor.py:186} INFO - Started process (PID=102) to work on /home/airflow/.local/lib/python3.12/site-packages/airflow/example_dags/example_latest_only.py
[2024-10-17T22:48:33.225+0000] {processor.py:914} INFO - Processing file /home/airflow/.local/lib/python3.12/site-packages/airflow/example_dags/example_latest_only.py for tasks to queue
[2024-10-17T22:48:33.227+0000] {logging_mixin.py:190} INFO - [2024-10-17T22:48:33.227+0000] {dagbag.py:588} INFO - Filling up the DagBag from /home/airflow/.local/lib/python3.12/site-packages/airflow/example_dags/example_latest_only.py
[2024-10-17T22:48:33.231+0000] {processor.py:925} INFO - DAG(s) 'latest_only' retrieved from /home/airflow/.local/lib/python3.12/site-packages/airflow/example_dags/example_latest_only.py
[2024-10-17T22:48:33.319+0000] {logging_mixin.py:190} INFO - [2024-10-17T22:48:33.319+0000] {override.py:1900} INFO - Created Permission View: can edit on DAG:latest_only
[2024-10-17T22:48:33.328+0000] {logging_mixin.py:190} INFO - [2024-10-17T22:48:33.328+0000] {override.py:1900} INFO - Created Permission View: can delete on DAG:latest_only
[2024-10-17T22:48:33.332+0000] {logging_mixin.py:190} INFO - [2024-10-17T22:48:33.332+0000] {override.py:1900} INFO - Created Permission View: can read on DAG:latest_only
[2024-10-17T22:48:33.337+0000] {logging_mixin.py:190} INFO - [2024-10-17T22:48:33.337+0000] {override.py:1900} INFO - Created Permission View: menu access on DAG Run:latest_only
[2024-10-17T22:48:33.342+0000] {logging_mixin.py:190} INFO - [2024-10-17T22:48:33.342+0000] {override.py:1900} INFO - Created Permission View: can create on DAG Run:latest_only
[2024-10-17T22:48:33.346+0000] {logging_mixin.py:190} INFO - [2024-10-17T22:48:33.346+0000] {override.py:1900} INFO - Created Permission View: can delete on DAG Run:latest_only
[2024-10-17T22:48:33.351+0000] {logging_mixin.py:190} INFO - [2024-10-17T22:48:33.351+0000] {override.py:1900} INFO - Created Permission View: can read on DAG Run:latest_only
[2024-10-17T22:48:33.351+0000] {logging_mixin.py:190} INFO - [2024-10-17T22:48:33.351+0000] {dag.py:3239} INFO - Sync 1 DAGs
[2024-10-17T22:48:33.361+0000] {logging_mixin.py:190} INFO - [2024-10-17T22:48:33.361+0000] {dag.py:3262} INFO - Creating ORM DAG for latest_only
[2024-10-17T22:48:33.368+0000] {logging_mixin.py:190} INFO - [2024-10-17T22:48:33.368+0000] {dag.py:4180} INFO - Setting next_dagrun for latest_only to 2024-10-17 16:00:00+00:00, run_after=2024-10-17 20:00:00+00:00
[2024-10-17T22:48:33.381+0000] {processor.py:208} INFO - Processing /home/airflow/.local/lib/python3.12/site-packages/airflow/example_dags/example_latest_only.py took 0.160 seconds
[2024-10-17T22:49:04.352+0000] {processor.py:186} INFO - Started process (PID=170) to work on /home/airflow/.local/lib/python3.12/site-packages/airflow/example_dags/example_latest_only.py
[2024-10-17T22:49:04.352+0000] {processor.py:914} INFO - Processing file /home/airflow/.local/lib/python3.12/site-packages/airflow/example_dags/example_latest_only.py for tasks to queue
[2024-10-17T22:49:04.354+0000] {logging_mixin.py:190} INFO - [2024-10-17T22:49:04.354+0000] {dagbag.py:588} INFO - Filling up the DagBag from /home/airflow/.local/lib/python3.12/site-packages/airflow/example_dags/example_latest_only.py
[2024-10-17T22:49:04.358+0000] {processor.py:925} INFO - DAG(s) 'latest_only' retrieved from /home/airflow/.local/lib/python3.12/site-packages/airflow/example_dags/example_latest_only.py
[2024-10-17T22:49:04.371+0000] {logging_mixin.py:190} INFO - [2024-10-17T22:49:04.371+0000] {dag.py:3239} INFO - Sync 1 DAGs
[2024-10-17T22:49:04.387+0000] {logging_mixin.py:190} INFO - [2024-10-17T22:49:04.387+0000] {dag.py:4180} INFO - Setting next_dagrun for latest_only to 2024-10-17 16:00:00+00:00, run_after=2024-10-17 20:00:00+00:00
[2024-10-17T22:49:04.399+0000] {processor.py:208} INFO - Processing /home/airflow/.local/lib/python3.12/site-packages/airflow/example_dags/example_latest_only.py took 0.051 seconds
[2024-10-17T22:49:34.905+0000] {processor.py:186} INFO - Started process (PID=232) to work on /home/airflow/.local/lib/python3.12/site-packages/airflow/example_dags/example_latest_only.py
[2024-10-17T22:49:34.906+0000] {processor.py:914} INFO - Processing file /home/airflow/.local/lib/python3.12/site-packages/airflow/example_dags/example_latest_only.py for tasks to queue
[2024-10-17T22:49:34.907+0000] {logging_mixin.py:190} INFO - [2024-10-17T22:49:34.907+0000] {dagbag.py:588} INFO - Filling up the DagBag from /home/airflow/.local/lib/python3.12/site-packages/airflow/example_dags/example_latest_only.py
[2024-10-17T22:49:34.911+0000] {processor.py:925} INFO - DAG(s) 'latest_only' retrieved from /home/airflow/.local/lib/python3.12/site-packages/airflow/example_dags/example_latest_only.py
[2024-10-17T22:49:34.923+0000] {logging_mixin.py:190} INFO - [2024-10-17T22:49:34.923+0000] {dag.py:3239} INFO - Sync 1 DAGs
[2024-10-17T22:49:34.938+0000] {logging_mixin.py:190} INFO - [2024-10-17T22:49:34.938+0000] {dag.py:4180} INFO - Setting next_dagrun for latest_only to 2024-10-17 16:00:00+00:00, run_after=2024-10-17 20:00:00+00:00
[2024-10-17T22:49:34.958+0000] {processor.py:208} INFO - Processing /home/airflow/.local/lib/python3.12/site-packages/airflow/example_dags/example_latest_only.py took 0.057 seconds
[2024-10-17T22:50:05.492+0000] {processor.py:186} INFO - Started process (PID=294) to work on /home/airflow/.local/lib/python3.12/site-packages/airflow/example_dags/example_latest_only.py
[2024-10-17T22:50:05.493+0000] {processor.py:914} INFO - Processing file /home/airflow/.local/lib/python3.12/site-packages/airflow/example_dags/example_latest_only.py for tasks to queue
[2024-10-17T22:50:05.494+0000] {logging_mixin.py:190} INFO - [2024-10-17T22:50:05.494+0000] {dagbag.py:588} INFO - Filling up the DagBag from /home/airflow/.local/lib/python3.12/site-packages/airflow/example_dags/example_latest_only.py
[2024-10-17T22:50:05.499+0000] {processor.py:925} INFO - DAG(s) 'latest_only' retrieved from /home/airflow/.local/lib/python3.12/site-packages/airflow/example_dags/example_latest_only.py
[2024-10-17T22:50:05.512+0000] {logging_mixin.py:190} INFO - [2024-10-17T22:50:05.512+0000] {dag.py:3239} INFO - Sync 1 DAGs
[2024-10-17T22:50:05.528+0000] {logging_mixin.py:190} INFO - [2024-10-17T22:50:05.528+0000] {dag.py:4180} INFO - Setting next_dagrun for latest_only to 2024-10-17 16:00:00+00:00, run_after=2024-10-17 20:00:00+00:00
[2024-10-17T22:50:05.540+0000] {processor.py:208} INFO - Processing /home/airflow/.local/lib/python3.12/site-packages/airflow/example_dags/example_latest_only.py took 0.051 seconds
