[2024-10-17T22:48:30.701+0000] {processor.py:186} INFO - Started process (PID=75) to work on /home/airflow/.local/lib/python3.12/site-packages/airflow/example_dags/example_datasets.py
[2024-10-17T22:48:30.701+0000] {processor.py:914} INFO - Processing file /home/airflow/.local/lib/python3.12/site-packages/airflow/example_dags/example_datasets.py for tasks to queue
[2024-10-17T22:48:30.703+0000] {logging_mixin.py:190} INFO - [2024-10-17T22:48:30.703+0000] {dagbag.py:588} INFO - Filling up the DagBag from /home/airflow/.local/lib/python3.12/site-packages/airflow/example_dags/example_datasets.py
[2024-10-17T22:48:30.817+0000] {processor.py:925} INFO - DAG(s) 'dataset_consumes_1_and_2', 'consume_1_or_2_with_dataset_expressions', 'consume_1_and_2_with_dataset_expressions', 'dataset_produces_1', 'dataset_consumes_1', 'dataset_produces_2', 'conditional_dataset_and_time_based_timetable', 'dataset_consumes_1_never_scheduled', 'consume_1_or_both_2_and_3_with_dataset_expressions', 'dataset_consumes_unknown_never_scheduled' retrieved from /home/airflow/.local/lib/python3.12/site-packages/airflow/example_dags/example_datasets.py
[2024-10-17T22:48:30.888+0000] {logging_mixin.py:190} INFO - [2024-10-17T22:48:30.888+0000] {override.py:1900} INFO - Created Permission View: can edit on DAG:dataset_consumes_1_and_2
[2024-10-17T22:48:30.894+0000] {logging_mixin.py:190} INFO - [2024-10-17T22:48:30.894+0000] {override.py:1900} INFO - Created Permission View: can delete on DAG:dataset_consumes_1_and_2
[2024-10-17T22:48:30.899+0000] {logging_mixin.py:190} INFO - [2024-10-17T22:48:30.899+0000] {override.py:1900} INFO - Created Permission View: can read on DAG:dataset_consumes_1_and_2
[2024-10-17T22:48:30.904+0000] {logging_mixin.py:190} INFO - [2024-10-17T22:48:30.903+0000] {override.py:1900} INFO - Created Permission View: menu access on DAG Run:dataset_consumes_1_and_2
[2024-10-17T22:48:30.908+0000] {logging_mixin.py:190} INFO - [2024-10-17T22:48:30.908+0000] {override.py:1900} INFO - Created Permission View: can create on DAG Run:dataset_consumes_1_and_2
[2024-10-17T22:48:30.912+0000] {logging_mixin.py:190} INFO - [2024-10-17T22:48:30.912+0000] {override.py:1900} INFO - Created Permission View: can delete on DAG Run:dataset_consumes_1_and_2
[2024-10-17T22:48:30.917+0000] {logging_mixin.py:190} INFO - [2024-10-17T22:48:30.916+0000] {override.py:1900} INFO - Created Permission View: can read on DAG Run:dataset_consumes_1_and_2
[2024-10-17T22:48:30.924+0000] {logging_mixin.py:190} INFO - [2024-10-17T22:48:30.924+0000] {override.py:1900} INFO - Created Permission View: can edit on DAG:consume_1_or_2_with_dataset_expressions
[2024-10-17T22:48:30.929+0000] {logging_mixin.py:190} INFO - [2024-10-17T22:48:30.929+0000] {override.py:1900} INFO - Created Permission View: can delete on DAG:consume_1_or_2_with_dataset_expressions
[2024-10-17T22:48:30.933+0000] {logging_mixin.py:190} INFO - [2024-10-17T22:48:30.933+0000] {override.py:1900} INFO - Created Permission View: can read on DAG:consume_1_or_2_with_dataset_expressions
[2024-10-17T22:48:30.938+0000] {logging_mixin.py:190} INFO - [2024-10-17T22:48:30.938+0000] {override.py:1900} INFO - Created Permission View: menu access on DAG Run:consume_1_or_2_with_dataset_expressions
[2024-10-17T22:48:30.942+0000] {logging_mixin.py:190} INFO - [2024-10-17T22:48:30.942+0000] {override.py:1900} INFO - Created Permission View: can create on DAG Run:consume_1_or_2_with_dataset_expressions
[2024-10-17T22:48:30.946+0000] {logging_mixin.py:190} INFO - [2024-10-17T22:48:30.946+0000] {override.py:1900} INFO - Created Permission View: can delete on DAG Run:consume_1_or_2_with_dataset_expressions
[2024-10-17T22:48:30.950+0000] {logging_mixin.py:190} INFO - [2024-10-17T22:48:30.950+0000] {override.py:1900} INFO - Created Permission View: can read on DAG Run:consume_1_or_2_with_dataset_expressions
[2024-10-17T22:48:30.958+0000] {logging_mixin.py:190} INFO - [2024-10-17T22:48:30.957+0000] {override.py:1900} INFO - Created Permission View: can edit on DAG:consume_1_and_2_with_dataset_expressions
[2024-10-17T22:48:30.962+0000] {logging_mixin.py:190} INFO - [2024-10-17T22:48:30.962+0000] {override.py:1900} INFO - Created Permission View: can delete on DAG:consume_1_and_2_with_dataset_expressions
[2024-10-17T22:48:30.966+0000] {logging_mixin.py:190} INFO - [2024-10-17T22:48:30.966+0000] {override.py:1900} INFO - Created Permission View: can read on DAG:consume_1_and_2_with_dataset_expressions
[2024-10-17T22:48:30.970+0000] {logging_mixin.py:190} INFO - [2024-10-17T22:48:30.970+0000] {override.py:1900} INFO - Created Permission View: menu access on DAG Run:consume_1_and_2_with_dataset_expressions
[2024-10-17T22:48:30.975+0000] {logging_mixin.py:190} INFO - [2024-10-17T22:48:30.974+0000] {override.py:1900} INFO - Created Permission View: can create on DAG Run:consume_1_and_2_with_dataset_expressions
[2024-10-17T22:48:30.979+0000] {logging_mixin.py:190} INFO - [2024-10-17T22:48:30.979+0000] {override.py:1900} INFO - Created Permission View: can delete on DAG Run:consume_1_and_2_with_dataset_expressions
[2024-10-17T22:48:30.983+0000] {logging_mixin.py:190} INFO - [2024-10-17T22:48:30.983+0000] {override.py:1900} INFO - Created Permission View: can read on DAG Run:consume_1_and_2_with_dataset_expressions
[2024-10-17T22:48:30.991+0000] {logging_mixin.py:190} INFO - [2024-10-17T22:48:30.990+0000] {override.py:1900} INFO - Created Permission View: can edit on DAG:dataset_produces_1
[2024-10-17T22:48:30.995+0000] {logging_mixin.py:190} INFO - [2024-10-17T22:48:30.995+0000] {override.py:1900} INFO - Created Permission View: can delete on DAG:dataset_produces_1
[2024-10-17T22:48:30.999+0000] {logging_mixin.py:190} INFO - [2024-10-17T22:48:30.999+0000] {override.py:1900} INFO - Created Permission View: can read on DAG:dataset_produces_1
[2024-10-17T22:48:31.004+0000] {logging_mixin.py:190} INFO - [2024-10-17T22:48:31.004+0000] {override.py:1900} INFO - Created Permission View: menu access on DAG Run:dataset_produces_1
[2024-10-17T22:48:31.008+0000] {logging_mixin.py:190} INFO - [2024-10-17T22:48:31.008+0000] {override.py:1900} INFO - Created Permission View: can create on DAG Run:dataset_produces_1
[2024-10-17T22:48:31.013+0000] {logging_mixin.py:190} INFO - [2024-10-17T22:48:31.012+0000] {override.py:1900} INFO - Created Permission View: can delete on DAG Run:dataset_produces_1
[2024-10-17T22:48:31.017+0000] {logging_mixin.py:190} INFO - [2024-10-17T22:48:31.017+0000] {override.py:1900} INFO - Created Permission View: can read on DAG Run:dataset_produces_1
[2024-10-17T22:48:31.024+0000] {logging_mixin.py:190} INFO - [2024-10-17T22:48:31.024+0000] {override.py:1900} INFO - Created Permission View: can edit on DAG:dataset_consumes_1
[2024-10-17T22:48:31.029+0000] {logging_mixin.py:190} INFO - [2024-10-17T22:48:31.028+0000] {override.py:1900} INFO - Created Permission View: can delete on DAG:dataset_consumes_1
[2024-10-17T22:48:31.033+0000] {logging_mixin.py:190} INFO - [2024-10-17T22:48:31.032+0000] {override.py:1900} INFO - Created Permission View: can read on DAG:dataset_consumes_1
[2024-10-17T22:48:31.037+0000] {logging_mixin.py:190} INFO - [2024-10-17T22:48:31.037+0000] {override.py:1900} INFO - Created Permission View: menu access on DAG Run:dataset_consumes_1
[2024-10-17T22:48:31.041+0000] {logging_mixin.py:190} INFO - [2024-10-17T22:48:31.041+0000] {override.py:1900} INFO - Created Permission View: can create on DAG Run:dataset_consumes_1
[2024-10-17T22:48:31.045+0000] {logging_mixin.py:190} INFO - [2024-10-17T22:48:31.045+0000] {override.py:1900} INFO - Created Permission View: can delete on DAG Run:dataset_consumes_1
[2024-10-17T22:48:31.050+0000] {logging_mixin.py:190} INFO - [2024-10-17T22:48:31.049+0000] {override.py:1900} INFO - Created Permission View: can read on DAG Run:dataset_consumes_1
[2024-10-17T22:48:31.057+0000] {logging_mixin.py:190} INFO - [2024-10-17T22:48:31.057+0000] {override.py:1900} INFO - Created Permission View: can edit on DAG:dataset_produces_2
[2024-10-17T22:48:31.062+0000] {logging_mixin.py:190} INFO - [2024-10-17T22:48:31.062+0000] {override.py:1900} INFO - Created Permission View: can delete on DAG:dataset_produces_2
[2024-10-17T22:48:31.066+0000] {logging_mixin.py:190} INFO - [2024-10-17T22:48:31.066+0000] {override.py:1900} INFO - Created Permission View: can read on DAG:dataset_produces_2
[2024-10-17T22:48:31.071+0000] {logging_mixin.py:190} INFO - [2024-10-17T22:48:31.071+0000] {override.py:1900} INFO - Created Permission View: menu access on DAG Run:dataset_produces_2
[2024-10-17T22:48:31.075+0000] {logging_mixin.py:190} INFO - [2024-10-17T22:48:31.075+0000] {override.py:1900} INFO - Created Permission View: can create on DAG Run:dataset_produces_2
[2024-10-17T22:48:31.080+0000] {logging_mixin.py:190} INFO - [2024-10-17T22:48:31.079+0000] {override.py:1900} INFO - Created Permission View: can delete on DAG Run:dataset_produces_2
[2024-10-17T22:48:31.084+0000] {logging_mixin.py:190} INFO - [2024-10-17T22:48:31.084+0000] {override.py:1900} INFO - Created Permission View: can read on DAG Run:dataset_produces_2
[2024-10-17T22:48:31.093+0000] {logging_mixin.py:190} INFO - [2024-10-17T22:48:31.093+0000] {override.py:1900} INFO - Created Permission View: can edit on DAG:conditional_dataset_and_time_based_timetable
[2024-10-17T22:48:31.097+0000] {logging_mixin.py:190} INFO - [2024-10-17T22:48:31.097+0000] {override.py:1900} INFO - Created Permission View: can delete on DAG:conditional_dataset_and_time_based_timetable
[2024-10-17T22:48:31.102+0000] {logging_mixin.py:190} INFO - [2024-10-17T22:48:31.101+0000] {override.py:1900} INFO - Created Permission View: can read on DAG:conditional_dataset_and_time_based_timetable
[2024-10-17T22:48:31.106+0000] {logging_mixin.py:190} INFO - [2024-10-17T22:48:31.106+0000] {override.py:1900} INFO - Created Permission View: menu access on DAG Run:conditional_dataset_and_time_based_timetable
[2024-10-17T22:48:31.110+0000] {logging_mixin.py:190} INFO - [2024-10-17T22:48:31.110+0000] {override.py:1900} INFO - Created Permission View: can create on DAG Run:conditional_dataset_and_time_based_timetable
[2024-10-17T22:48:31.115+0000] {logging_mixin.py:190} INFO - [2024-10-17T22:48:31.114+0000] {override.py:1900} INFO - Created Permission View: can delete on DAG Run:conditional_dataset_and_time_based_timetable
[2024-10-17T22:48:31.119+0000] {logging_mixin.py:190} INFO - [2024-10-17T22:48:31.119+0000] {override.py:1900} INFO - Created Permission View: can read on DAG Run:conditional_dataset_and_time_based_timetable
[2024-10-17T22:48:31.126+0000] {logging_mixin.py:190} INFO - [2024-10-17T22:48:31.126+0000] {override.py:1900} INFO - Created Permission View: can edit on DAG:dataset_consumes_1_never_scheduled
[2024-10-17T22:48:31.131+0000] {logging_mixin.py:190} INFO - [2024-10-17T22:48:31.131+0000] {override.py:1900} INFO - Created Permission View: can delete on DAG:dataset_consumes_1_never_scheduled
[2024-10-17T22:48:31.135+0000] {logging_mixin.py:190} INFO - [2024-10-17T22:48:31.135+0000] {override.py:1900} INFO - Created Permission View: can read on DAG:dataset_consumes_1_never_scheduled
[2024-10-17T22:48:31.140+0000] {logging_mixin.py:190} INFO - [2024-10-17T22:48:31.140+0000] {override.py:1900} INFO - Created Permission View: menu access on DAG Run:dataset_consumes_1_never_scheduled
[2024-10-17T22:48:31.144+0000] {logging_mixin.py:190} INFO - [2024-10-17T22:48:31.144+0000] {override.py:1900} INFO - Created Permission View: can create on DAG Run:dataset_consumes_1_never_scheduled
[2024-10-17T22:48:31.148+0000] {logging_mixin.py:190} INFO - [2024-10-17T22:48:31.148+0000] {override.py:1900} INFO - Created Permission View: can delete on DAG Run:dataset_consumes_1_never_scheduled
[2024-10-17T22:48:31.153+0000] {logging_mixin.py:190} INFO - [2024-10-17T22:48:31.152+0000] {override.py:1900} INFO - Created Permission View: can read on DAG Run:dataset_consumes_1_never_scheduled
[2024-10-17T22:48:31.160+0000] {logging_mixin.py:190} INFO - [2024-10-17T22:48:31.160+0000] {override.py:1900} INFO - Created Permission View: can edit on DAG:consume_1_or_both_2_and_3_with_dataset_expressions
[2024-10-17T22:48:31.165+0000] {logging_mixin.py:190} INFO - [2024-10-17T22:48:31.165+0000] {override.py:1900} INFO - Created Permission View: can delete on DAG:consume_1_or_both_2_and_3_with_dataset_expressions
[2024-10-17T22:48:31.169+0000] {logging_mixin.py:190} INFO - [2024-10-17T22:48:31.169+0000] {override.py:1900} INFO - Created Permission View: can read on DAG:consume_1_or_both_2_and_3_with_dataset_expressions
[2024-10-17T22:48:31.174+0000] {logging_mixin.py:190} INFO - [2024-10-17T22:48:31.173+0000] {override.py:1900} INFO - Created Permission View: menu access on DAG Run:consume_1_or_both_2_and_3_with_dataset_expressions
[2024-10-17T22:48:31.178+0000] {logging_mixin.py:190} INFO - [2024-10-17T22:48:31.178+0000] {override.py:1900} INFO - Created Permission View: can create on DAG Run:consume_1_or_both_2_and_3_with_dataset_expressions
[2024-10-17T22:48:31.182+0000] {logging_mixin.py:190} INFO - [2024-10-17T22:48:31.182+0000] {override.py:1900} INFO - Created Permission View: can delete on DAG Run:consume_1_or_both_2_and_3_with_dataset_expressions
[2024-10-17T22:48:31.186+0000] {logging_mixin.py:190} INFO - [2024-10-17T22:48:31.186+0000] {override.py:1900} INFO - Created Permission View: can read on DAG Run:consume_1_or_both_2_and_3_with_dataset_expressions
[2024-10-17T22:48:31.194+0000] {logging_mixin.py:190} INFO - [2024-10-17T22:48:31.194+0000] {override.py:1900} INFO - Created Permission View: can edit on DAG:dataset_consumes_unknown_never_scheduled
[2024-10-17T22:48:31.198+0000] {logging_mixin.py:190} INFO - [2024-10-17T22:48:31.198+0000] {override.py:1900} INFO - Created Permission View: can delete on DAG:dataset_consumes_unknown_never_scheduled
[2024-10-17T22:48:31.202+0000] {logging_mixin.py:190} INFO - [2024-10-17T22:48:31.202+0000] {override.py:1900} INFO - Created Permission View: can read on DAG:dataset_consumes_unknown_never_scheduled
[2024-10-17T22:48:31.207+0000] {logging_mixin.py:190} INFO - [2024-10-17T22:48:31.207+0000] {override.py:1900} INFO - Created Permission View: menu access on DAG Run:dataset_consumes_unknown_never_scheduled
[2024-10-17T22:48:31.211+0000] {logging_mixin.py:190} INFO - [2024-10-17T22:48:31.211+0000] {override.py:1900} INFO - Created Permission View: can create on DAG Run:dataset_consumes_unknown_never_scheduled
[2024-10-17T22:48:31.215+0000] {logging_mixin.py:190} INFO - [2024-10-17T22:48:31.215+0000] {override.py:1900} INFO - Created Permission View: can delete on DAG Run:dataset_consumes_unknown_never_scheduled
[2024-10-17T22:48:31.219+0000] {logging_mixin.py:190} INFO - [2024-10-17T22:48:31.219+0000] {override.py:1900} INFO - Created Permission View: can read on DAG Run:dataset_consumes_unknown_never_scheduled
[2024-10-17T22:48:31.220+0000] {logging_mixin.py:190} INFO - [2024-10-17T22:48:31.220+0000] {dag.py:3239} INFO - Sync 10 DAGs
[2024-10-17T22:48:31.229+0000] {logging_mixin.py:190} INFO - [2024-10-17T22:48:31.229+0000] {dag.py:3262} INFO - Creating ORM DAG for dataset_produces_1
[2024-10-17T22:48:31.229+0000] {logging_mixin.py:190} INFO - [2024-10-17T22:48:31.229+0000] {dag.py:3262} INFO - Creating ORM DAG for dataset_consumes_unknown_never_scheduled
[2024-10-17T22:48:31.230+0000] {logging_mixin.py:190} INFO - [2024-10-17T22:48:31.230+0000] {dag.py:3262} INFO - Creating ORM DAG for consume_1_and_2_with_dataset_expressions
[2024-10-17T22:48:31.230+0000] {logging_mixin.py:190} INFO - [2024-10-17T22:48:31.230+0000] {dag.py:3262} INFO - Creating ORM DAG for dataset_consumes_1_never_scheduled
[2024-10-17T22:48:31.231+0000] {logging_mixin.py:190} INFO - [2024-10-17T22:48:31.231+0000] {dag.py:3262} INFO - Creating ORM DAG for conditional_dataset_and_time_based_timetable
[2024-10-17T22:48:31.232+0000] {logging_mixin.py:190} INFO - [2024-10-17T22:48:31.231+0000] {dag.py:3262} INFO - Creating ORM DAG for dataset_consumes_1_and_2
[2024-10-17T22:48:31.232+0000] {logging_mixin.py:190} INFO - [2024-10-17T22:48:31.232+0000] {dag.py:3262} INFO - Creating ORM DAG for dataset_consumes_1
[2024-10-17T22:48:31.233+0000] {logging_mixin.py:190} INFO - [2024-10-17T22:48:31.233+0000] {dag.py:3262} INFO - Creating ORM DAG for dataset_produces_2
[2024-10-17T22:48:31.233+0000] {logging_mixin.py:190} INFO - [2024-10-17T22:48:31.233+0000] {dag.py:3262} INFO - Creating ORM DAG for consume_1_or_2_with_dataset_expressions
[2024-10-17T22:48:31.234+0000] {logging_mixin.py:190} INFO - [2024-10-17T22:48:31.234+0000] {dag.py:3262} INFO - Creating ORM DAG for consume_1_or_both_2_and_3_with_dataset_expressions
[2024-10-17T22:48:31.241+0000] {logging_mixin.py:190} INFO - [2024-10-17T22:48:31.241+0000] {dag.py:4180} INFO - Setting next_dagrun for conditional_dataset_and_time_based_timetable to 2024-10-16 01:00:00+00:00, run_after=2024-10-16 01:00:00+00:00
[2024-10-17T22:48:31.242+0000] {logging_mixin.py:190} INFO - [2024-10-17T22:48:31.242+0000] {dag.py:4180} INFO - Setting next_dagrun for consume_1_and_2_with_dataset_expressions to None, run_after=None
[2024-10-17T22:48:31.242+0000] {logging_mixin.py:190} INFO - [2024-10-17T22:48:31.242+0000] {dag.py:4180} INFO - Setting next_dagrun for consume_1_or_2_with_dataset_expressions to None, run_after=None
[2024-10-17T22:48:31.243+0000] {logging_mixin.py:190} INFO - [2024-10-17T22:48:31.243+0000] {dag.py:4180} INFO - Setting next_dagrun for consume_1_or_both_2_and_3_with_dataset_expressions to None, run_after=None
[2024-10-17T22:48:31.243+0000] {logging_mixin.py:190} INFO - [2024-10-17T22:48:31.243+0000] {dag.py:4180} INFO - Setting next_dagrun for dataset_consumes_1 to None, run_after=None
[2024-10-17T22:48:31.244+0000] {logging_mixin.py:190} INFO - [2024-10-17T22:48:31.244+0000] {dag.py:4180} INFO - Setting next_dagrun for dataset_consumes_1_and_2 to None, run_after=None
[2024-10-17T22:48:31.244+0000] {logging_mixin.py:190} INFO - [2024-10-17T22:48:31.244+0000] {dag.py:4180} INFO - Setting next_dagrun for dataset_consumes_1_never_scheduled to None, run_after=None
[2024-10-17T22:48:31.245+0000] {logging_mixin.py:190} INFO - [2024-10-17T22:48:31.245+0000] {dag.py:4180} INFO - Setting next_dagrun for dataset_consumes_unknown_never_scheduled to None, run_after=None
[2024-10-17T22:48:31.246+0000] {logging_mixin.py:190} INFO - [2024-10-17T22:48:31.246+0000] {dag.py:4180} INFO - Setting next_dagrun for dataset_produces_1 to 2024-10-16 00:00:00+00:00, run_after=2024-10-17 00:00:00+00:00
[2024-10-17T22:48:31.247+0000] {logging_mixin.py:190} INFO - [2024-10-17T22:48:31.247+0000] {dag.py:4180} INFO - Setting next_dagrun for dataset_produces_2 to None, run_after=None
[2024-10-17T22:48:31.276+0000] {processor.py:208} INFO - Processing /home/airflow/.local/lib/python3.12/site-packages/airflow/example_dags/example_datasets.py took 0.579 seconds
[2024-10-17T22:49:02.101+0000] {processor.py:186} INFO - Started process (PID=139) to work on /home/airflow/.local/lib/python3.12/site-packages/airflow/example_dags/example_datasets.py
[2024-10-17T22:49:02.101+0000] {processor.py:914} INFO - Processing file /home/airflow/.local/lib/python3.12/site-packages/airflow/example_dags/example_datasets.py for tasks to queue
[2024-10-17T22:49:02.103+0000] {logging_mixin.py:190} INFO - [2024-10-17T22:49:02.102+0000] {dagbag.py:588} INFO - Filling up the DagBag from /home/airflow/.local/lib/python3.12/site-packages/airflow/example_dags/example_datasets.py
[2024-10-17T22:49:02.210+0000] {processor.py:925} INFO - DAG(s) 'consume_1_or_2_with_dataset_expressions', 'consume_1_and_2_with_dataset_expressions', 'dataset_consumes_1', 'dataset_consumes_1_and_2', 'dataset_produces_2', 'dataset_consumes_unknown_never_scheduled', 'dataset_produces_1', 'dataset_consumes_1_never_scheduled', 'consume_1_or_both_2_and_3_with_dataset_expressions', 'conditional_dataset_and_time_based_timetable' retrieved from /home/airflow/.local/lib/python3.12/site-packages/airflow/example_dags/example_datasets.py
[2024-10-17T22:49:02.240+0000] {logging_mixin.py:190} INFO - [2024-10-17T22:49:02.240+0000] {dag.py:3239} INFO - Sync 10 DAGs
[2024-10-17T22:49:02.259+0000] {logging_mixin.py:190} INFO - [2024-10-17T22:49:02.259+0000] {dag.py:4180} INFO - Setting next_dagrun for conditional_dataset_and_time_based_timetable to 2024-10-16 01:00:00+00:00, run_after=2024-10-16 01:00:00+00:00
[2024-10-17T22:49:02.261+0000] {logging_mixin.py:190} INFO - [2024-10-17T22:49:02.261+0000] {dag.py:4180} INFO - Setting next_dagrun for consume_1_and_2_with_dataset_expressions to None, run_after=None
[2024-10-17T22:49:02.263+0000] {logging_mixin.py:190} INFO - [2024-10-17T22:49:02.262+0000] {dag.py:4180} INFO - Setting next_dagrun for consume_1_or_2_with_dataset_expressions to None, run_after=None
[2024-10-17T22:49:02.264+0000] {logging_mixin.py:190} INFO - [2024-10-17T22:49:02.263+0000] {dag.py:4180} INFO - Setting next_dagrun for consume_1_or_both_2_and_3_with_dataset_expressions to None, run_after=None
[2024-10-17T22:49:02.265+0000] {logging_mixin.py:190} INFO - [2024-10-17T22:49:02.264+0000] {dag.py:4180} INFO - Setting next_dagrun for dataset_consumes_1 to None, run_after=None
[2024-10-17T22:49:02.266+0000] {logging_mixin.py:190} INFO - [2024-10-17T22:49:02.266+0000] {dag.py:4180} INFO - Setting next_dagrun for dataset_consumes_1_and_2 to None, run_after=None
[2024-10-17T22:49:02.267+0000] {logging_mixin.py:190} INFO - [2024-10-17T22:49:02.266+0000] {dag.py:4180} INFO - Setting next_dagrun for dataset_consumes_1_never_scheduled to None, run_after=None
[2024-10-17T22:49:02.268+0000] {logging_mixin.py:190} INFO - [2024-10-17T22:49:02.267+0000] {dag.py:4180} INFO - Setting next_dagrun for dataset_consumes_unknown_never_scheduled to None, run_after=None
[2024-10-17T22:49:02.270+0000] {logging_mixin.py:190} INFO - [2024-10-17T22:49:02.269+0000] {dag.py:4180} INFO - Setting next_dagrun for dataset_produces_1 to 2024-10-16 00:00:00+00:00, run_after=2024-10-17 00:00:00+00:00
[2024-10-17T22:49:02.271+0000] {logging_mixin.py:190} INFO - [2024-10-17T22:49:02.271+0000] {dag.py:4180} INFO - Setting next_dagrun for dataset_produces_2 to None, run_after=None
[2024-10-17T22:49:02.296+0000] {processor.py:208} INFO - Processing /home/airflow/.local/lib/python3.12/site-packages/airflow/example_dags/example_datasets.py took 0.199 seconds
[2024-10-17T22:49:32.812+0000] {processor.py:186} INFO - Started process (PID=201) to work on /home/airflow/.local/lib/python3.12/site-packages/airflow/example_dags/example_datasets.py
[2024-10-17T22:49:32.812+0000] {processor.py:914} INFO - Processing file /home/airflow/.local/lib/python3.12/site-packages/airflow/example_dags/example_datasets.py for tasks to queue
[2024-10-17T22:49:32.814+0000] {logging_mixin.py:190} INFO - [2024-10-17T22:49:32.814+0000] {dagbag.py:588} INFO - Filling up the DagBag from /home/airflow/.local/lib/python3.12/site-packages/airflow/example_dags/example_datasets.py
[2024-10-17T22:49:32.918+0000] {processor.py:925} INFO - DAG(s) 'dataset_produces_1', 'conditional_dataset_and_time_based_timetable', 'dataset_consumes_1_never_scheduled', 'consume_1_and_2_with_dataset_expressions', 'consume_1_or_2_with_dataset_expressions', 'dataset_consumes_1_and_2', 'dataset_consumes_1', 'dataset_consumes_unknown_never_scheduled', 'dataset_produces_2', 'consume_1_or_both_2_and_3_with_dataset_expressions' retrieved from /home/airflow/.local/lib/python3.12/site-packages/airflow/example_dags/example_datasets.py
[2024-10-17T22:49:32.948+0000] {logging_mixin.py:190} INFO - [2024-10-17T22:49:32.948+0000] {dag.py:3239} INFO - Sync 10 DAGs
[2024-10-17T22:49:32.966+0000] {logging_mixin.py:190} INFO - [2024-10-17T22:49:32.966+0000] {dag.py:4180} INFO - Setting next_dagrun for conditional_dataset_and_time_based_timetable to 2024-10-16 01:00:00+00:00, run_after=2024-10-16 01:00:00+00:00
[2024-10-17T22:49:32.968+0000] {logging_mixin.py:190} INFO - [2024-10-17T22:49:32.968+0000] {dag.py:4180} INFO - Setting next_dagrun for consume_1_and_2_with_dataset_expressions to None, run_after=None
[2024-10-17T22:49:32.969+0000] {logging_mixin.py:190} INFO - [2024-10-17T22:49:32.969+0000] {dag.py:4180} INFO - Setting next_dagrun for consume_1_or_2_with_dataset_expressions to None, run_after=None
[2024-10-17T22:49:32.970+0000] {logging_mixin.py:190} INFO - [2024-10-17T22:49:32.970+0000] {dag.py:4180} INFO - Setting next_dagrun for consume_1_or_both_2_and_3_with_dataset_expressions to None, run_after=None
[2024-10-17T22:49:32.971+0000] {logging_mixin.py:190} INFO - [2024-10-17T22:49:32.971+0000] {dag.py:4180} INFO - Setting next_dagrun for dataset_consumes_1 to None, run_after=None
[2024-10-17T22:49:32.972+0000] {logging_mixin.py:190} INFO - [2024-10-17T22:49:32.972+0000] {dag.py:4180} INFO - Setting next_dagrun for dataset_consumes_1_and_2 to None, run_after=None
[2024-10-17T22:49:32.973+0000] {logging_mixin.py:190} INFO - [2024-10-17T22:49:32.973+0000] {dag.py:4180} INFO - Setting next_dagrun for dataset_consumes_1_never_scheduled to None, run_after=None
[2024-10-17T22:49:32.974+0000] {logging_mixin.py:190} INFO - [2024-10-17T22:49:32.974+0000] {dag.py:4180} INFO - Setting next_dagrun for dataset_consumes_unknown_never_scheduled to None, run_after=None
[2024-10-17T22:49:32.976+0000] {logging_mixin.py:190} INFO - [2024-10-17T22:49:32.976+0000] {dag.py:4180} INFO - Setting next_dagrun for dataset_produces_1 to 2024-10-16 00:00:00+00:00, run_after=2024-10-17 00:00:00+00:00
[2024-10-17T22:49:32.977+0000] {logging_mixin.py:190} INFO - [2024-10-17T22:49:32.977+0000] {dag.py:4180} INFO - Setting next_dagrun for dataset_produces_2 to None, run_after=None
[2024-10-17T22:49:33.000+0000] {processor.py:208} INFO - Processing /home/airflow/.local/lib/python3.12/site-packages/airflow/example_dags/example_datasets.py took 0.192 seconds
[2024-10-17T22:50:03.364+0000] {processor.py:186} INFO - Started process (PID=263) to work on /home/airflow/.local/lib/python3.12/site-packages/airflow/example_dags/example_datasets.py
[2024-10-17T22:50:03.365+0000] {processor.py:914} INFO - Processing file /home/airflow/.local/lib/python3.12/site-packages/airflow/example_dags/example_datasets.py for tasks to queue
[2024-10-17T22:50:03.366+0000] {logging_mixin.py:190} INFO - [2024-10-17T22:50:03.366+0000] {dagbag.py:588} INFO - Filling up the DagBag from /home/airflow/.local/lib/python3.12/site-packages/airflow/example_dags/example_datasets.py
[2024-10-17T22:50:03.473+0000] {processor.py:925} INFO - DAG(s) 'dataset_consumes_1_never_scheduled', 'dataset_consumes_1_and_2', 'dataset_consumes_unknown_never_scheduled', 'consume_1_or_both_2_and_3_with_dataset_expressions', 'dataset_produces_2', 'dataset_consumes_1', 'consume_1_and_2_with_dataset_expressions', 'consume_1_or_2_with_dataset_expressions', 'conditional_dataset_and_time_based_timetable', 'dataset_produces_1' retrieved from /home/airflow/.local/lib/python3.12/site-packages/airflow/example_dags/example_datasets.py
[2024-10-17T22:50:03.505+0000] {logging_mixin.py:190} INFO - [2024-10-17T22:50:03.505+0000] {dag.py:3239} INFO - Sync 10 DAGs
[2024-10-17T22:50:03.524+0000] {logging_mixin.py:190} INFO - [2024-10-17T22:50:03.523+0000] {dag.py:4180} INFO - Setting next_dagrun for conditional_dataset_and_time_based_timetable to 2024-10-16 01:00:00+00:00, run_after=2024-10-16 01:00:00+00:00
[2024-10-17T22:50:03.526+0000] {logging_mixin.py:190} INFO - [2024-10-17T22:50:03.526+0000] {dag.py:4180} INFO - Setting next_dagrun for consume_1_and_2_with_dataset_expressions to None, run_after=None
[2024-10-17T22:50:03.527+0000] {logging_mixin.py:190} INFO - [2024-10-17T22:50:03.527+0000] {dag.py:4180} INFO - Setting next_dagrun for consume_1_or_2_with_dataset_expressions to None, run_after=None
[2024-10-17T22:50:03.528+0000] {logging_mixin.py:190} INFO - [2024-10-17T22:50:03.528+0000] {dag.py:4180} INFO - Setting next_dagrun for consume_1_or_both_2_and_3_with_dataset_expressions to None, run_after=None
[2024-10-17T22:50:03.529+0000] {logging_mixin.py:190} INFO - [2024-10-17T22:50:03.529+0000] {dag.py:4180} INFO - Setting next_dagrun for dataset_consumes_1 to None, run_after=None
[2024-10-17T22:50:03.530+0000] {logging_mixin.py:190} INFO - [2024-10-17T22:50:03.530+0000] {dag.py:4180} INFO - Setting next_dagrun for dataset_consumes_1_and_2 to None, run_after=None
[2024-10-17T22:50:03.531+0000] {logging_mixin.py:190} INFO - [2024-10-17T22:50:03.531+0000] {dag.py:4180} INFO - Setting next_dagrun for dataset_consumes_1_never_scheduled to None, run_after=None
[2024-10-17T22:50:03.532+0000] {logging_mixin.py:190} INFO - [2024-10-17T22:50:03.532+0000] {dag.py:4180} INFO - Setting next_dagrun for dataset_consumes_unknown_never_scheduled to None, run_after=None
[2024-10-17T22:50:03.534+0000] {logging_mixin.py:190} INFO - [2024-10-17T22:50:03.534+0000] {dag.py:4180} INFO - Setting next_dagrun for dataset_produces_1 to 2024-10-16 00:00:00+00:00, run_after=2024-10-17 00:00:00+00:00
[2024-10-17T22:50:03.535+0000] {logging_mixin.py:190} INFO - [2024-10-17T22:50:03.535+0000] {dag.py:4180} INFO - Setting next_dagrun for dataset_produces_2 to None, run_after=None
[2024-10-17T22:50:03.558+0000] {processor.py:208} INFO - Processing /home/airflow/.local/lib/python3.12/site-packages/airflow/example_dags/example_datasets.py took 0.198 seconds
