[2024-10-17T22:48:29.686+0000] {processor.py:186} INFO - Started process (PID=65) to work on /home/airflow/.local/lib/python3.12/site-packages/airflow/example_dags/example_inlet_event_extra.py
[2024-10-17T22:48:29.687+0000] {processor.py:914} INFO - Processing file /home/airflow/.local/lib/python3.12/site-packages/airflow/example_dags/example_inlet_event_extra.py for tasks to queue
[2024-10-17T22:48:29.688+0000] {logging_mixin.py:190} INFO - [2024-10-17T22:48:29.688+0000] {dagbag.py:588} INFO - Filling up the DagBag from /home/airflow/.local/lib/python3.12/site-packages/airflow/example_dags/example_inlet_event_extra.py
[2024-10-17T22:48:30.075+0000] {processor.py:925} INFO - DAG(s) 'read_dataset_event', 'read_dataset_event_from_classic' retrieved from /home/airflow/.local/lib/python3.12/site-packages/airflow/example_dags/example_inlet_event_extra.py
[2024-10-17T22:48:30.146+0000] {logging_mixin.py:190} INFO - [2024-10-17T22:48:30.145+0000] {override.py:1900} INFO - Created Permission View: can edit on DAG:read_dataset_event
[2024-10-17T22:48:30.152+0000] {logging_mixin.py:190} INFO - [2024-10-17T22:48:30.152+0000] {override.py:1900} INFO - Created Permission View: can delete on DAG:read_dataset_event
[2024-10-17T22:48:30.157+0000] {logging_mixin.py:190} INFO - [2024-10-17T22:48:30.157+0000] {override.py:1900} INFO - Created Permission View: can read on DAG:read_dataset_event
[2024-10-17T22:48:30.161+0000] {logging_mixin.py:190} INFO - [2024-10-17T22:48:30.161+0000] {override.py:1900} INFO - Created Permission View: menu access on DAG Run:read_dataset_event
[2024-10-17T22:48:30.166+0000] {logging_mixin.py:190} INFO - [2024-10-17T22:48:30.166+0000] {override.py:1900} INFO - Created Permission View: can create on DAG Run:read_dataset_event
[2024-10-17T22:48:30.170+0000] {logging_mixin.py:190} INFO - [2024-10-17T22:48:30.170+0000] {override.py:1900} INFO - Created Permission View: can delete on DAG Run:read_dataset_event
[2024-10-17T22:48:30.174+0000] {logging_mixin.py:190} INFO - [2024-10-17T22:48:30.174+0000] {override.py:1900} INFO - Created Permission View: can read on DAG Run:read_dataset_event
[2024-10-17T22:48:30.182+0000] {logging_mixin.py:190} INFO - [2024-10-17T22:48:30.182+0000] {override.py:1900} INFO - Created Permission View: can edit on DAG:read_dataset_event_from_classic
[2024-10-17T22:48:30.186+0000] {logging_mixin.py:190} INFO - [2024-10-17T22:48:30.186+0000] {override.py:1900} INFO - Created Permission View: can delete on DAG:read_dataset_event_from_classic
[2024-10-17T22:48:30.191+0000] {logging_mixin.py:190} INFO - [2024-10-17T22:48:30.190+0000] {override.py:1900} INFO - Created Permission View: can read on DAG:read_dataset_event_from_classic
[2024-10-17T22:48:30.195+0000] {logging_mixin.py:190} INFO - [2024-10-17T22:48:30.195+0000] {override.py:1900} INFO - Created Permission View: menu access on DAG Run:read_dataset_event_from_classic
[2024-10-17T22:48:30.200+0000] {logging_mixin.py:190} INFO - [2024-10-17T22:48:30.200+0000] {override.py:1900} INFO - Created Permission View: can create on DAG Run:read_dataset_event_from_classic
[2024-10-17T22:48:30.204+0000] {logging_mixin.py:190} INFO - [2024-10-17T22:48:30.204+0000] {override.py:1900} INFO - Created Permission View: can delete on DAG Run:read_dataset_event_from_classic
[2024-10-17T22:48:30.208+0000] {logging_mixin.py:190} INFO - [2024-10-17T22:48:30.208+0000] {override.py:1900} INFO - Created Permission View: can read on DAG Run:read_dataset_event_from_classic
[2024-10-17T22:48:30.209+0000] {logging_mixin.py:190} INFO - [2024-10-17T22:48:30.209+0000] {dag.py:3239} INFO - Sync 2 DAGs
[2024-10-17T22:48:30.218+0000] {logging_mixin.py:190} INFO - [2024-10-17T22:48:30.218+0000] {dag.py:3262} INFO - Creating ORM DAG for read_dataset_event
[2024-10-17T22:48:30.219+0000] {logging_mixin.py:190} INFO - [2024-10-17T22:48:30.219+0000] {dag.py:3262} INFO - Creating ORM DAG for read_dataset_event_from_classic
[2024-10-17T22:48:30.227+0000] {logging_mixin.py:190} INFO - [2024-10-17T22:48:30.227+0000] {dag.py:4180} INFO - Setting next_dagrun for read_dataset_event to 2024-10-16 00:00:00+00:00, run_after=2024-10-17 00:00:00+00:00
[2024-10-17T22:48:30.229+0000] {logging_mixin.py:190} INFO - [2024-10-17T22:48:30.228+0000] {dag.py:4180} INFO - Setting next_dagrun for read_dataset_event_from_classic to 2024-10-16 00:00:00+00:00, run_after=2024-10-17 00:00:00+00:00
[2024-10-17T22:48:30.240+0000] {processor.py:208} INFO - Processing /home/airflow/.local/lib/python3.12/site-packages/airflow/example_dags/example_inlet_event_extra.py took 0.557 seconds
[2024-10-17T22:49:00.477+0000] {processor.py:186} INFO - Started process (PID=127) to work on /home/airflow/.local/lib/python3.12/site-packages/airflow/example_dags/example_inlet_event_extra.py
[2024-10-17T22:49:00.478+0000] {processor.py:914} INFO - Processing file /home/airflow/.local/lib/python3.12/site-packages/airflow/example_dags/example_inlet_event_extra.py for tasks to queue
[2024-10-17T22:49:00.479+0000] {logging_mixin.py:190} INFO - [2024-10-17T22:49:00.479+0000] {dagbag.py:588} INFO - Filling up the DagBag from /home/airflow/.local/lib/python3.12/site-packages/airflow/example_dags/example_inlet_event_extra.py
[2024-10-17T22:49:00.577+0000] {processor.py:925} INFO - DAG(s) 'read_dataset_event', 'read_dataset_event_from_classic' retrieved from /home/airflow/.local/lib/python3.12/site-packages/airflow/example_dags/example_inlet_event_extra.py
[2024-10-17T22:49:00.590+0000] {logging_mixin.py:190} INFO - [2024-10-17T22:49:00.590+0000] {dag.py:3239} INFO - Sync 2 DAGs
[2024-10-17T22:49:00.606+0000] {logging_mixin.py:190} INFO - [2024-10-17T22:49:00.606+0000] {dag.py:4180} INFO - Setting next_dagrun for read_dataset_event to 2024-10-16 00:00:00+00:00, run_after=2024-10-17 00:00:00+00:00
[2024-10-17T22:49:00.610+0000] {logging_mixin.py:190} INFO - [2024-10-17T22:49:00.610+0000] {dag.py:4180} INFO - Setting next_dagrun for read_dataset_event_from_classic to 2024-10-16 00:00:00+00:00, run_after=2024-10-17 00:00:00+00:00
[2024-10-17T22:49:00.623+0000] {processor.py:208} INFO - Processing /home/airflow/.local/lib/python3.12/site-packages/airflow/example_dags/example_inlet_event_extra.py took 0.150 seconds
[2024-10-17T22:49:31.263+0000] {processor.py:186} INFO - Started process (PID=189) to work on /home/airflow/.local/lib/python3.12/site-packages/airflow/example_dags/example_inlet_event_extra.py
[2024-10-17T22:49:31.263+0000] {processor.py:914} INFO - Processing file /home/airflow/.local/lib/python3.12/site-packages/airflow/example_dags/example_inlet_event_extra.py for tasks to queue
[2024-10-17T22:49:31.264+0000] {logging_mixin.py:190} INFO - [2024-10-17T22:49:31.264+0000] {dagbag.py:588} INFO - Filling up the DagBag from /home/airflow/.local/lib/python3.12/site-packages/airflow/example_dags/example_inlet_event_extra.py
[2024-10-17T22:49:31.363+0000] {processor.py:925} INFO - DAG(s) 'read_dataset_event', 'read_dataset_event_from_classic' retrieved from /home/airflow/.local/lib/python3.12/site-packages/airflow/example_dags/example_inlet_event_extra.py
[2024-10-17T22:49:31.377+0000] {logging_mixin.py:190} INFO - [2024-10-17T22:49:31.376+0000] {dag.py:3239} INFO - Sync 2 DAGs
[2024-10-17T22:49:31.395+0000] {logging_mixin.py:190} INFO - [2024-10-17T22:49:31.395+0000] {dag.py:4180} INFO - Setting next_dagrun for read_dataset_event to 2024-10-16 00:00:00+00:00, run_after=2024-10-17 00:00:00+00:00
[2024-10-17T22:49:31.399+0000] {logging_mixin.py:190} INFO - [2024-10-17T22:49:31.399+0000] {dag.py:4180} INFO - Setting next_dagrun for read_dataset_event_from_classic to 2024-10-16 00:00:00+00:00, run_after=2024-10-17 00:00:00+00:00
[2024-10-17T22:49:31.409+0000] {processor.py:208} INFO - Processing /home/airflow/.local/lib/python3.12/site-packages/airflow/example_dags/example_inlet_event_extra.py took 0.150 seconds
[2024-10-17T22:50:01.801+0000] {processor.py:186} INFO - Started process (PID=251) to work on /home/airflow/.local/lib/python3.12/site-packages/airflow/example_dags/example_inlet_event_extra.py
[2024-10-17T22:50:01.802+0000] {processor.py:914} INFO - Processing file /home/airflow/.local/lib/python3.12/site-packages/airflow/example_dags/example_inlet_event_extra.py for tasks to queue
[2024-10-17T22:50:01.804+0000] {logging_mixin.py:190} INFO - [2024-10-17T22:50:01.804+0000] {dagbag.py:588} INFO - Filling up the DagBag from /home/airflow/.local/lib/python3.12/site-packages/airflow/example_dags/example_inlet_event_extra.py
[2024-10-17T22:50:01.902+0000] {processor.py:925} INFO - DAG(s) 'read_dataset_event_from_classic', 'read_dataset_event' retrieved from /home/airflow/.local/lib/python3.12/site-packages/airflow/example_dags/example_inlet_event_extra.py
[2024-10-17T22:50:01.915+0000] {logging_mixin.py:190} INFO - [2024-10-17T22:50:01.915+0000] {dag.py:3239} INFO - Sync 2 DAGs
[2024-10-17T22:50:01.932+0000] {logging_mixin.py:190} INFO - [2024-10-17T22:50:01.931+0000] {dag.py:4180} INFO - Setting next_dagrun for read_dataset_event to 2024-10-16 00:00:00+00:00, run_after=2024-10-17 00:00:00+00:00
[2024-10-17T22:50:01.936+0000] {logging_mixin.py:190} INFO - [2024-10-17T22:50:01.936+0000] {dag.py:4180} INFO - Setting next_dagrun for read_dataset_event_from_classic to 2024-10-16 00:00:00+00:00, run_after=2024-10-17 00:00:00+00:00
[2024-10-17T22:50:01.946+0000] {processor.py:208} INFO - Processing /home/airflow/.local/lib/python3.12/site-packages/airflow/example_dags/example_inlet_event_extra.py took 0.149 seconds
