[2024-10-17T22:48:33.407+0000] {processor.py:186} INFO - Started process (PID=110) to work on /home/airflow/.local/lib/python3.12/site-packages/airflow/example_dags/example_dataset_alias_with_no_taskflow.py
[2024-10-17T22:48:33.407+0000] {processor.py:914} INFO - Processing file /home/airflow/.local/lib/python3.12/site-packages/airflow/example_dags/example_dataset_alias_with_no_taskflow.py for tasks to queue
[2024-10-17T22:48:33.409+0000] {logging_mixin.py:190} INFO - [2024-10-17T22:48:33.409+0000] {dagbag.py:588} INFO - Filling up the DagBag from /home/airflow/.local/lib/python3.12/site-packages/airflow/example_dags/example_dataset_alias_with_no_taskflow.py
[2024-10-17T22:48:33.521+0000] {processor.py:925} INFO - DAG(s) 'dataset_s3_bucket_producer_with_no_taskflow', 'dataset_alias_example_alias_producer_with_no_taskflow', 'dataset_s3_bucket_consumer_with_no_taskflow', 'dataset_alias_example_alias_consumer_with_no_taskflow' retrieved from /home/airflow/.local/lib/python3.12/site-packages/airflow/example_dags/example_dataset_alias_with_no_taskflow.py
[2024-10-17T22:48:33.583+0000] {logging_mixin.py:190} INFO - [2024-10-17T22:48:33.583+0000] {override.py:1900} INFO - Created Permission View: can edit on DAG:dataset_s3_bucket_producer_with_no_taskflow
[2024-10-17T22:48:33.591+0000] {logging_mixin.py:190} INFO - [2024-10-17T22:48:33.591+0000] {override.py:1900} INFO - Created Permission View: can delete on DAG:dataset_s3_bucket_producer_with_no_taskflow
[2024-10-17T22:48:33.596+0000] {logging_mixin.py:190} INFO - [2024-10-17T22:48:33.596+0000] {override.py:1900} INFO - Created Permission View: can read on DAG:dataset_s3_bucket_producer_with_no_taskflow
[2024-10-17T22:48:33.601+0000] {logging_mixin.py:190} INFO - [2024-10-17T22:48:33.601+0000] {override.py:1900} INFO - Created Permission View: menu access on DAG Run:dataset_s3_bucket_producer_with_no_taskflow
[2024-10-17T22:48:33.606+0000] {logging_mixin.py:190} INFO - [2024-10-17T22:48:33.605+0000] {override.py:1900} INFO - Created Permission View: can create on DAG Run:dataset_s3_bucket_producer_with_no_taskflow
[2024-10-17T22:48:33.611+0000] {logging_mixin.py:190} INFO - [2024-10-17T22:48:33.610+0000] {override.py:1900} INFO - Created Permission View: can delete on DAG Run:dataset_s3_bucket_producer_with_no_taskflow
[2024-10-17T22:48:33.615+0000] {logging_mixin.py:190} INFO - [2024-10-17T22:48:33.615+0000] {override.py:1900} INFO - Created Permission View: can read on DAG Run:dataset_s3_bucket_producer_with_no_taskflow
[2024-10-17T22:48:33.625+0000] {logging_mixin.py:190} INFO - [2024-10-17T22:48:33.624+0000] {override.py:1900} INFO - Created Permission View: can edit on DAG:dataset_alias_example_alias_producer_with_no_taskflow
[2024-10-17T22:48:33.629+0000] {logging_mixin.py:190} INFO - [2024-10-17T22:48:33.629+0000] {override.py:1900} INFO - Created Permission View: can delete on DAG:dataset_alias_example_alias_producer_with_no_taskflow
[2024-10-17T22:48:33.633+0000] {logging_mixin.py:190} INFO - [2024-10-17T22:48:33.633+0000] {override.py:1900} INFO - Created Permission View: can read on DAG:dataset_alias_example_alias_producer_with_no_taskflow
[2024-10-17T22:48:33.638+0000] {logging_mixin.py:190} INFO - [2024-10-17T22:48:33.638+0000] {override.py:1900} INFO - Created Permission View: menu access on DAG Run:dataset_alias_example_alias_producer_with_no_taskflow
[2024-10-17T22:48:33.642+0000] {logging_mixin.py:190} INFO - [2024-10-17T22:48:33.642+0000] {override.py:1900} INFO - Created Permission View: can create on DAG Run:dataset_alias_example_alias_producer_with_no_taskflow
[2024-10-17T22:48:33.647+0000] {logging_mixin.py:190} INFO - [2024-10-17T22:48:33.646+0000] {override.py:1900} INFO - Created Permission View: can delete on DAG Run:dataset_alias_example_alias_producer_with_no_taskflow
[2024-10-17T22:48:33.651+0000] {logging_mixin.py:190} INFO - [2024-10-17T22:48:33.651+0000] {override.py:1900} INFO - Created Permission View: can read on DAG Run:dataset_alias_example_alias_producer_with_no_taskflow
[2024-10-17T22:48:33.659+0000] {logging_mixin.py:190} INFO - [2024-10-17T22:48:33.659+0000] {override.py:1900} INFO - Created Permission View: can edit on DAG:dataset_s3_bucket_consumer_with_no_taskflow
[2024-10-17T22:48:33.664+0000] {logging_mixin.py:190} INFO - [2024-10-17T22:48:33.663+0000] {override.py:1900} INFO - Created Permission View: can delete on DAG:dataset_s3_bucket_consumer_with_no_taskflow
[2024-10-17T22:48:33.668+0000] {logging_mixin.py:190} INFO - [2024-10-17T22:48:33.668+0000] {override.py:1900} INFO - Created Permission View: can read on DAG:dataset_s3_bucket_consumer_with_no_taskflow
[2024-10-17T22:48:33.673+0000] {logging_mixin.py:190} INFO - [2024-10-17T22:48:33.672+0000] {override.py:1900} INFO - Created Permission View: menu access on DAG Run:dataset_s3_bucket_consumer_with_no_taskflow
[2024-10-17T22:48:33.677+0000] {logging_mixin.py:190} INFO - [2024-10-17T22:48:33.677+0000] {override.py:1900} INFO - Created Permission View: can create on DAG Run:dataset_s3_bucket_consumer_with_no_taskflow
[2024-10-17T22:48:33.681+0000] {logging_mixin.py:190} INFO - [2024-10-17T22:48:33.681+0000] {override.py:1900} INFO - Created Permission View: can delete on DAG Run:dataset_s3_bucket_consumer_with_no_taskflow
[2024-10-17T22:48:33.686+0000] {logging_mixin.py:190} INFO - [2024-10-17T22:48:33.686+0000] {override.py:1900} INFO - Created Permission View: can read on DAG Run:dataset_s3_bucket_consumer_with_no_taskflow
[2024-10-17T22:48:33.694+0000] {logging_mixin.py:190} INFO - [2024-10-17T22:48:33.694+0000] {override.py:1900} INFO - Created Permission View: can edit on DAG:dataset_alias_example_alias_consumer_with_no_taskflow
[2024-10-17T22:48:33.698+0000] {logging_mixin.py:190} INFO - [2024-10-17T22:48:33.698+0000] {override.py:1900} INFO - Created Permission View: can delete on DAG:dataset_alias_example_alias_consumer_with_no_taskflow
[2024-10-17T22:48:33.702+0000] {logging_mixin.py:190} INFO - [2024-10-17T22:48:33.702+0000] {override.py:1900} INFO - Created Permission View: can read on DAG:dataset_alias_example_alias_consumer_with_no_taskflow
[2024-10-17T22:48:33.707+0000] {logging_mixin.py:190} INFO - [2024-10-17T22:48:33.707+0000] {override.py:1900} INFO - Created Permission View: menu access on DAG Run:dataset_alias_example_alias_consumer_with_no_taskflow
[2024-10-17T22:48:33.712+0000] {logging_mixin.py:190} INFO - [2024-10-17T22:48:33.711+0000] {override.py:1900} INFO - Created Permission View: can create on DAG Run:dataset_alias_example_alias_consumer_with_no_taskflow
[2024-10-17T22:48:33.716+0000] {logging_mixin.py:190} INFO - [2024-10-17T22:48:33.716+0000] {override.py:1900} INFO - Created Permission View: can delete on DAG Run:dataset_alias_example_alias_consumer_with_no_taskflow
[2024-10-17T22:48:33.720+0000] {logging_mixin.py:190} INFO - [2024-10-17T22:48:33.720+0000] {override.py:1900} INFO - Created Permission View: can read on DAG Run:dataset_alias_example_alias_consumer_with_no_taskflow
[2024-10-17T22:48:33.721+0000] {logging_mixin.py:190} INFO - [2024-10-17T22:48:33.721+0000] {dag.py:3239} INFO - Sync 4 DAGs
[2024-10-17T22:48:33.733+0000] {logging_mixin.py:190} INFO - [2024-10-17T22:48:33.733+0000] {dag.py:3262} INFO - Creating ORM DAG for dataset_alias_example_alias_consumer_with_no_taskflow
[2024-10-17T22:48:33.733+0000] {logging_mixin.py:190} INFO - [2024-10-17T22:48:33.733+0000] {dag.py:3262} INFO - Creating ORM DAG for dataset_alias_example_alias_producer_with_no_taskflow
[2024-10-17T22:48:33.734+0000] {logging_mixin.py:190} INFO - [2024-10-17T22:48:33.734+0000] {dag.py:3262} INFO - Creating ORM DAG for dataset_s3_bucket_consumer_with_no_taskflow
[2024-10-17T22:48:33.734+0000] {logging_mixin.py:190} INFO - [2024-10-17T22:48:33.734+0000] {dag.py:3262} INFO - Creating ORM DAG for dataset_s3_bucket_producer_with_no_taskflow
[2024-10-17T22:48:33.741+0000] {logging_mixin.py:190} INFO - [2024-10-17T22:48:33.741+0000] {dag.py:4180} INFO - Setting next_dagrun for dataset_alias_example_alias_consumer_with_no_taskflow to None, run_after=None
[2024-10-17T22:48:33.741+0000] {logging_mixin.py:190} INFO - [2024-10-17T22:48:33.741+0000] {dag.py:4180} INFO - Setting next_dagrun for dataset_alias_example_alias_producer_with_no_taskflow to None, run_after=None
[2024-10-17T22:48:33.742+0000] {logging_mixin.py:190} INFO - [2024-10-17T22:48:33.742+0000] {dag.py:4180} INFO - Setting next_dagrun for dataset_s3_bucket_consumer_with_no_taskflow to None, run_after=None
[2024-10-17T22:48:33.743+0000] {logging_mixin.py:190} INFO - [2024-10-17T22:48:33.742+0000] {dag.py:4180} INFO - Setting next_dagrun for dataset_s3_bucket_producer_with_no_taskflow to None, run_after=None
[2024-10-17T22:48:33.761+0000] {processor.py:208} INFO - Processing /home/airflow/.local/lib/python3.12/site-packages/airflow/example_dags/example_dataset_alias_with_no_taskflow.py took 0.358 seconds
[2024-10-17T22:49:04.425+0000] {processor.py:186} INFO - Started process (PID=172) to work on /home/airflow/.local/lib/python3.12/site-packages/airflow/example_dags/example_dataset_alias_with_no_taskflow.py
[2024-10-17T22:49:04.426+0000] {processor.py:914} INFO - Processing file /home/airflow/.local/lib/python3.12/site-packages/airflow/example_dags/example_dataset_alias_with_no_taskflow.py for tasks to queue
[2024-10-17T22:49:04.427+0000] {logging_mixin.py:190} INFO - [2024-10-17T22:49:04.427+0000] {dagbag.py:588} INFO - Filling up the DagBag from /home/airflow/.local/lib/python3.12/site-packages/airflow/example_dags/example_dataset_alias_with_no_taskflow.py
[2024-10-17T22:49:04.535+0000] {processor.py:925} INFO - DAG(s) 'dataset_s3_bucket_consumer_with_no_taskflow', 'dataset_s3_bucket_producer_with_no_taskflow', 'dataset_alias_example_alias_consumer_with_no_taskflow', 'dataset_alias_example_alias_producer_with_no_taskflow' retrieved from /home/airflow/.local/lib/python3.12/site-packages/airflow/example_dags/example_dataset_alias_with_no_taskflow.py
[2024-10-17T22:49:04.548+0000] {logging_mixin.py:190} INFO - [2024-10-17T22:49:04.548+0000] {dag.py:3239} INFO - Sync 4 DAGs
[2024-10-17T22:49:04.564+0000] {logging_mixin.py:190} INFO - [2024-10-17T22:49:04.564+0000] {dag.py:4180} INFO - Setting next_dagrun for dataset_alias_example_alias_consumer_with_no_taskflow to None, run_after=None
[2024-10-17T22:49:04.567+0000] {logging_mixin.py:190} INFO - [2024-10-17T22:49:04.566+0000] {dag.py:4180} INFO - Setting next_dagrun for dataset_alias_example_alias_producer_with_no_taskflow to None, run_after=None
[2024-10-17T22:49:04.568+0000] {logging_mixin.py:190} INFO - [2024-10-17T22:49:04.567+0000] {dag.py:4180} INFO - Setting next_dagrun for dataset_s3_bucket_consumer_with_no_taskflow to None, run_after=None
[2024-10-17T22:49:04.568+0000] {logging_mixin.py:190} INFO - [2024-10-17T22:49:04.568+0000] {dag.py:4180} INFO - Setting next_dagrun for dataset_s3_bucket_producer_with_no_taskflow to None, run_after=None
[2024-10-17T22:49:04.582+0000] {processor.py:208} INFO - Processing /home/airflow/.local/lib/python3.12/site-packages/airflow/example_dags/example_dataset_alias_with_no_taskflow.py took 0.160 seconds
[2024-10-17T22:49:34.984+0000] {processor.py:186} INFO - Started process (PID=234) to work on /home/airflow/.local/lib/python3.12/site-packages/airflow/example_dags/example_dataset_alias_with_no_taskflow.py
[2024-10-17T22:49:34.985+0000] {processor.py:914} INFO - Processing file /home/airflow/.local/lib/python3.12/site-packages/airflow/example_dags/example_dataset_alias_with_no_taskflow.py for tasks to queue
[2024-10-17T22:49:34.986+0000] {logging_mixin.py:190} INFO - [2024-10-17T22:49:34.986+0000] {dagbag.py:588} INFO - Filling up the DagBag from /home/airflow/.local/lib/python3.12/site-packages/airflow/example_dags/example_dataset_alias_with_no_taskflow.py
[2024-10-17T22:49:35.097+0000] {processor.py:925} INFO - DAG(s) 'dataset_s3_bucket_consumer_with_no_taskflow', 'dataset_s3_bucket_producer_with_no_taskflow', 'dataset_alias_example_alias_consumer_with_no_taskflow', 'dataset_alias_example_alias_producer_with_no_taskflow' retrieved from /home/airflow/.local/lib/python3.12/site-packages/airflow/example_dags/example_dataset_alias_with_no_taskflow.py
[2024-10-17T22:49:35.111+0000] {logging_mixin.py:190} INFO - [2024-10-17T22:49:35.111+0000] {dag.py:3239} INFO - Sync 4 DAGs
[2024-10-17T22:49:35.126+0000] {logging_mixin.py:190} INFO - [2024-10-17T22:49:35.126+0000] {dag.py:4180} INFO - Setting next_dagrun for dataset_alias_example_alias_consumer_with_no_taskflow to None, run_after=None
[2024-10-17T22:49:35.128+0000] {logging_mixin.py:190} INFO - [2024-10-17T22:49:35.128+0000] {dag.py:4180} INFO - Setting next_dagrun for dataset_alias_example_alias_producer_with_no_taskflow to None, run_after=None
[2024-10-17T22:49:35.129+0000] {logging_mixin.py:190} INFO - [2024-10-17T22:49:35.129+0000] {dag.py:4180} INFO - Setting next_dagrun for dataset_s3_bucket_consumer_with_no_taskflow to None, run_after=None
[2024-10-17T22:49:35.130+0000] {logging_mixin.py:190} INFO - [2024-10-17T22:49:35.130+0000] {dag.py:4180} INFO - Setting next_dagrun for dataset_s3_bucket_producer_with_no_taskflow to None, run_after=None
[2024-10-17T22:49:35.143+0000] {processor.py:208} INFO - Processing /home/airflow/.local/lib/python3.12/site-packages/airflow/example_dags/example_dataset_alias_with_no_taskflow.py took 0.163 seconds
[2024-10-17T22:50:05.565+0000] {processor.py:186} INFO - Started process (PID=296) to work on /home/airflow/.local/lib/python3.12/site-packages/airflow/example_dags/example_dataset_alias_with_no_taskflow.py
[2024-10-17T22:50:05.565+0000] {processor.py:914} INFO - Processing file /home/airflow/.local/lib/python3.12/site-packages/airflow/example_dags/example_dataset_alias_with_no_taskflow.py for tasks to queue
[2024-10-17T22:50:05.567+0000] {logging_mixin.py:190} INFO - [2024-10-17T22:50:05.566+0000] {dagbag.py:588} INFO - Filling up the DagBag from /home/airflow/.local/lib/python3.12/site-packages/airflow/example_dags/example_dataset_alias_with_no_taskflow.py
[2024-10-17T22:50:05.673+0000] {processor.py:925} INFO - DAG(s) 'dataset_alias_example_alias_producer_with_no_taskflow', 'dataset_s3_bucket_consumer_with_no_taskflow', 'dataset_s3_bucket_producer_with_no_taskflow', 'dataset_alias_example_alias_consumer_with_no_taskflow' retrieved from /home/airflow/.local/lib/python3.12/site-packages/airflow/example_dags/example_dataset_alias_with_no_taskflow.py
[2024-10-17T22:50:05.687+0000] {logging_mixin.py:190} INFO - [2024-10-17T22:50:05.687+0000] {dag.py:3239} INFO - Sync 4 DAGs
[2024-10-17T22:50:05.702+0000] {logging_mixin.py:190} INFO - [2024-10-17T22:50:05.702+0000] {dag.py:4180} INFO - Setting next_dagrun for dataset_alias_example_alias_consumer_with_no_taskflow to None, run_after=None
[2024-10-17T22:50:05.704+0000] {logging_mixin.py:190} INFO - [2024-10-17T22:50:05.704+0000] {dag.py:4180} INFO - Setting next_dagrun for dataset_alias_example_alias_producer_with_no_taskflow to None, run_after=None
[2024-10-17T22:50:05.705+0000] {logging_mixin.py:190} INFO - [2024-10-17T22:50:05.705+0000] {dag.py:4180} INFO - Setting next_dagrun for dataset_s3_bucket_consumer_with_no_taskflow to None, run_after=None
[2024-10-17T22:50:05.706+0000] {logging_mixin.py:190} INFO - [2024-10-17T22:50:05.706+0000] {dag.py:4180} INFO - Setting next_dagrun for dataset_s3_bucket_producer_with_no_taskflow to None, run_after=None
[2024-10-17T22:50:05.720+0000] {processor.py:208} INFO - Processing /home/airflow/.local/lib/python3.12/site-packages/airflow/example_dags/example_dataset_alias_with_no_taskflow.py took 0.159 seconds
