[2024-10-17T22:48:31.301+0000] {processor.py:186} INFO - Started process (PID=80) to work on /home/airflow/.local/lib/python3.12/site-packages/airflow/example_dags/example_local_kubernetes_executor.py
[2024-10-17T22:48:31.301+0000] {processor.py:914} INFO - Processing file /home/airflow/.local/lib/python3.12/site-packages/airflow/example_dags/example_local_kubernetes_executor.py for tasks to queue
[2024-10-17T22:48:31.303+0000] {logging_mixin.py:190} INFO - [2024-10-17T22:48:31.302+0000] {dagbag.py:588} INFO - Filling up the DagBag from /home/airflow/.local/lib/python3.12/site-packages/airflow/example_dags/example_local_kubernetes_executor.py
[2024-10-17T22:48:31.309+0000] {processor.py:925} INFO - DAG(s) 'example_local_kubernetes_executor' retrieved from /home/airflow/.local/lib/python3.12/site-packages/airflow/example_dags/example_local_kubernetes_executor.py
[2024-10-17T22:48:31.387+0000] {logging_mixin.py:190} INFO - [2024-10-17T22:48:31.387+0000] {override.py:1900} INFO - Created Permission View: can edit on DAG:example_local_kubernetes_executor
[2024-10-17T22:48:31.393+0000] {logging_mixin.py:190} INFO - [2024-10-17T22:48:31.393+0000] {override.py:1900} INFO - Created Permission View: can delete on DAG:example_local_kubernetes_executor
[2024-10-17T22:48:31.398+0000] {logging_mixin.py:190} INFO - [2024-10-17T22:48:31.397+0000] {override.py:1900} INFO - Created Permission View: can read on DAG:example_local_kubernetes_executor
[2024-10-17T22:48:31.402+0000] {logging_mixin.py:190} INFO - [2024-10-17T22:48:31.402+0000] {override.py:1900} INFO - Created Permission View: menu access on DAG Run:example_local_kubernetes_executor
[2024-10-17T22:48:31.406+0000] {logging_mixin.py:190} INFO - [2024-10-17T22:48:31.406+0000] {override.py:1900} INFO - Created Permission View: can create on DAG Run:example_local_kubernetes_executor
[2024-10-17T22:48:31.411+0000] {logging_mixin.py:190} INFO - [2024-10-17T22:48:31.410+0000] {override.py:1900} INFO - Created Permission View: can delete on DAG Run:example_local_kubernetes_executor
[2024-10-17T22:48:31.415+0000] {logging_mixin.py:190} INFO - [2024-10-17T22:48:31.415+0000] {override.py:1900} INFO - Created Permission View: can read on DAG Run:example_local_kubernetes_executor
[2024-10-17T22:48:31.415+0000] {logging_mixin.py:190} INFO - [2024-10-17T22:48:31.415+0000] {dag.py:3239} INFO - Sync 1 DAGs
[2024-10-17T22:48:31.425+0000] {logging_mixin.py:190} INFO - [2024-10-17T22:48:31.425+0000] {dag.py:3262} INFO - Creating ORM DAG for example_local_kubernetes_executor
[2024-10-17T22:48:31.426+0000] {logging_mixin.py:190} INFO - [2024-10-17T22:48:31.426+0000] {dag.py:4180} INFO - Setting next_dagrun for example_local_kubernetes_executor to None, run_after=None
[2024-10-17T22:48:31.436+0000] {processor.py:208} INFO - Processing /home/airflow/.local/lib/python3.12/site-packages/airflow/example_dags/example_local_kubernetes_executor.py took 0.139 seconds
[2024-10-17T22:49:02.301+0000] {processor.py:186} INFO - Started process (PID=142) to work on /home/airflow/.local/lib/python3.12/site-packages/airflow/example_dags/example_local_kubernetes_executor.py
[2024-10-17T22:49:02.302+0000] {processor.py:914} INFO - Processing file /home/airflow/.local/lib/python3.12/site-packages/airflow/example_dags/example_local_kubernetes_executor.py for tasks to queue
[2024-10-17T22:49:02.303+0000] {logging_mixin.py:190} INFO - [2024-10-17T22:49:02.303+0000] {dagbag.py:588} INFO - Filling up the DagBag from /home/airflow/.local/lib/python3.12/site-packages/airflow/example_dags/example_local_kubernetes_executor.py
[2024-10-17T22:49:02.309+0000] {processor.py:925} INFO - DAG(s) 'example_local_kubernetes_executor' retrieved from /home/airflow/.local/lib/python3.12/site-packages/airflow/example_dags/example_local_kubernetes_executor.py
[2024-10-17T22:49:02.330+0000] {logging_mixin.py:190} INFO - [2024-10-17T22:49:02.330+0000] {dag.py:3239} INFO - Sync 1 DAGs
[2024-10-17T22:49:02.340+0000] {logging_mixin.py:190} INFO - [2024-10-17T22:49:02.340+0000] {dag.py:4180} INFO - Setting next_dagrun for example_local_kubernetes_executor to None, run_after=None
[2024-10-17T22:49:02.351+0000] {processor.py:208} INFO - Processing /home/airflow/.local/lib/python3.12/site-packages/airflow/example_dags/example_local_kubernetes_executor.py took 0.054 seconds
[2024-10-17T22:49:33.012+0000] {processor.py:186} INFO - Started process (PID=204) to work on /home/airflow/.local/lib/python3.12/site-packages/airflow/example_dags/example_local_kubernetes_executor.py
[2024-10-17T22:49:33.013+0000] {processor.py:914} INFO - Processing file /home/airflow/.local/lib/python3.12/site-packages/airflow/example_dags/example_local_kubernetes_executor.py for tasks to queue
[2024-10-17T22:49:33.014+0000] {logging_mixin.py:190} INFO - [2024-10-17T22:49:33.014+0000] {dagbag.py:588} INFO - Filling up the DagBag from /home/airflow/.local/lib/python3.12/site-packages/airflow/example_dags/example_local_kubernetes_executor.py
[2024-10-17T22:49:33.020+0000] {processor.py:925} INFO - DAG(s) 'example_local_kubernetes_executor' retrieved from /home/airflow/.local/lib/python3.12/site-packages/airflow/example_dags/example_local_kubernetes_executor.py
[2024-10-17T22:49:33.041+0000] {logging_mixin.py:190} INFO - [2024-10-17T22:49:33.041+0000] {dag.py:3239} INFO - Sync 1 DAGs
[2024-10-17T22:49:33.051+0000] {logging_mixin.py:190} INFO - [2024-10-17T22:49:33.051+0000] {dag.py:4180} INFO - Setting next_dagrun for example_local_kubernetes_executor to None, run_after=None
[2024-10-17T22:49:33.063+0000] {processor.py:208} INFO - Processing /home/airflow/.local/lib/python3.12/site-packages/airflow/example_dags/example_local_kubernetes_executor.py took 0.054 seconds
[2024-10-17T22:50:03.587+0000] {processor.py:186} INFO - Started process (PID=272) to work on /home/airflow/.local/lib/python3.12/site-packages/airflow/example_dags/example_local_kubernetes_executor.py
[2024-10-17T22:50:03.588+0000] {processor.py:914} INFO - Processing file /home/airflow/.local/lib/python3.12/site-packages/airflow/example_dags/example_local_kubernetes_executor.py for tasks to queue
[2024-10-17T22:50:03.589+0000] {logging_mixin.py:190} INFO - [2024-10-17T22:50:03.589+0000] {dagbag.py:588} INFO - Filling up the DagBag from /home/airflow/.local/lib/python3.12/site-packages/airflow/example_dags/example_local_kubernetes_executor.py
[2024-10-17T22:50:03.595+0000] {processor.py:925} INFO - DAG(s) 'example_local_kubernetes_executor' retrieved from /home/airflow/.local/lib/python3.12/site-packages/airflow/example_dags/example_local_kubernetes_executor.py
[2024-10-17T22:50:03.616+0000] {logging_mixin.py:190} INFO - [2024-10-17T22:50:03.616+0000] {dag.py:3239} INFO - Sync 1 DAGs
[2024-10-17T22:50:03.626+0000] {logging_mixin.py:190} INFO - [2024-10-17T22:50:03.626+0000] {dag.py:4180} INFO - Setting next_dagrun for example_local_kubernetes_executor to None, run_after=None
[2024-10-17T22:50:03.637+0000] {processor.py:208} INFO - Processing /home/airflow/.local/lib/python3.12/site-packages/airflow/example_dags/example_local_kubernetes_executor.py took 0.054 seconds
