[2024-10-17T22:48:29.381+0000] {processor.py:186} INFO - Started process (PID=62) to work on /home/airflow/.local/lib/python3.12/site-packages/airflow/example_dags/example_setup_teardown_taskflow.py
[2024-10-17T22:48:29.381+0000] {processor.py:914} INFO - Processing file /home/airflow/.local/lib/python3.12/site-packages/airflow/example_dags/example_setup_teardown_taskflow.py for tasks to queue
[2024-10-17T22:48:29.383+0000] {logging_mixin.py:190} INFO - [2024-10-17T22:48:29.382+0000] {dagbag.py:588} INFO - Filling up the DagBag from /home/airflow/.local/lib/python3.12/site-packages/airflow/example_dags/example_setup_teardown_taskflow.py
[2024-10-17T22:48:29.391+0000] {processor.py:925} INFO - DAG(s) 'example_setup_teardown_taskflow' retrieved from /home/airflow/.local/lib/python3.12/site-packages/airflow/example_dags/example_setup_teardown_taskflow.py
[2024-10-17T22:48:29.461+0000] {logging_mixin.py:190} INFO - [2024-10-17T22:48:29.461+0000] {override.py:1900} INFO - Created Permission View: can edit on DAG:example_setup_teardown_taskflow
[2024-10-17T22:48:29.467+0000] {logging_mixin.py:190} INFO - [2024-10-17T22:48:29.467+0000] {override.py:1900} INFO - Created Permission View: can delete on DAG:example_setup_teardown_taskflow
[2024-10-17T22:48:29.472+0000] {logging_mixin.py:190} INFO - [2024-10-17T22:48:29.472+0000] {override.py:1900} INFO - Created Permission View: can read on DAG:example_setup_teardown_taskflow
[2024-10-17T22:48:29.477+0000] {logging_mixin.py:190} INFO - [2024-10-17T22:48:29.477+0000] {override.py:1900} INFO - Created Permission View: menu access on DAG Run:example_setup_teardown_taskflow
[2024-10-17T22:48:29.481+0000] {logging_mixin.py:190} INFO - [2024-10-17T22:48:29.481+0000] {override.py:1900} INFO - Created Permission View: can create on DAG Run:example_setup_teardown_taskflow
[2024-10-17T22:48:29.485+0000] {logging_mixin.py:190} INFO - [2024-10-17T22:48:29.485+0000] {override.py:1900} INFO - Created Permission View: can delete on DAG Run:example_setup_teardown_taskflow
[2024-10-17T22:48:29.490+0000] {logging_mixin.py:190} INFO - [2024-10-17T22:48:29.490+0000] {override.py:1900} INFO - Created Permission View: can read on DAG Run:example_setup_teardown_taskflow
[2024-10-17T22:48:29.490+0000] {logging_mixin.py:190} INFO - [2024-10-17T22:48:29.490+0000] {dag.py:3239} INFO - Sync 1 DAGs
[2024-10-17T22:48:29.499+0000] {logging_mixin.py:190} INFO - [2024-10-17T22:48:29.499+0000] {dag.py:3262} INFO - Creating ORM DAG for example_setup_teardown_taskflow
[2024-10-17T22:48:29.500+0000] {logging_mixin.py:190} INFO - [2024-10-17T22:48:29.500+0000] {dag.py:4180} INFO - Setting next_dagrun for example_setup_teardown_taskflow to None, run_after=None
[2024-10-17T22:48:29.510+0000] {processor.py:208} INFO - Processing /home/airflow/.local/lib/python3.12/site-packages/airflow/example_dags/example_setup_teardown_taskflow.py took 0.133 seconds
[2024-10-17T22:49:00.410+0000] {processor.py:186} INFO - Started process (PID=124) to work on /home/airflow/.local/lib/python3.12/site-packages/airflow/example_dags/example_setup_teardown_taskflow.py
[2024-10-17T22:49:00.411+0000] {processor.py:914} INFO - Processing file /home/airflow/.local/lib/python3.12/site-packages/airflow/example_dags/example_setup_teardown_taskflow.py for tasks to queue
[2024-10-17T22:49:00.412+0000] {logging_mixin.py:190} INFO - [2024-10-17T22:49:00.412+0000] {dagbag.py:588} INFO - Filling up the DagBag from /home/airflow/.local/lib/python3.12/site-packages/airflow/example_dags/example_setup_teardown_taskflow.py
[2024-10-17T22:49:00.419+0000] {processor.py:925} INFO - DAG(s) 'example_setup_teardown_taskflow' retrieved from /home/airflow/.local/lib/python3.12/site-packages/airflow/example_dags/example_setup_teardown_taskflow.py
[2024-10-17T22:49:00.434+0000] {logging_mixin.py:190} INFO - [2024-10-17T22:49:00.434+0000] {dag.py:3239} INFO - Sync 1 DAGs
[2024-10-17T22:49:00.444+0000] {logging_mixin.py:190} INFO - [2024-10-17T22:49:00.444+0000] {dag.py:4180} INFO - Setting next_dagrun for example_setup_teardown_taskflow to None, run_after=None
[2024-10-17T22:49:00.456+0000] {processor.py:208} INFO - Processing /home/airflow/.local/lib/python3.12/site-packages/airflow/example_dags/example_setup_teardown_taskflow.py took 0.050 seconds
[2024-10-17T22:49:31.125+0000] {processor.py:186} INFO - Started process (PID=186) to work on /home/airflow/.local/lib/python3.12/site-packages/airflow/example_dags/example_setup_teardown_taskflow.py
[2024-10-17T22:49:31.125+0000] {processor.py:914} INFO - Processing file /home/airflow/.local/lib/python3.12/site-packages/airflow/example_dags/example_setup_teardown_taskflow.py for tasks to queue
[2024-10-17T22:49:31.126+0000] {logging_mixin.py:190} INFO - [2024-10-17T22:49:31.126+0000] {dagbag.py:588} INFO - Filling up the DagBag from /home/airflow/.local/lib/python3.12/site-packages/airflow/example_dags/example_setup_teardown_taskflow.py
[2024-10-17T22:49:31.133+0000] {processor.py:925} INFO - DAG(s) 'example_setup_teardown_taskflow' retrieved from /home/airflow/.local/lib/python3.12/site-packages/airflow/example_dags/example_setup_teardown_taskflow.py
[2024-10-17T22:49:31.148+0000] {logging_mixin.py:190} INFO - [2024-10-17T22:49:31.147+0000] {dag.py:3239} INFO - Sync 1 DAGs
[2024-10-17T22:49:31.157+0000] {logging_mixin.py:190} INFO - [2024-10-17T22:49:31.157+0000] {dag.py:4180} INFO - Setting next_dagrun for example_setup_teardown_taskflow to None, run_after=None
[2024-10-17T22:49:31.176+0000] {processor.py:208} INFO - Processing /home/airflow/.local/lib/python3.12/site-packages/airflow/example_dags/example_setup_teardown_taskflow.py took 0.055 seconds
[2024-10-17T22:50:01.670+0000] {processor.py:186} INFO - Started process (PID=248) to work on /home/airflow/.local/lib/python3.12/site-packages/airflow/example_dags/example_setup_teardown_taskflow.py
[2024-10-17T22:50:01.671+0000] {processor.py:914} INFO - Processing file /home/airflow/.local/lib/python3.12/site-packages/airflow/example_dags/example_setup_teardown_taskflow.py for tasks to queue
[2024-10-17T22:50:01.672+0000] {logging_mixin.py:190} INFO - [2024-10-17T22:50:01.672+0000] {dagbag.py:588} INFO - Filling up the DagBag from /home/airflow/.local/lib/python3.12/site-packages/airflow/example_dags/example_setup_teardown_taskflow.py
[2024-10-17T22:50:01.679+0000] {processor.py:925} INFO - DAG(s) 'example_setup_teardown_taskflow' retrieved from /home/airflow/.local/lib/python3.12/site-packages/airflow/example_dags/example_setup_teardown_taskflow.py
[2024-10-17T22:50:01.693+0000] {logging_mixin.py:190} INFO - [2024-10-17T22:50:01.693+0000] {dag.py:3239} INFO - Sync 1 DAGs
[2024-10-17T22:50:01.702+0000] {logging_mixin.py:190} INFO - [2024-10-17T22:50:01.702+0000] {dag.py:4180} INFO - Setting next_dagrun for example_setup_teardown_taskflow to None, run_after=None
[2024-10-17T22:50:01.714+0000] {processor.py:208} INFO - Processing /home/airflow/.local/lib/python3.12/site-packages/airflow/example_dags/example_setup_teardown_taskflow.py took 0.047 seconds
