[2024-10-17T22:48:28.964+0000] {processor.py:186} INFO - Started process (PID=59) to work on /home/airflow/.local/lib/python3.12/site-packages/airflow/example_dags/example_trigger_controller_dag.py
[2024-10-17T22:48:28.965+0000] {processor.py:914} INFO - Processing file /home/airflow/.local/lib/python3.12/site-packages/airflow/example_dags/example_trigger_controller_dag.py for tasks to queue
[2024-10-17T22:48:28.966+0000] {logging_mixin.py:190} INFO - [2024-10-17T22:48:28.966+0000] {dagbag.py:588} INFO - Filling up the DagBag from /home/airflow/.local/lib/python3.12/site-packages/airflow/example_dags/example_trigger_controller_dag.py
[2024-10-17T22:48:28.977+0000] {processor.py:925} INFO - DAG(s) 'example_trigger_controller_dag' retrieved from /home/airflow/.local/lib/python3.12/site-packages/airflow/example_dags/example_trigger_controller_dag.py
[2024-10-17T22:48:29.129+0000] {logging_mixin.py:190} INFO - [2024-10-17T22:48:29.129+0000] {override.py:1900} INFO - Created Permission View: can edit on DAG:example_trigger_controller_dag
[2024-10-17T22:48:29.136+0000] {logging_mixin.py:190} INFO - [2024-10-17T22:48:29.135+0000] {override.py:1900} INFO - Created Permission View: can delete on DAG:example_trigger_controller_dag
[2024-10-17T22:48:29.140+0000] {logging_mixin.py:190} INFO - [2024-10-17T22:48:29.140+0000] {override.py:1900} INFO - Created Permission View: can read on DAG:example_trigger_controller_dag
[2024-10-17T22:48:29.145+0000] {logging_mixin.py:190} INFO - [2024-10-17T22:48:29.145+0000] {override.py:1900} INFO - Created Permission View: menu access on DAG Run:example_trigger_controller_dag
[2024-10-17T22:48:29.149+0000] {logging_mixin.py:190} INFO - [2024-10-17T22:48:29.149+0000] {override.py:1900} INFO - Created Permission View: can create on DAG Run:example_trigger_controller_dag
[2024-10-17T22:48:29.153+0000] {logging_mixin.py:190} INFO - [2024-10-17T22:48:29.153+0000] {override.py:1900} INFO - Created Permission View: can delete on DAG Run:example_trigger_controller_dag
[2024-10-17T22:48:29.158+0000] {logging_mixin.py:190} INFO - [2024-10-17T22:48:29.158+0000] {override.py:1900} INFO - Created Permission View: can read on DAG Run:example_trigger_controller_dag
[2024-10-17T22:48:29.158+0000] {logging_mixin.py:190} INFO - [2024-10-17T22:48:29.158+0000] {dag.py:3239} INFO - Sync 1 DAGs
[2024-10-17T22:48:29.168+0000] {logging_mixin.py:190} INFO - [2024-10-17T22:48:29.168+0000] {dag.py:3262} INFO - Creating ORM DAG for example_trigger_controller_dag
[2024-10-17T22:48:29.174+0000] {logging_mixin.py:190} INFO - [2024-10-17T22:48:29.174+0000] {dag.py:4180} INFO - Setting next_dagrun for example_trigger_controller_dag to 2021-01-01 00:00:00+00:00, run_after=2021-01-01 00:00:00+00:00
[2024-10-17T22:48:29.185+0000] {processor.py:208} INFO - Processing /home/airflow/.local/lib/python3.12/site-packages/airflow/example_dags/example_trigger_controller_dag.py took 0.224 seconds
[2024-10-17T22:48:59.326+0000] {processor.py:186} INFO - Started process (PID=121) to work on /home/airflow/.local/lib/python3.12/site-packages/airflow/example_dags/example_trigger_controller_dag.py
[2024-10-17T22:48:59.327+0000] {processor.py:914} INFO - Processing file /home/airflow/.local/lib/python3.12/site-packages/airflow/example_dags/example_trigger_controller_dag.py for tasks to queue
[2024-10-17T22:48:59.329+0000] {logging_mixin.py:190} INFO - [2024-10-17T22:48:59.328+0000] {dagbag.py:588} INFO - Filling up the DagBag from /home/airflow/.local/lib/python3.12/site-packages/airflow/example_dags/example_trigger_controller_dag.py
[2024-10-17T22:48:59.332+0000] {processor.py:925} INFO - DAG(s) 'example_trigger_controller_dag' retrieved from /home/airflow/.local/lib/python3.12/site-packages/airflow/example_dags/example_trigger_controller_dag.py
[2024-10-17T22:48:59.344+0000] {logging_mixin.py:190} INFO - [2024-10-17T22:48:59.344+0000] {dag.py:3239} INFO - Sync 1 DAGs
[2024-10-17T22:48:59.360+0000] {logging_mixin.py:190} INFO - [2024-10-17T22:48:59.359+0000] {dag.py:4180} INFO - Setting next_dagrun for example_trigger_controller_dag to 2021-01-01 00:00:00+00:00, run_after=2021-01-01 00:00:00+00:00
[2024-10-17T22:48:59.374+0000] {processor.py:208} INFO - Processing /home/airflow/.local/lib/python3.12/site-packages/airflow/example_dags/example_trigger_controller_dag.py took 0.052 seconds
[2024-10-17T22:49:30.039+0000] {processor.py:186} INFO - Started process (PID=183) to work on /home/airflow/.local/lib/python3.12/site-packages/airflow/example_dags/example_trigger_controller_dag.py
[2024-10-17T22:49:30.040+0000] {processor.py:914} INFO - Processing file /home/airflow/.local/lib/python3.12/site-packages/airflow/example_dags/example_trigger_controller_dag.py for tasks to queue
[2024-10-17T22:49:30.041+0000] {logging_mixin.py:190} INFO - [2024-10-17T22:49:30.041+0000] {dagbag.py:588} INFO - Filling up the DagBag from /home/airflow/.local/lib/python3.12/site-packages/airflow/example_dags/example_trigger_controller_dag.py
[2024-10-17T22:49:30.045+0000] {processor.py:925} INFO - DAG(s) 'example_trigger_controller_dag' retrieved from /home/airflow/.local/lib/python3.12/site-packages/airflow/example_dags/example_trigger_controller_dag.py
[2024-10-17T22:49:30.057+0000] {logging_mixin.py:190} INFO - [2024-10-17T22:49:30.057+0000] {dag.py:3239} INFO - Sync 1 DAGs
[2024-10-17T22:49:30.073+0000] {logging_mixin.py:190} INFO - [2024-10-17T22:49:30.072+0000] {dag.py:4180} INFO - Setting next_dagrun for example_trigger_controller_dag to 2021-01-01 00:00:00+00:00, run_after=2021-01-01 00:00:00+00:00
[2024-10-17T22:49:30.093+0000] {processor.py:208} INFO - Processing /home/airflow/.local/lib/python3.12/site-packages/airflow/example_dags/example_trigger_controller_dag.py took 0.057 seconds
[2024-10-17T22:50:00.592+0000] {processor.py:186} INFO - Started process (PID=245) to work on /home/airflow/.local/lib/python3.12/site-packages/airflow/example_dags/example_trigger_controller_dag.py
[2024-10-17T22:50:00.593+0000] {processor.py:914} INFO - Processing file /home/airflow/.local/lib/python3.12/site-packages/airflow/example_dags/example_trigger_controller_dag.py for tasks to queue
[2024-10-17T22:50:00.594+0000] {logging_mixin.py:190} INFO - [2024-10-17T22:50:00.594+0000] {dagbag.py:588} INFO - Filling up the DagBag from /home/airflow/.local/lib/python3.12/site-packages/airflow/example_dags/example_trigger_controller_dag.py
[2024-10-17T22:50:00.598+0000] {processor.py:925} INFO - DAG(s) 'example_trigger_controller_dag' retrieved from /home/airflow/.local/lib/python3.12/site-packages/airflow/example_dags/example_trigger_controller_dag.py
[2024-10-17T22:50:00.610+0000] {logging_mixin.py:190} INFO - [2024-10-17T22:50:00.610+0000] {dag.py:3239} INFO - Sync 1 DAGs
[2024-10-17T22:50:00.625+0000] {logging_mixin.py:190} INFO - [2024-10-17T22:50:00.625+0000] {dag.py:4180} INFO - Setting next_dagrun for example_trigger_controller_dag to 2021-01-01 00:00:00+00:00, run_after=2021-01-01 00:00:00+00:00
[2024-10-17T22:50:00.636+0000] {processor.py:208} INFO - Processing /home/airflow/.local/lib/python3.12/site-packages/airflow/example_dags/example_trigger_controller_dag.py took 0.048 seconds
