[2024-10-17T22:48:30.600+0000] {processor.py:186} INFO - Started process (PID=74) to work on /home/airflow/.local/lib/python3.12/site-packages/airflow/example_dags/example_params_ui_tutorial.py
[2024-10-17T22:48:30.600+0000] {processor.py:914} INFO - Processing file /home/airflow/.local/lib/python3.12/site-packages/airflow/example_dags/example_params_ui_tutorial.py for tasks to queue
[2024-10-17T22:48:30.602+0000] {logging_mixin.py:190} INFO - [2024-10-17T22:48:30.602+0000] {dagbag.py:588} INFO - Filling up the DagBag from /home/airflow/.local/lib/python3.12/site-packages/airflow/example_dags/example_params_ui_tutorial.py
[2024-10-17T22:48:30.608+0000] {processor.py:925} INFO - DAG(s) 'example_params_ui_tutorial' retrieved from /home/airflow/.local/lib/python3.12/site-packages/airflow/example_dags/example_params_ui_tutorial.py
[2024-10-17T22:48:30.705+0000] {logging_mixin.py:190} INFO - [2024-10-17T22:48:30.704+0000] {override.py:1900} INFO - Created Permission View: can edit on DAG:example_params_ui_tutorial
[2024-10-17T22:48:30.711+0000] {logging_mixin.py:190} INFO - [2024-10-17T22:48:30.711+0000] {override.py:1900} INFO - Created Permission View: can delete on DAG:example_params_ui_tutorial
[2024-10-17T22:48:30.715+0000] {logging_mixin.py:190} INFO - [2024-10-17T22:48:30.715+0000] {override.py:1900} INFO - Created Permission View: can read on DAG:example_params_ui_tutorial
[2024-10-17T22:48:30.720+0000] {logging_mixin.py:190} INFO - [2024-10-17T22:48:30.720+0000] {override.py:1900} INFO - Created Permission View: menu access on DAG Run:example_params_ui_tutorial
[2024-10-17T22:48:30.724+0000] {logging_mixin.py:190} INFO - [2024-10-17T22:48:30.724+0000] {override.py:1900} INFO - Created Permission View: can create on DAG Run:example_params_ui_tutorial
[2024-10-17T22:48:30.728+0000] {logging_mixin.py:190} INFO - [2024-10-17T22:48:30.728+0000] {override.py:1900} INFO - Created Permission View: can delete on DAG Run:example_params_ui_tutorial
[2024-10-17T22:48:30.733+0000] {logging_mixin.py:190} INFO - [2024-10-17T22:48:30.732+0000] {override.py:1900} INFO - Created Permission View: can read on DAG Run:example_params_ui_tutorial
[2024-10-17T22:48:30.733+0000] {logging_mixin.py:190} INFO - [2024-10-17T22:48:30.733+0000] {dag.py:3239} INFO - Sync 1 DAGs
[2024-10-17T22:48:30.742+0000] {logging_mixin.py:190} INFO - [2024-10-17T22:48:30.742+0000] {dag.py:3262} INFO - Creating ORM DAG for example_params_ui_tutorial
[2024-10-17T22:48:30.742+0000] {logging_mixin.py:190} INFO - [2024-10-17T22:48:30.742+0000] {dag.py:4180} INFO - Setting next_dagrun for example_params_ui_tutorial to None, run_after=None
[2024-10-17T22:48:30.754+0000] {processor.py:208} INFO - Processing /home/airflow/.local/lib/python3.12/site-packages/airflow/example_dags/example_params_ui_tutorial.py took 0.158 seconds
[2024-10-17T22:49:00.955+0000] {processor.py:186} INFO - Started process (PID=136) to work on /home/airflow/.local/lib/python3.12/site-packages/airflow/example_dags/example_params_ui_tutorial.py
[2024-10-17T22:49:00.956+0000] {processor.py:914} INFO - Processing file /home/airflow/.local/lib/python3.12/site-packages/airflow/example_dags/example_params_ui_tutorial.py for tasks to queue
[2024-10-17T22:49:00.957+0000] {logging_mixin.py:190} INFO - [2024-10-17T22:49:00.957+0000] {dagbag.py:588} INFO - Filling up the DagBag from /home/airflow/.local/lib/python3.12/site-packages/airflow/example_dags/example_params_ui_tutorial.py
[2024-10-17T22:49:00.963+0000] {processor.py:925} INFO - DAG(s) 'example_params_ui_tutorial' retrieved from /home/airflow/.local/lib/python3.12/site-packages/airflow/example_dags/example_params_ui_tutorial.py
[2024-10-17T22:49:00.996+0000] {logging_mixin.py:190} INFO - [2024-10-17T22:49:00.995+0000] {dag.py:3239} INFO - Sync 1 DAGs
[2024-10-17T22:49:01.006+0000] {logging_mixin.py:190} INFO - [2024-10-17T22:49:01.005+0000] {dag.py:4180} INFO - Setting next_dagrun for example_params_ui_tutorial to None, run_after=None
[2024-10-17T22:49:01.018+0000] {processor.py:208} INFO - Processing /home/airflow/.local/lib/python3.12/site-packages/airflow/example_dags/example_params_ui_tutorial.py took 0.066 seconds
[2024-10-17T22:49:31.720+0000] {processor.py:186} INFO - Started process (PID=198) to work on /home/airflow/.local/lib/python3.12/site-packages/airflow/example_dags/example_params_ui_tutorial.py
[2024-10-17T22:49:31.720+0000] {processor.py:914} INFO - Processing file /home/airflow/.local/lib/python3.12/site-packages/airflow/example_dags/example_params_ui_tutorial.py for tasks to queue
[2024-10-17T22:49:31.722+0000] {logging_mixin.py:190} INFO - [2024-10-17T22:49:31.721+0000] {dagbag.py:588} INFO - Filling up the DagBag from /home/airflow/.local/lib/python3.12/site-packages/airflow/example_dags/example_params_ui_tutorial.py
[2024-10-17T22:49:31.727+0000] {processor.py:925} INFO - DAG(s) 'example_params_ui_tutorial' retrieved from /home/airflow/.local/lib/python3.12/site-packages/airflow/example_dags/example_params_ui_tutorial.py
[2024-10-17T22:49:31.759+0000] {logging_mixin.py:190} INFO - [2024-10-17T22:49:31.759+0000] {dag.py:3239} INFO - Sync 1 DAGs
[2024-10-17T22:49:31.769+0000] {logging_mixin.py:190} INFO - [2024-10-17T22:49:31.768+0000] {dag.py:4180} INFO - Setting next_dagrun for example_params_ui_tutorial to None, run_after=None
[2024-10-17T22:49:31.780+0000] {processor.py:208} INFO - Processing /home/airflow/.local/lib/python3.12/site-packages/airflow/example_dags/example_params_ui_tutorial.py took 0.064 seconds
[2024-10-17T22:50:02.264+0000] {processor.py:186} INFO - Started process (PID=260) to work on /home/airflow/.local/lib/python3.12/site-packages/airflow/example_dags/example_params_ui_tutorial.py
[2024-10-17T22:50:02.264+0000] {processor.py:914} INFO - Processing file /home/airflow/.local/lib/python3.12/site-packages/airflow/example_dags/example_params_ui_tutorial.py for tasks to queue
[2024-10-17T22:50:02.266+0000] {logging_mixin.py:190} INFO - [2024-10-17T22:50:02.265+0000] {dagbag.py:588} INFO - Filling up the DagBag from /home/airflow/.local/lib/python3.12/site-packages/airflow/example_dags/example_params_ui_tutorial.py
[2024-10-17T22:50:02.272+0000] {processor.py:925} INFO - DAG(s) 'example_params_ui_tutorial' retrieved from /home/airflow/.local/lib/python3.12/site-packages/airflow/example_dags/example_params_ui_tutorial.py
[2024-10-17T22:50:02.310+0000] {logging_mixin.py:190} INFO - [2024-10-17T22:50:02.310+0000] {dag.py:3239} INFO - Sync 1 DAGs
[2024-10-17T22:50:02.320+0000] {logging_mixin.py:190} INFO - [2024-10-17T22:50:02.320+0000] {dag.py:4180} INFO - Setting next_dagrun for example_params_ui_tutorial to None, run_after=None
[2024-10-17T22:50:02.333+0000] {processor.py:208} INFO - Processing /home/airflow/.local/lib/python3.12/site-packages/airflow/example_dags/example_params_ui_tutorial.py took 0.073 seconds
