[2024-10-17T22:48:32.403+0000] {processor.py:186} INFO - Started process (PID=94) to work on /home/airflow/.local/lib/python3.12/site-packages/airflow/example_dags/example_params_trigger_ui.py
[2024-10-17T22:48:32.403+0000] {processor.py:914} INFO - Processing file /home/airflow/.local/lib/python3.12/site-packages/airflow/example_dags/example_params_trigger_ui.py for tasks to queue
[2024-10-17T22:48:32.405+0000] {logging_mixin.py:190} INFO - [2024-10-17T22:48:32.405+0000] {dagbag.py:588} INFO - Filling up the DagBag from /home/airflow/.local/lib/python3.12/site-packages/airflow/example_dags/example_params_trigger_ui.py
[2024-10-17T22:48:32.413+0000] {processor.py:925} INFO - DAG(s) 'example_params_trigger_ui' retrieved from /home/airflow/.local/lib/python3.12/site-packages/airflow/example_dags/example_params_trigger_ui.py
[2024-10-17T22:48:32.504+0000] {logging_mixin.py:190} INFO - [2024-10-17T22:48:32.504+0000] {override.py:1900} INFO - Created Permission View: can edit on DAG:example_params_trigger_ui
[2024-10-17T22:48:32.510+0000] {logging_mixin.py:190} INFO - [2024-10-17T22:48:32.510+0000] {override.py:1900} INFO - Created Permission View: can delete on DAG:example_params_trigger_ui
[2024-10-17T22:48:32.514+0000] {logging_mixin.py:190} INFO - [2024-10-17T22:48:32.514+0000] {override.py:1900} INFO - Created Permission View: can read on DAG:example_params_trigger_ui
[2024-10-17T22:48:32.519+0000] {logging_mixin.py:190} INFO - [2024-10-17T22:48:32.519+0000] {override.py:1900} INFO - Created Permission View: menu access on DAG Run:example_params_trigger_ui
[2024-10-17T22:48:32.523+0000] {logging_mixin.py:190} INFO - [2024-10-17T22:48:32.523+0000] {override.py:1900} INFO - Created Permission View: can create on DAG Run:example_params_trigger_ui
[2024-10-17T22:48:32.527+0000] {logging_mixin.py:190} INFO - [2024-10-17T22:48:32.527+0000] {override.py:1900} INFO - Created Permission View: can delete on DAG Run:example_params_trigger_ui
[2024-10-17T22:48:32.532+0000] {logging_mixin.py:190} INFO - [2024-10-17T22:48:32.531+0000] {override.py:1900} INFO - Created Permission View: can read on DAG Run:example_params_trigger_ui
[2024-10-17T22:48:32.532+0000] {logging_mixin.py:190} INFO - [2024-10-17T22:48:32.532+0000] {dag.py:3239} INFO - Sync 1 DAGs
[2024-10-17T22:48:32.541+0000] {logging_mixin.py:190} INFO - [2024-10-17T22:48:32.541+0000] {dag.py:3262} INFO - Creating ORM DAG for example_params_trigger_ui
[2024-10-17T22:48:32.542+0000] {logging_mixin.py:190} INFO - [2024-10-17T22:48:32.542+0000] {dag.py:4180} INFO - Setting next_dagrun for example_params_trigger_ui to None, run_after=None
[2024-10-17T22:48:32.553+0000] {processor.py:208} INFO - Processing /home/airflow/.local/lib/python3.12/site-packages/airflow/example_dags/example_params_trigger_ui.py took 0.154 seconds
[2024-10-17T22:49:02.850+0000] {processor.py:186} INFO - Started process (PID=156) to work on /home/airflow/.local/lib/python3.12/site-packages/airflow/example_dags/example_params_trigger_ui.py
[2024-10-17T22:49:02.850+0000] {processor.py:914} INFO - Processing file /home/airflow/.local/lib/python3.12/site-packages/airflow/example_dags/example_params_trigger_ui.py for tasks to queue
[2024-10-17T22:49:02.852+0000] {logging_mixin.py:190} INFO - [2024-10-17T22:49:02.851+0000] {dagbag.py:588} INFO - Filling up the DagBag from /home/airflow/.local/lib/python3.12/site-packages/airflow/example_dags/example_params_trigger_ui.py
[2024-10-17T22:49:02.858+0000] {processor.py:925} INFO - DAG(s) 'example_params_trigger_ui' retrieved from /home/airflow/.local/lib/python3.12/site-packages/airflow/example_dags/example_params_trigger_ui.py
[2024-10-17T22:49:02.899+0000] {logging_mixin.py:190} INFO - [2024-10-17T22:49:02.899+0000] {dag.py:3239} INFO - Sync 1 DAGs
[2024-10-17T22:49:02.909+0000] {logging_mixin.py:190} INFO - [2024-10-17T22:49:02.909+0000] {dag.py:4180} INFO - Setting next_dagrun for example_params_trigger_ui to None, run_after=None
[2024-10-17T22:49:02.922+0000] {processor.py:208} INFO - Processing /home/airflow/.local/lib/python3.12/site-packages/airflow/example_dags/example_params_trigger_ui.py took 0.076 seconds
[2024-10-17T22:49:33.470+0000] {processor.py:186} INFO - Started process (PID=224) to work on /home/airflow/.local/lib/python3.12/site-packages/airflow/example_dags/example_params_trigger_ui.py
[2024-10-17T22:49:33.471+0000] {processor.py:914} INFO - Processing file /home/airflow/.local/lib/python3.12/site-packages/airflow/example_dags/example_params_trigger_ui.py for tasks to queue
[2024-10-17T22:49:33.472+0000] {logging_mixin.py:190} INFO - [2024-10-17T22:49:33.472+0000] {dagbag.py:588} INFO - Filling up the DagBag from /home/airflow/.local/lib/python3.12/site-packages/airflow/example_dags/example_params_trigger_ui.py
[2024-10-17T22:49:33.479+0000] {processor.py:925} INFO - DAG(s) 'example_params_trigger_ui' retrieved from /home/airflow/.local/lib/python3.12/site-packages/airflow/example_dags/example_params_trigger_ui.py
[2024-10-17T22:49:33.510+0000] {logging_mixin.py:190} INFO - [2024-10-17T22:49:33.510+0000] {dag.py:3239} INFO - Sync 1 DAGs
[2024-10-17T22:49:33.521+0000] {logging_mixin.py:190} INFO - [2024-10-17T22:49:33.520+0000] {dag.py:4180} INFO - Setting next_dagrun for example_params_trigger_ui to None, run_after=None
[2024-10-17T22:49:33.532+0000] {processor.py:208} INFO - Processing /home/airflow/.local/lib/python3.12/site-packages/airflow/example_dags/example_params_trigger_ui.py took 0.067 seconds
[2024-10-17T22:50:04.145+0000] {processor.py:186} INFO - Started process (PID=286) to work on /home/airflow/.local/lib/python3.12/site-packages/airflow/example_dags/example_params_trigger_ui.py
[2024-10-17T22:50:04.146+0000] {processor.py:914} INFO - Processing file /home/airflow/.local/lib/python3.12/site-packages/airflow/example_dags/example_params_trigger_ui.py for tasks to queue
[2024-10-17T22:50:04.147+0000] {logging_mixin.py:190} INFO - [2024-10-17T22:50:04.147+0000] {dagbag.py:588} INFO - Filling up the DagBag from /home/airflow/.local/lib/python3.12/site-packages/airflow/example_dags/example_params_trigger_ui.py
[2024-10-17T22:50:04.154+0000] {processor.py:925} INFO - DAG(s) 'example_params_trigger_ui' retrieved from /home/airflow/.local/lib/python3.12/site-packages/airflow/example_dags/example_params_trigger_ui.py
[2024-10-17T22:50:04.185+0000] {logging_mixin.py:190} INFO - [2024-10-17T22:50:04.185+0000] {dag.py:3239} INFO - Sync 1 DAGs
[2024-10-17T22:50:04.194+0000] {logging_mixin.py:190} INFO - [2024-10-17T22:50:04.194+0000] {dag.py:4180} INFO - Setting next_dagrun for example_params_trigger_ui to None, run_after=None
[2024-10-17T22:50:04.206+0000] {processor.py:208} INFO - Processing /home/airflow/.local/lib/python3.12/site-packages/airflow/example_dags/example_params_trigger_ui.py took 0.064 seconds
