[2024-10-17T22:48:31.228+0000] {processor.py:186} INFO - Started process (PID=79) to work on /home/airflow/.local/lib/python3.12/site-packages/airflow/example_dags/example_dag_decorator.py
[2024-10-17T22:48:31.229+0000] {processor.py:914} INFO - Processing file /home/airflow/.local/lib/python3.12/site-packages/airflow/example_dags/example_dag_decorator.py for tasks to queue
[2024-10-17T22:48:31.230+0000] {logging_mixin.py:190} INFO - [2024-10-17T22:48:31.230+0000] {dagbag.py:588} INFO - Filling up the DagBag from /home/airflow/.local/lib/python3.12/site-packages/airflow/example_dags/example_dag_decorator.py
[2024-10-17T22:48:31.238+0000] {processor.py:925} INFO - DAG(s) 'example_dag_decorator' retrieved from /home/airflow/.local/lib/python3.12/site-packages/airflow/example_dags/example_dag_decorator.py
[2024-10-17T22:48:31.311+0000] {logging_mixin.py:190} INFO - [2024-10-17T22:48:31.310+0000] {override.py:1900} INFO - Created Permission View: can edit on DAG:example_dag_decorator
[2024-10-17T22:48:31.317+0000] {logging_mixin.py:190} INFO - [2024-10-17T22:48:31.317+0000] {override.py:1900} INFO - Created Permission View: can delete on DAG:example_dag_decorator
[2024-10-17T22:48:31.321+0000] {logging_mixin.py:190} INFO - [2024-10-17T22:48:31.321+0000] {override.py:1900} INFO - Created Permission View: can read on DAG:example_dag_decorator
[2024-10-17T22:48:31.326+0000] {logging_mixin.py:190} INFO - [2024-10-17T22:48:31.326+0000] {override.py:1900} INFO - Created Permission View: menu access on DAG Run:example_dag_decorator
[2024-10-17T22:48:31.330+0000] {logging_mixin.py:190} INFO - [2024-10-17T22:48:31.330+0000] {override.py:1900} INFO - Created Permission View: can create on DAG Run:example_dag_decorator
[2024-10-17T22:48:31.335+0000] {logging_mixin.py:190} INFO - [2024-10-17T22:48:31.334+0000] {override.py:1900} INFO - Created Permission View: can delete on DAG Run:example_dag_decorator
[2024-10-17T22:48:31.339+0000] {logging_mixin.py:190} INFO - [2024-10-17T22:48:31.339+0000] {override.py:1900} INFO - Created Permission View: can read on DAG Run:example_dag_decorator
[2024-10-17T22:48:31.339+0000] {logging_mixin.py:190} INFO - [2024-10-17T22:48:31.339+0000] {dag.py:3239} INFO - Sync 1 DAGs
[2024-10-17T22:48:31.348+0000] {logging_mixin.py:190} INFO - [2024-10-17T22:48:31.348+0000] {dag.py:3262} INFO - Creating ORM DAG for example_dag_decorator
[2024-10-17T22:48:31.348+0000] {logging_mixin.py:190} INFO - [2024-10-17T22:48:31.348+0000] {dag.py:4180} INFO - Setting next_dagrun for example_dag_decorator to None, run_after=None
[2024-10-17T22:48:31.359+0000] {processor.py:208} INFO - Processing /home/airflow/.local/lib/python3.12/site-packages/airflow/example_dags/example_dag_decorator.py took 0.134 seconds
[2024-10-17T22:49:02.169+0000] {processor.py:186} INFO - Started process (PID=141) to work on /home/airflow/.local/lib/python3.12/site-packages/airflow/example_dags/example_dag_decorator.py
[2024-10-17T22:49:02.169+0000] {processor.py:914} INFO - Processing file /home/airflow/.local/lib/python3.12/site-packages/airflow/example_dags/example_dag_decorator.py for tasks to queue
[2024-10-17T22:49:02.170+0000] {logging_mixin.py:190} INFO - [2024-10-17T22:49:02.170+0000] {dagbag.py:588} INFO - Filling up the DagBag from /home/airflow/.local/lib/python3.12/site-packages/airflow/example_dags/example_dag_decorator.py
[2024-10-17T22:49:02.177+0000] {processor.py:925} INFO - DAG(s) 'example_dag_decorator' retrieved from /home/airflow/.local/lib/python3.12/site-packages/airflow/example_dags/example_dag_decorator.py
[2024-10-17T22:49:02.257+0000] {logging_mixin.py:190} INFO - [2024-10-17T22:49:02.257+0000] {dag.py:3239} INFO - Sync 1 DAGs
[2024-10-17T22:49:02.266+0000] {logging_mixin.py:190} INFO - [2024-10-17T22:49:02.266+0000] {dag.py:4180} INFO - Setting next_dagrun for example_dag_decorator to None, run_after=None
[2024-10-17T22:49:02.279+0000] {processor.py:208} INFO - Processing /home/airflow/.local/lib/python3.12/site-packages/airflow/example_dags/example_dag_decorator.py took 0.114 seconds
[2024-10-17T22:49:32.884+0000] {processor.py:186} INFO - Started process (PID=203) to work on /home/airflow/.local/lib/python3.12/site-packages/airflow/example_dags/example_dag_decorator.py
[2024-10-17T22:49:32.884+0000] {processor.py:914} INFO - Processing file /home/airflow/.local/lib/python3.12/site-packages/airflow/example_dags/example_dag_decorator.py for tasks to queue
[2024-10-17T22:49:32.886+0000] {logging_mixin.py:190} INFO - [2024-10-17T22:49:32.886+0000] {dagbag.py:588} INFO - Filling up the DagBag from /home/airflow/.local/lib/python3.12/site-packages/airflow/example_dags/example_dag_decorator.py
[2024-10-17T22:49:32.893+0000] {processor.py:925} INFO - DAG(s) 'example_dag_decorator' retrieved from /home/airflow/.local/lib/python3.12/site-packages/airflow/example_dags/example_dag_decorator.py
[2024-10-17T22:49:32.970+0000] {logging_mixin.py:190} INFO - [2024-10-17T22:49:32.970+0000] {dag.py:3239} INFO - Sync 1 DAGs
[2024-10-17T22:49:32.978+0000] {logging_mixin.py:190} INFO - [2024-10-17T22:49:32.978+0000] {dag.py:4180} INFO - Setting next_dagrun for example_dag_decorator to None, run_after=None
[2024-10-17T22:49:32.991+0000] {processor.py:208} INFO - Processing /home/airflow/.local/lib/python3.12/site-packages/airflow/example_dags/example_dag_decorator.py took 0.111 seconds
[2024-10-17T22:50:03.444+0000] {processor.py:186} INFO - Started process (PID=265) to work on /home/airflow/.local/lib/python3.12/site-packages/airflow/example_dags/example_dag_decorator.py
[2024-10-17T22:50:03.444+0000] {processor.py:914} INFO - Processing file /home/airflow/.local/lib/python3.12/site-packages/airflow/example_dags/example_dag_decorator.py for tasks to queue
[2024-10-17T22:50:03.446+0000] {logging_mixin.py:190} INFO - [2024-10-17T22:50:03.446+0000] {dagbag.py:588} INFO - Filling up the DagBag from /home/airflow/.local/lib/python3.12/site-packages/airflow/example_dags/example_dag_decorator.py
[2024-10-17T22:50:03.454+0000] {processor.py:925} INFO - DAG(s) 'example_dag_decorator' retrieved from /home/airflow/.local/lib/python3.12/site-packages/airflow/example_dags/example_dag_decorator.py
[2024-10-17T22:50:03.539+0000] {logging_mixin.py:190} INFO - [2024-10-17T22:50:03.539+0000] {dag.py:3239} INFO - Sync 1 DAGs
[2024-10-17T22:50:03.547+0000] {logging_mixin.py:190} INFO - [2024-10-17T22:50:03.547+0000] {dag.py:4180} INFO - Setting next_dagrun for example_dag_decorator to None, run_after=None
[2024-10-17T22:50:03.560+0000] {processor.py:208} INFO - Processing /home/airflow/.local/lib/python3.12/site-packages/airflow/example_dags/example_dag_decorator.py took 0.119 seconds
