[2024-10-17T22:48:32.251+0000] {processor.py:186} INFO - Started process (PID=92) to work on /home/airflow/.local/lib/python3.12/site-packages/airflow/example_dags/example_display_name.py
[2024-10-17T22:48:32.252+0000] {processor.py:914} INFO - Processing file /home/airflow/.local/lib/python3.12/site-packages/airflow/example_dags/example_display_name.py for tasks to queue
[2024-10-17T22:48:32.253+0000] {logging_mixin.py:190} INFO - [2024-10-17T22:48:32.253+0000] {dagbag.py:588} INFO - Filling up the DagBag from /home/airflow/.local/lib/python3.12/site-packages/airflow/example_dags/example_display_name.py
[2024-10-17T22:48:32.258+0000] {processor.py:925} INFO - DAG(s) 'example_display_name' retrieved from /home/airflow/.local/lib/python3.12/site-packages/airflow/example_dags/example_display_name.py
[2024-10-17T22:48:32.329+0000] {logging_mixin.py:190} INFO - [2024-10-17T22:48:32.328+0000] {override.py:1900} INFO - Created Permission View: can edit on DAG:example_display_name
[2024-10-17T22:48:32.335+0000] {logging_mixin.py:190} INFO - [2024-10-17T22:48:32.335+0000] {override.py:1900} INFO - Created Permission View: can delete on DAG:example_display_name
[2024-10-17T22:48:32.340+0000] {logging_mixin.py:190} INFO - [2024-10-17T22:48:32.340+0000] {override.py:1900} INFO - Created Permission View: can read on DAG:example_display_name
[2024-10-17T22:48:32.344+0000] {logging_mixin.py:190} INFO - [2024-10-17T22:48:32.344+0000] {override.py:1900} INFO - Created Permission View: menu access on DAG Run:example_display_name
[2024-10-17T22:48:32.349+0000] {logging_mixin.py:190} INFO - [2024-10-17T22:48:32.348+0000] {override.py:1900} INFO - Created Permission View: can create on DAG Run:example_display_name
[2024-10-17T22:48:32.353+0000] {logging_mixin.py:190} INFO - [2024-10-17T22:48:32.353+0000] {override.py:1900} INFO - Created Permission View: can delete on DAG Run:example_display_name
[2024-10-17T22:48:32.357+0000] {logging_mixin.py:190} INFO - [2024-10-17T22:48:32.357+0000] {override.py:1900} INFO - Created Permission View: can read on DAG Run:example_display_name
[2024-10-17T22:48:32.358+0000] {logging_mixin.py:190} INFO - [2024-10-17T22:48:32.357+0000] {dag.py:3239} INFO - Sync 1 DAGs
[2024-10-17T22:48:32.367+0000] {logging_mixin.py:190} INFO - [2024-10-17T22:48:32.367+0000] {dag.py:3262} INFO - Creating ORM DAG for example_display_name
[2024-10-17T22:48:32.368+0000] {logging_mixin.py:190} INFO - [2024-10-17T22:48:32.368+0000] {dag.py:4180} INFO - Setting next_dagrun for example_display_name to None, run_after=None
[2024-10-17T22:48:32.379+0000] {processor.py:208} INFO - Processing /home/airflow/.local/lib/python3.12/site-packages/airflow/example_dags/example_display_name.py took 0.132 seconds
[2024-10-17T22:49:02.789+0000] {processor.py:186} INFO - Started process (PID=154) to work on /home/airflow/.local/lib/python3.12/site-packages/airflow/example_dags/example_display_name.py
[2024-10-17T22:49:02.789+0000] {processor.py:914} INFO - Processing file /home/airflow/.local/lib/python3.12/site-packages/airflow/example_dags/example_display_name.py for tasks to queue
[2024-10-17T22:49:02.791+0000] {logging_mixin.py:190} INFO - [2024-10-17T22:49:02.791+0000] {dagbag.py:588} INFO - Filling up the DagBag from /home/airflow/.local/lib/python3.12/site-packages/airflow/example_dags/example_display_name.py
[2024-10-17T22:49:02.795+0000] {processor.py:925} INFO - DAG(s) 'example_display_name' retrieved from /home/airflow/.local/lib/python3.12/site-packages/airflow/example_dags/example_display_name.py
[2024-10-17T22:49:02.807+0000] {logging_mixin.py:190} INFO - [2024-10-17T22:49:02.807+0000] {dag.py:3239} INFO - Sync 1 DAGs
[2024-10-17T22:49:02.817+0000] {logging_mixin.py:190} INFO - [2024-10-17T22:49:02.816+0000] {dag.py:4180} INFO - Setting next_dagrun for example_display_name to None, run_after=None
[2024-10-17T22:49:02.829+0000] {processor.py:208} INFO - Processing /home/airflow/.local/lib/python3.12/site-packages/airflow/example_dags/example_display_name.py took 0.043 seconds
[2024-10-17T22:49:33.407+0000] {processor.py:186} INFO - Started process (PID=216) to work on /home/airflow/.local/lib/python3.12/site-packages/airflow/example_dags/example_display_name.py
[2024-10-17T22:49:33.407+0000] {processor.py:914} INFO - Processing file /home/airflow/.local/lib/python3.12/site-packages/airflow/example_dags/example_display_name.py for tasks to queue
[2024-10-17T22:49:33.409+0000] {logging_mixin.py:190} INFO - [2024-10-17T22:49:33.409+0000] {dagbag.py:588} INFO - Filling up the DagBag from /home/airflow/.local/lib/python3.12/site-packages/airflow/example_dags/example_display_name.py
[2024-10-17T22:49:33.413+0000] {processor.py:925} INFO - DAG(s) 'example_display_name' retrieved from /home/airflow/.local/lib/python3.12/site-packages/airflow/example_dags/example_display_name.py
[2024-10-17T22:49:33.424+0000] {logging_mixin.py:190} INFO - [2024-10-17T22:49:33.424+0000] {dag.py:3239} INFO - Sync 1 DAGs
[2024-10-17T22:49:33.434+0000] {logging_mixin.py:190} INFO - [2024-10-17T22:49:33.434+0000] {dag.py:4180} INFO - Setting next_dagrun for example_display_name to None, run_after=None
[2024-10-17T22:49:33.448+0000] {processor.py:208} INFO - Processing /home/airflow/.local/lib/python3.12/site-packages/airflow/example_dags/example_display_name.py took 0.044 seconds
[2024-10-17T22:50:04.078+0000] {processor.py:186} INFO - Started process (PID=284) to work on /home/airflow/.local/lib/python3.12/site-packages/airflow/example_dags/example_display_name.py
[2024-10-17T22:50:04.079+0000] {processor.py:914} INFO - Processing file /home/airflow/.local/lib/python3.12/site-packages/airflow/example_dags/example_display_name.py for tasks to queue
[2024-10-17T22:50:04.081+0000] {logging_mixin.py:190} INFO - [2024-10-17T22:50:04.080+0000] {dagbag.py:588} INFO - Filling up the DagBag from /home/airflow/.local/lib/python3.12/site-packages/airflow/example_dags/example_display_name.py
[2024-10-17T22:50:04.085+0000] {processor.py:925} INFO - DAG(s) 'example_display_name' retrieved from /home/airflow/.local/lib/python3.12/site-packages/airflow/example_dags/example_display_name.py
[2024-10-17T22:50:04.098+0000] {logging_mixin.py:190} INFO - [2024-10-17T22:50:04.098+0000] {dag.py:3239} INFO - Sync 1 DAGs
[2024-10-17T22:50:04.108+0000] {logging_mixin.py:190} INFO - [2024-10-17T22:50:04.108+0000] {dag.py:4180} INFO - Setting next_dagrun for example_display_name to None, run_after=None
[2024-10-17T22:50:04.120+0000] {processor.py:208} INFO - Processing /home/airflow/.local/lib/python3.12/site-packages/airflow/example_dags/example_display_name.py took 0.045 seconds
