[2024-10-17T22:48:31.789+0000] {processor.py:186} INFO - Started process (PID=86) to work on /home/airflow/.local/lib/python3.12/site-packages/airflow/example_dags/example_short_circuit_operator.py
[2024-10-17T22:48:31.790+0000] {processor.py:914} INFO - Processing file /home/airflow/.local/lib/python3.12/site-packages/airflow/example_dags/example_short_circuit_operator.py for tasks to queue
[2024-10-17T22:48:31.792+0000] {logging_mixin.py:190} INFO - [2024-10-17T22:48:31.791+0000] {dagbag.py:588} INFO - Filling up the DagBag from /home/airflow/.local/lib/python3.12/site-packages/airflow/example_dags/example_short_circuit_operator.py
[2024-10-17T22:48:31.797+0000] {processor.py:925} INFO - DAG(s) 'example_short_circuit_operator' retrieved from /home/airflow/.local/lib/python3.12/site-packages/airflow/example_dags/example_short_circuit_operator.py
[2024-10-17T22:48:31.876+0000] {logging_mixin.py:190} INFO - [2024-10-17T22:48:31.876+0000] {override.py:1900} INFO - Created Permission View: can edit on DAG:example_short_circuit_operator
[2024-10-17T22:48:31.883+0000] {logging_mixin.py:190} INFO - [2024-10-17T22:48:31.882+0000] {override.py:1900} INFO - Created Permission View: can delete on DAG:example_short_circuit_operator
[2024-10-17T22:48:31.887+0000] {logging_mixin.py:190} INFO - [2024-10-17T22:48:31.887+0000] {override.py:1900} INFO - Created Permission View: can read on DAG:example_short_circuit_operator
[2024-10-17T22:48:31.891+0000] {logging_mixin.py:190} INFO - [2024-10-17T22:48:31.891+0000] {override.py:1900} INFO - Created Permission View: menu access on DAG Run:example_short_circuit_operator
[2024-10-17T22:48:31.896+0000] {logging_mixin.py:190} INFO - [2024-10-17T22:48:31.895+0000] {override.py:1900} INFO - Created Permission View: can create on DAG Run:example_short_circuit_operator
[2024-10-17T22:48:31.900+0000] {logging_mixin.py:190} INFO - [2024-10-17T22:48:31.900+0000] {override.py:1900} INFO - Created Permission View: can delete on DAG Run:example_short_circuit_operator
[2024-10-17T22:48:31.904+0000] {logging_mixin.py:190} INFO - [2024-10-17T22:48:31.904+0000] {override.py:1900} INFO - Created Permission View: can read on DAG Run:example_short_circuit_operator
[2024-10-17T22:48:31.905+0000] {logging_mixin.py:190} INFO - [2024-10-17T22:48:31.904+0000] {dag.py:3239} INFO - Sync 1 DAGs
[2024-10-17T22:48:31.913+0000] {logging_mixin.py:190} INFO - [2024-10-17T22:48:31.913+0000] {dag.py:3262} INFO - Creating ORM DAG for example_short_circuit_operator
[2024-10-17T22:48:31.914+0000] {logging_mixin.py:190} INFO - [2024-10-17T22:48:31.914+0000] {dag.py:4180} INFO - Setting next_dagrun for example_short_circuit_operator to None, run_after=None
[2024-10-17T22:48:31.925+0000] {processor.py:208} INFO - Processing /home/airflow/.local/lib/python3.12/site-packages/airflow/example_dags/example_short_circuit_operator.py took 0.140 seconds
[2024-10-17T22:49:02.519+0000] {processor.py:186} INFO - Started process (PID=148) to work on /home/airflow/.local/lib/python3.12/site-packages/airflow/example_dags/example_short_circuit_operator.py
[2024-10-17T22:49:02.519+0000] {processor.py:914} INFO - Processing file /home/airflow/.local/lib/python3.12/site-packages/airflow/example_dags/example_short_circuit_operator.py for tasks to queue
[2024-10-17T22:49:02.521+0000] {logging_mixin.py:190} INFO - [2024-10-17T22:49:02.520+0000] {dagbag.py:588} INFO - Filling up the DagBag from /home/airflow/.local/lib/python3.12/site-packages/airflow/example_dags/example_short_circuit_operator.py
[2024-10-17T22:49:02.526+0000] {processor.py:925} INFO - DAG(s) 'example_short_circuit_operator' retrieved from /home/airflow/.local/lib/python3.12/site-packages/airflow/example_dags/example_short_circuit_operator.py
[2024-10-17T22:49:02.541+0000] {logging_mixin.py:190} INFO - [2024-10-17T22:49:02.541+0000] {dag.py:3239} INFO - Sync 1 DAGs
[2024-10-17T22:49:02.552+0000] {logging_mixin.py:190} INFO - [2024-10-17T22:49:02.551+0000] {dag.py:4180} INFO - Setting next_dagrun for example_short_circuit_operator to None, run_after=None
[2024-10-17T22:49:02.564+0000] {processor.py:208} INFO - Processing /home/airflow/.local/lib/python3.12/site-packages/airflow/example_dags/example_short_circuit_operator.py took 0.049 seconds
[2024-10-17T22:49:33.224+0000] {processor.py:186} INFO - Started process (PID=210) to work on /home/airflow/.local/lib/python3.12/site-packages/airflow/example_dags/example_short_circuit_operator.py
[2024-10-17T22:49:33.224+0000] {processor.py:914} INFO - Processing file /home/airflow/.local/lib/python3.12/site-packages/airflow/example_dags/example_short_circuit_operator.py for tasks to queue
[2024-10-17T22:49:33.226+0000] {logging_mixin.py:190} INFO - [2024-10-17T22:49:33.225+0000] {dagbag.py:588} INFO - Filling up the DagBag from /home/airflow/.local/lib/python3.12/site-packages/airflow/example_dags/example_short_circuit_operator.py
[2024-10-17T22:49:33.231+0000] {processor.py:925} INFO - DAG(s) 'example_short_circuit_operator' retrieved from /home/airflow/.local/lib/python3.12/site-packages/airflow/example_dags/example_short_circuit_operator.py
[2024-10-17T22:49:33.246+0000] {logging_mixin.py:190} INFO - [2024-10-17T22:49:33.245+0000] {dag.py:3239} INFO - Sync 1 DAGs
[2024-10-17T22:49:33.255+0000] {logging_mixin.py:190} INFO - [2024-10-17T22:49:33.255+0000] {dag.py:4180} INFO - Setting next_dagrun for example_short_circuit_operator to None, run_after=None
[2024-10-17T22:49:33.266+0000] {processor.py:208} INFO - Processing /home/airflow/.local/lib/python3.12/site-packages/airflow/example_dags/example_short_circuit_operator.py took 0.046 seconds
[2024-10-17T22:50:03.808+0000] {processor.py:186} INFO - Started process (PID=278) to work on /home/airflow/.local/lib/python3.12/site-packages/airflow/example_dags/example_short_circuit_operator.py
[2024-10-17T22:50:03.808+0000] {processor.py:914} INFO - Processing file /home/airflow/.local/lib/python3.12/site-packages/airflow/example_dags/example_short_circuit_operator.py for tasks to queue
[2024-10-17T22:50:03.810+0000] {logging_mixin.py:190} INFO - [2024-10-17T22:50:03.809+0000] {dagbag.py:588} INFO - Filling up the DagBag from /home/airflow/.local/lib/python3.12/site-packages/airflow/example_dags/example_short_circuit_operator.py
[2024-10-17T22:50:03.815+0000] {processor.py:925} INFO - DAG(s) 'example_short_circuit_operator' retrieved from /home/airflow/.local/lib/python3.12/site-packages/airflow/example_dags/example_short_circuit_operator.py
[2024-10-17T22:50:03.829+0000] {logging_mixin.py:190} INFO - [2024-10-17T22:50:03.829+0000] {dag.py:3239} INFO - Sync 1 DAGs
[2024-10-17T22:50:03.839+0000] {logging_mixin.py:190} INFO - [2024-10-17T22:50:03.839+0000] {dag.py:4180} INFO - Setting next_dagrun for example_short_circuit_operator to None, run_after=None
[2024-10-17T22:50:03.850+0000] {processor.py:208} INFO - Processing /home/airflow/.local/lib/python3.12/site-packages/airflow/example_dags/example_short_circuit_operator.py took 0.046 seconds
