[2024-10-17T22:48:29.690+0000] {processor.py:186} INFO - Started process (PID=66) to work on /home/airflow/.local/lib/python3.12/site-packages/airflow/example_dags/example_kubernetes_executor.py
[2024-10-17T22:48:29.691+0000] {processor.py:914} INFO - Processing file /home/airflow/.local/lib/python3.12/site-packages/airflow/example_dags/example_kubernetes_executor.py for tasks to queue
[2024-10-17T22:48:29.692+0000] {logging_mixin.py:190} INFO - [2024-10-17T22:48:29.692+0000] {dagbag.py:588} INFO - Filling up the DagBag from /home/airflow/.local/lib/python3.12/site-packages/airflow/example_dags/example_kubernetes_executor.py
[2024-10-17T22:48:29.702+0000] {processor.py:925} INFO - DAG(s) 'example_kubernetes_executor' retrieved from /home/airflow/.local/lib/python3.12/site-packages/airflow/example_dags/example_kubernetes_executor.py
[2024-10-17T22:48:29.789+0000] {logging_mixin.py:190} INFO - [2024-10-17T22:48:29.789+0000] {override.py:1900} INFO - Created Permission View: can edit on DAG:example_kubernetes_executor
[2024-10-17T22:48:29.796+0000] {logging_mixin.py:190} INFO - [2024-10-17T22:48:29.796+0000] {override.py:1900} INFO - Created Permission View: can delete on DAG:example_kubernetes_executor
[2024-10-17T22:48:29.800+0000] {logging_mixin.py:190} INFO - [2024-10-17T22:48:29.800+0000] {override.py:1900} INFO - Created Permission View: can read on DAG:example_kubernetes_executor
[2024-10-17T22:48:29.805+0000] {logging_mixin.py:190} INFO - [2024-10-17T22:48:29.804+0000] {override.py:1900} INFO - Created Permission View: menu access on DAG Run:example_kubernetes_executor
[2024-10-17T22:48:29.809+0000] {logging_mixin.py:190} INFO - [2024-10-17T22:48:29.809+0000] {override.py:1900} INFO - Created Permission View: can create on DAG Run:example_kubernetes_executor
[2024-10-17T22:48:29.813+0000] {logging_mixin.py:190} INFO - [2024-10-17T22:48:29.813+0000] {override.py:1900} INFO - Created Permission View: can delete on DAG Run:example_kubernetes_executor
[2024-10-17T22:48:29.817+0000] {logging_mixin.py:190} INFO - [2024-10-17T22:48:29.817+0000] {override.py:1900} INFO - Created Permission View: can read on DAG Run:example_kubernetes_executor
[2024-10-17T22:48:29.818+0000] {logging_mixin.py:190} INFO - [2024-10-17T22:48:29.817+0000] {dag.py:3239} INFO - Sync 1 DAGs
[2024-10-17T22:48:29.827+0000] {logging_mixin.py:190} INFO - [2024-10-17T22:48:29.827+0000] {dag.py:3262} INFO - Creating ORM DAG for example_kubernetes_executor
[2024-10-17T22:48:29.827+0000] {logging_mixin.py:190} INFO - [2024-10-17T22:48:29.827+0000] {dag.py:4180} INFO - Setting next_dagrun for example_kubernetes_executor to None, run_after=None
[2024-10-17T22:48:29.838+0000] {processor.py:208} INFO - Processing /home/airflow/.local/lib/python3.12/site-packages/airflow/example_dags/example_kubernetes_executor.py took 0.151 seconds
[2024-10-17T22:49:00.539+0000] {processor.py:186} INFO - Started process (PID=128) to work on /home/airflow/.local/lib/python3.12/site-packages/airflow/example_dags/example_kubernetes_executor.py
[2024-10-17T22:49:00.539+0000] {processor.py:914} INFO - Processing file /home/airflow/.local/lib/python3.12/site-packages/airflow/example_dags/example_kubernetes_executor.py for tasks to queue
[2024-10-17T22:49:00.541+0000] {logging_mixin.py:190} INFO - [2024-10-17T22:49:00.540+0000] {dagbag.py:588} INFO - Filling up the DagBag from /home/airflow/.local/lib/python3.12/site-packages/airflow/example_dags/example_kubernetes_executor.py
[2024-10-17T22:49:00.550+0000] {processor.py:925} INFO - DAG(s) 'example_kubernetes_executor' retrieved from /home/airflow/.local/lib/python3.12/site-packages/airflow/example_dags/example_kubernetes_executor.py
[2024-10-17T22:49:00.575+0000] {logging_mixin.py:190} INFO - [2024-10-17T22:49:00.575+0000] {dag.py:3239} INFO - Sync 1 DAGs
[2024-10-17T22:49:00.584+0000] {logging_mixin.py:190} INFO - [2024-10-17T22:49:00.584+0000] {dag.py:4180} INFO - Setting next_dagrun for example_kubernetes_executor to None, run_after=None
[2024-10-17T22:49:00.599+0000] {processor.py:208} INFO - Processing /home/airflow/.local/lib/python3.12/site-packages/airflow/example_dags/example_kubernetes_executor.py took 0.064 seconds
[2024-10-17T22:49:31.263+0000] {processor.py:186} INFO - Started process (PID=190) to work on /home/airflow/.local/lib/python3.12/site-packages/airflow/example_dags/example_kubernetes_executor.py
[2024-10-17T22:49:31.264+0000] {processor.py:914} INFO - Processing file /home/airflow/.local/lib/python3.12/site-packages/airflow/example_dags/example_kubernetes_executor.py for tasks to queue
[2024-10-17T22:49:31.265+0000] {logging_mixin.py:190} INFO - [2024-10-17T22:49:31.265+0000] {dagbag.py:588} INFO - Filling up the DagBag from /home/airflow/.local/lib/python3.12/site-packages/airflow/example_dags/example_kubernetes_executor.py
[2024-10-17T22:49:31.274+0000] {processor.py:925} INFO - DAG(s) 'example_kubernetes_executor' retrieved from /home/airflow/.local/lib/python3.12/site-packages/airflow/example_dags/example_kubernetes_executor.py
[2024-10-17T22:49:31.300+0000] {logging_mixin.py:190} INFO - [2024-10-17T22:49:31.299+0000] {dag.py:3239} INFO - Sync 1 DAGs
[2024-10-17T22:49:31.310+0000] {logging_mixin.py:190} INFO - [2024-10-17T22:49:31.310+0000] {dag.py:4180} INFO - Setting next_dagrun for example_kubernetes_executor to None, run_after=None
[2024-10-17T22:49:31.321+0000] {processor.py:208} INFO - Processing /home/airflow/.local/lib/python3.12/site-packages/airflow/example_dags/example_kubernetes_executor.py took 0.062 seconds
[2024-10-17T22:50:01.802+0000] {processor.py:186} INFO - Started process (PID=252) to work on /home/airflow/.local/lib/python3.12/site-packages/airflow/example_dags/example_kubernetes_executor.py
[2024-10-17T22:50:01.802+0000] {processor.py:914} INFO - Processing file /home/airflow/.local/lib/python3.12/site-packages/airflow/example_dags/example_kubernetes_executor.py for tasks to queue
[2024-10-17T22:50:01.803+0000] {logging_mixin.py:190} INFO - [2024-10-17T22:50:01.803+0000] {dagbag.py:588} INFO - Filling up the DagBag from /home/airflow/.local/lib/python3.12/site-packages/airflow/example_dags/example_kubernetes_executor.py
[2024-10-17T22:50:01.813+0000] {processor.py:925} INFO - DAG(s) 'example_kubernetes_executor' retrieved from /home/airflow/.local/lib/python3.12/site-packages/airflow/example_dags/example_kubernetes_executor.py
[2024-10-17T22:50:01.837+0000] {logging_mixin.py:190} INFO - [2024-10-17T22:50:01.837+0000] {dag.py:3239} INFO - Sync 1 DAGs
[2024-10-17T22:50:01.847+0000] {logging_mixin.py:190} INFO - [2024-10-17T22:50:01.847+0000] {dag.py:4180} INFO - Setting next_dagrun for example_kubernetes_executor to None, run_after=None
[2024-10-17T22:50:01.858+0000] {processor.py:208} INFO - Processing /home/airflow/.local/lib/python3.12/site-packages/airflow/example_dags/example_kubernetes_executor.py took 0.061 seconds
