[2024-10-17T22:48:30.541+0000] {processor.py:186} INFO - Started process (PID=73) to work on /home/airflow/.local/lib/python3.12/site-packages/airflow/example_dags/example_bash_decorator.py
[2024-10-17T22:48:30.541+0000] {processor.py:914} INFO - Processing file /home/airflow/.local/lib/python3.12/site-packages/airflow/example_dags/example_bash_decorator.py for tasks to queue
[2024-10-17T22:48:30.543+0000] {logging_mixin.py:190} INFO - [2024-10-17T22:48:30.542+0000] {dagbag.py:588} INFO - Filling up the DagBag from /home/airflow/.local/lib/python3.12/site-packages/airflow/example_dags/example_bash_decorator.py
[2024-10-17T22:48:30.552+0000] {processor.py:925} INFO - DAG(s) 'example_bash_decorator' retrieved from /home/airflow/.local/lib/python3.12/site-packages/airflow/example_dags/example_bash_decorator.py
[2024-10-17T22:48:30.625+0000] {logging_mixin.py:190} INFO - [2024-10-17T22:48:30.625+0000] {override.py:1900} INFO - Created Permission View: can edit on DAG:example_bash_decorator
[2024-10-17T22:48:30.632+0000] {logging_mixin.py:190} INFO - [2024-10-17T22:48:30.631+0000] {override.py:1900} INFO - Created Permission View: can delete on DAG:example_bash_decorator
[2024-10-17T22:48:30.636+0000] {logging_mixin.py:190} INFO - [2024-10-17T22:48:30.636+0000] {override.py:1900} INFO - Created Permission View: can read on DAG:example_bash_decorator
[2024-10-17T22:48:30.641+0000] {logging_mixin.py:190} INFO - [2024-10-17T22:48:30.640+0000] {override.py:1900} INFO - Created Permission View: menu access on DAG Run:example_bash_decorator
[2024-10-17T22:48:30.645+0000] {logging_mixin.py:190} INFO - [2024-10-17T22:48:30.645+0000] {override.py:1900} INFO - Created Permission View: can create on DAG Run:example_bash_decorator
[2024-10-17T22:48:30.650+0000] {logging_mixin.py:190} INFO - [2024-10-17T22:48:30.649+0000] {override.py:1900} INFO - Created Permission View: can delete on DAG Run:example_bash_decorator
[2024-10-17T22:48:30.654+0000] {logging_mixin.py:190} INFO - [2024-10-17T22:48:30.654+0000] {override.py:1900} INFO - Created Permission View: can read on DAG Run:example_bash_decorator
[2024-10-17T22:48:30.654+0000] {logging_mixin.py:190} INFO - [2024-10-17T22:48:30.654+0000] {dag.py:3239} INFO - Sync 1 DAGs
[2024-10-17T22:48:30.663+0000] {logging_mixin.py:190} INFO - [2024-10-17T22:48:30.663+0000] {dag.py:3262} INFO - Creating ORM DAG for example_bash_decorator
[2024-10-17T22:48:30.663+0000] {logging_mixin.py:190} INFO - [2024-10-17T22:48:30.663+0000] {dag.py:4180} INFO - Setting next_dagrun for example_bash_decorator to None, run_after=None
[2024-10-17T22:48:30.673+0000] {processor.py:208} INFO - Processing /home/airflow/.local/lib/python3.12/site-packages/airflow/example_dags/example_bash_decorator.py took 0.136 seconds
[2024-10-17T22:49:00.955+0000] {processor.py:186} INFO - Started process (PID=135) to work on /home/airflow/.local/lib/python3.12/site-packages/airflow/example_dags/example_bash_decorator.py
[2024-10-17T22:49:00.956+0000] {processor.py:914} INFO - Processing file /home/airflow/.local/lib/python3.12/site-packages/airflow/example_dags/example_bash_decorator.py for tasks to queue
[2024-10-17T22:49:00.957+0000] {logging_mixin.py:190} INFO - [2024-10-17T22:49:00.957+0000] {dagbag.py:588} INFO - Filling up the DagBag from /home/airflow/.local/lib/python3.12/site-packages/airflow/example_dags/example_bash_decorator.py
[2024-10-17T22:49:00.966+0000] {processor.py:925} INFO - DAG(s) 'example_bash_decorator' retrieved from /home/airflow/.local/lib/python3.12/site-packages/airflow/example_dags/example_bash_decorator.py
[2024-10-17T22:49:00.980+0000] {logging_mixin.py:190} INFO - [2024-10-17T22:49:00.980+0000] {dag.py:3239} INFO - Sync 1 DAGs
[2024-10-17T22:49:00.990+0000] {logging_mixin.py:190} INFO - [2024-10-17T22:49:00.990+0000] {dag.py:4180} INFO - Setting next_dagrun for example_bash_decorator to None, run_after=None
[2024-10-17T22:49:01.004+0000] {processor.py:208} INFO - Processing /home/airflow/.local/lib/python3.12/site-packages/airflow/example_dags/example_bash_decorator.py took 0.052 seconds
[2024-10-17T22:49:31.651+0000] {processor.py:186} INFO - Started process (PID=197) to work on /home/airflow/.local/lib/python3.12/site-packages/airflow/example_dags/example_bash_decorator.py
[2024-10-17T22:49:31.651+0000] {processor.py:914} INFO - Processing file /home/airflow/.local/lib/python3.12/site-packages/airflow/example_dags/example_bash_decorator.py for tasks to queue
[2024-10-17T22:49:31.653+0000] {logging_mixin.py:190} INFO - [2024-10-17T22:49:31.653+0000] {dagbag.py:588} INFO - Filling up the DagBag from /home/airflow/.local/lib/python3.12/site-packages/airflow/example_dags/example_bash_decorator.py
[2024-10-17T22:49:31.662+0000] {processor.py:925} INFO - DAG(s) 'example_bash_decorator' retrieved from /home/airflow/.local/lib/python3.12/site-packages/airflow/example_dags/example_bash_decorator.py
[2024-10-17T22:49:31.677+0000] {logging_mixin.py:190} INFO - [2024-10-17T22:49:31.677+0000] {dag.py:3239} INFO - Sync 1 DAGs
[2024-10-17T22:49:31.687+0000] {logging_mixin.py:190} INFO - [2024-10-17T22:49:31.686+0000] {dag.py:4180} INFO - Setting next_dagrun for example_bash_decorator to None, run_after=None
[2024-10-17T22:49:31.698+0000] {processor.py:208} INFO - Processing /home/airflow/.local/lib/python3.12/site-packages/airflow/example_dags/example_bash_decorator.py took 0.051 seconds
[2024-10-17T22:50:02.192+0000] {processor.py:186} INFO - Started process (PID=259) to work on /home/airflow/.local/lib/python3.12/site-packages/airflow/example_dags/example_bash_decorator.py
[2024-10-17T22:50:02.192+0000] {processor.py:914} INFO - Processing file /home/airflow/.local/lib/python3.12/site-packages/airflow/example_dags/example_bash_decorator.py for tasks to queue
[2024-10-17T22:50:02.194+0000] {logging_mixin.py:190} INFO - [2024-10-17T22:50:02.194+0000] {dagbag.py:588} INFO - Filling up the DagBag from /home/airflow/.local/lib/python3.12/site-packages/airflow/example_dags/example_bash_decorator.py
[2024-10-17T22:50:02.203+0000] {processor.py:925} INFO - DAG(s) 'example_bash_decorator' retrieved from /home/airflow/.local/lib/python3.12/site-packages/airflow/example_dags/example_bash_decorator.py
[2024-10-17T22:50:02.219+0000] {logging_mixin.py:190} INFO - [2024-10-17T22:50:02.219+0000] {dag.py:3239} INFO - Sync 1 DAGs
[2024-10-17T22:50:02.229+0000] {logging_mixin.py:190} INFO - [2024-10-17T22:50:02.229+0000] {dag.py:4180} INFO - Setting next_dagrun for example_bash_decorator to None, run_after=None
[2024-10-17T22:50:02.242+0000] {processor.py:208} INFO - Processing /home/airflow/.local/lib/python3.12/site-packages/airflow/example_dags/example_bash_decorator.py took 0.054 seconds
