[2024-10-17T22:48:31.696+0000] {processor.py:186} INFO - Started process (PID=85) to work on /home/airflow/.local/lib/python3.12/site-packages/airflow/example_dags/example_short_circuit_decorator.py
[2024-10-17T22:48:31.696+0000] {processor.py:914} INFO - Processing file /home/airflow/.local/lib/python3.12/site-packages/airflow/example_dags/example_short_circuit_decorator.py for tasks to queue
[2024-10-17T22:48:31.698+0000] {logging_mixin.py:190} INFO - [2024-10-17T22:48:31.698+0000] {dagbag.py:588} INFO - Filling up the DagBag from /home/airflow/.local/lib/python3.12/site-packages/airflow/example_dags/example_short_circuit_decorator.py
[2024-10-17T22:48:31.705+0000] {processor.py:925} INFO - DAG(s) 'example_short_circuit_decorator' retrieved from /home/airflow/.local/lib/python3.12/site-packages/airflow/example_dags/example_short_circuit_decorator.py
[2024-10-17T22:48:31.781+0000] {logging_mixin.py:190} INFO - [2024-10-17T22:48:31.780+0000] {override.py:1900} INFO - Created Permission View: can edit on DAG:example_short_circuit_decorator
[2024-10-17T22:48:31.787+0000] {logging_mixin.py:190} INFO - [2024-10-17T22:48:31.787+0000] {override.py:1900} INFO - Created Permission View: can delete on DAG:example_short_circuit_decorator
[2024-10-17T22:48:31.792+0000] {logging_mixin.py:190} INFO - [2024-10-17T22:48:31.791+0000] {override.py:1900} INFO - Created Permission View: can read on DAG:example_short_circuit_decorator
[2024-10-17T22:48:31.796+0000] {logging_mixin.py:190} INFO - [2024-10-17T22:48:31.796+0000] {override.py:1900} INFO - Created Permission View: menu access on DAG Run:example_short_circuit_decorator
[2024-10-17T22:48:31.801+0000] {logging_mixin.py:190} INFO - [2024-10-17T22:48:31.800+0000] {override.py:1900} INFO - Created Permission View: can create on DAG Run:example_short_circuit_decorator
[2024-10-17T22:48:31.805+0000] {logging_mixin.py:190} INFO - [2024-10-17T22:48:31.805+0000] {override.py:1900} INFO - Created Permission View: can delete on DAG Run:example_short_circuit_decorator
[2024-10-17T22:48:31.809+0000] {logging_mixin.py:190} INFO - [2024-10-17T22:48:31.809+0000] {override.py:1900} INFO - Created Permission View: can read on DAG Run:example_short_circuit_decorator
[2024-10-17T22:48:31.810+0000] {logging_mixin.py:190} INFO - [2024-10-17T22:48:31.809+0000] {dag.py:3239} INFO - Sync 1 DAGs
[2024-10-17T22:48:31.819+0000] {logging_mixin.py:190} INFO - [2024-10-17T22:48:31.818+0000] {dag.py:3262} INFO - Creating ORM DAG for example_short_circuit_decorator
[2024-10-17T22:48:31.819+0000] {logging_mixin.py:190} INFO - [2024-10-17T22:48:31.819+0000] {dag.py:4180} INFO - Setting next_dagrun for example_short_circuit_decorator to None, run_after=None
[2024-10-17T22:48:31.831+0000] {processor.py:208} INFO - Processing /home/airflow/.local/lib/python3.12/site-packages/airflow/example_dags/example_short_circuit_decorator.py took 0.139 seconds
[2024-10-17T22:49:02.452+0000] {processor.py:186} INFO - Started process (PID=147) to work on /home/airflow/.local/lib/python3.12/site-packages/airflow/example_dags/example_short_circuit_decorator.py
[2024-10-17T22:49:02.453+0000] {processor.py:914} INFO - Processing file /home/airflow/.local/lib/python3.12/site-packages/airflow/example_dags/example_short_circuit_decorator.py for tasks to queue
[2024-10-17T22:49:02.454+0000] {logging_mixin.py:190} INFO - [2024-10-17T22:49:02.454+0000] {dagbag.py:588} INFO - Filling up the DagBag from /home/airflow/.local/lib/python3.12/site-packages/airflow/example_dags/example_short_circuit_decorator.py
[2024-10-17T22:49:02.460+0000] {processor.py:925} INFO - DAG(s) 'example_short_circuit_decorator' retrieved from /home/airflow/.local/lib/python3.12/site-packages/airflow/example_dags/example_short_circuit_decorator.py
[2024-10-17T22:49:02.476+0000] {logging_mixin.py:190} INFO - [2024-10-17T22:49:02.476+0000] {dag.py:3239} INFO - Sync 1 DAGs
[2024-10-17T22:49:02.486+0000] {logging_mixin.py:190} INFO - [2024-10-17T22:49:02.486+0000] {dag.py:4180} INFO - Setting next_dagrun for example_short_circuit_decorator to None, run_after=None
[2024-10-17T22:49:02.498+0000] {processor.py:208} INFO - Processing /home/airflow/.local/lib/python3.12/site-packages/airflow/example_dags/example_short_circuit_decorator.py took 0.050 seconds
[2024-10-17T22:49:33.154+0000] {processor.py:186} INFO - Started process (PID=209) to work on /home/airflow/.local/lib/python3.12/site-packages/airflow/example_dags/example_short_circuit_decorator.py
[2024-10-17T22:49:33.155+0000] {processor.py:914} INFO - Processing file /home/airflow/.local/lib/python3.12/site-packages/airflow/example_dags/example_short_circuit_decorator.py for tasks to queue
[2024-10-17T22:49:33.156+0000] {logging_mixin.py:190} INFO - [2024-10-17T22:49:33.156+0000] {dagbag.py:588} INFO - Filling up the DagBag from /home/airflow/.local/lib/python3.12/site-packages/airflow/example_dags/example_short_circuit_decorator.py
[2024-10-17T22:49:33.162+0000] {processor.py:925} INFO - DAG(s) 'example_short_circuit_decorator' retrieved from /home/airflow/.local/lib/python3.12/site-packages/airflow/example_dags/example_short_circuit_decorator.py
[2024-10-17T22:49:33.176+0000] {logging_mixin.py:190} INFO - [2024-10-17T22:49:33.176+0000] {dag.py:3239} INFO - Sync 1 DAGs
[2024-10-17T22:49:33.186+0000] {logging_mixin.py:190} INFO - [2024-10-17T22:49:33.186+0000] {dag.py:4180} INFO - Setting next_dagrun for example_short_circuit_decorator to None, run_after=None
[2024-10-17T22:49:33.198+0000] {processor.py:208} INFO - Processing /home/airflow/.local/lib/python3.12/site-packages/airflow/example_dags/example_short_circuit_decorator.py took 0.047 seconds
[2024-10-17T22:50:03.792+0000] {processor.py:186} INFO - Started process (PID=277) to work on /home/airflow/.local/lib/python3.12/site-packages/airflow/example_dags/example_short_circuit_decorator.py
[2024-10-17T22:50:03.793+0000] {processor.py:914} INFO - Processing file /home/airflow/.local/lib/python3.12/site-packages/airflow/example_dags/example_short_circuit_decorator.py for tasks to queue
[2024-10-17T22:50:03.794+0000] {logging_mixin.py:190} INFO - [2024-10-17T22:50:03.794+0000] {dagbag.py:588} INFO - Filling up the DagBag from /home/airflow/.local/lib/python3.12/site-packages/airflow/example_dags/example_short_circuit_decorator.py
[2024-10-17T22:50:03.800+0000] {processor.py:925} INFO - DAG(s) 'example_short_circuit_decorator' retrieved from /home/airflow/.local/lib/python3.12/site-packages/airflow/example_dags/example_short_circuit_decorator.py
[2024-10-17T22:50:03.815+0000] {logging_mixin.py:190} INFO - [2024-10-17T22:50:03.814+0000] {dag.py:3239} INFO - Sync 1 DAGs
[2024-10-17T22:50:03.824+0000] {logging_mixin.py:190} INFO - [2024-10-17T22:50:03.824+0000] {dag.py:4180} INFO - Setting next_dagrun for example_short_circuit_decorator to None, run_after=None
[2024-10-17T22:50:03.835+0000] {processor.py:208} INFO - Processing /home/airflow/.local/lib/python3.12/site-packages/airflow/example_dags/example_short_circuit_decorator.py took 0.047 seconds
