[2024-10-17T22:48:32.178+0000] {processor.py:186} INFO - Started process (PID=91) to work on /home/airflow/.local/lib/python3.12/site-packages/airflow/example_dags/example_sensor_decorator.py
[2024-10-17T22:48:32.179+0000] {processor.py:914} INFO - Processing file /home/airflow/.local/lib/python3.12/site-packages/airflow/example_dags/example_sensor_decorator.py for tasks to queue
[2024-10-17T22:48:32.180+0000] {logging_mixin.py:190} INFO - [2024-10-17T22:48:32.180+0000] {dagbag.py:588} INFO - Filling up the DagBag from /home/airflow/.local/lib/python3.12/site-packages/airflow/example_dags/example_sensor_decorator.py
[2024-10-17T22:48:32.185+0000] {processor.py:925} INFO - DAG(s) 'example_sensor_decorator' retrieved from /home/airflow/.local/lib/python3.12/site-packages/airflow/example_dags/example_sensor_decorator.py
[2024-10-17T22:48:32.256+0000] {logging_mixin.py:190} INFO - [2024-10-17T22:48:32.255+0000] {override.py:1900} INFO - Created Permission View: can edit on DAG:example_sensor_decorator
[2024-10-17T22:48:32.262+0000] {logging_mixin.py:190} INFO - [2024-10-17T22:48:32.262+0000] {override.py:1900} INFO - Created Permission View: can delete on DAG:example_sensor_decorator
[2024-10-17T22:48:32.266+0000] {logging_mixin.py:190} INFO - [2024-10-17T22:48:32.266+0000] {override.py:1900} INFO - Created Permission View: can read on DAG:example_sensor_decorator
[2024-10-17T22:48:32.271+0000] {logging_mixin.py:190} INFO - [2024-10-17T22:48:32.271+0000] {override.py:1900} INFO - Created Permission View: menu access on DAG Run:example_sensor_decorator
[2024-10-17T22:48:32.275+0000] {logging_mixin.py:190} INFO - [2024-10-17T22:48:32.275+0000] {override.py:1900} INFO - Created Permission View: can create on DAG Run:example_sensor_decorator
[2024-10-17T22:48:32.280+0000] {logging_mixin.py:190} INFO - [2024-10-17T22:48:32.279+0000] {override.py:1900} INFO - Created Permission View: can delete on DAG Run:example_sensor_decorator
[2024-10-17T22:48:32.284+0000] {logging_mixin.py:190} INFO - [2024-10-17T22:48:32.284+0000] {override.py:1900} INFO - Created Permission View: can read on DAG Run:example_sensor_decorator
[2024-10-17T22:48:32.284+0000] {logging_mixin.py:190} INFO - [2024-10-17T22:48:32.284+0000] {dag.py:3239} INFO - Sync 1 DAGs
[2024-10-17T22:48:32.293+0000] {logging_mixin.py:190} INFO - [2024-10-17T22:48:32.293+0000] {dag.py:3262} INFO - Creating ORM DAG for example_sensor_decorator
[2024-10-17T22:48:32.294+0000] {logging_mixin.py:190} INFO - [2024-10-17T22:48:32.293+0000] {dag.py:4180} INFO - Setting next_dagrun for example_sensor_decorator to None, run_after=None
[2024-10-17T22:48:32.305+0000] {processor.py:208} INFO - Processing /home/airflow/.local/lib/python3.12/site-packages/airflow/example_dags/example_sensor_decorator.py took 0.130 seconds
[2024-10-17T22:49:02.745+0000] {processor.py:186} INFO - Started process (PID=153) to work on /home/airflow/.local/lib/python3.12/site-packages/airflow/example_dags/example_sensor_decorator.py
[2024-10-17T22:49:02.745+0000] {processor.py:914} INFO - Processing file /home/airflow/.local/lib/python3.12/site-packages/airflow/example_dags/example_sensor_decorator.py for tasks to queue
[2024-10-17T22:49:02.747+0000] {logging_mixin.py:190} INFO - [2024-10-17T22:49:02.746+0000] {dagbag.py:588} INFO - Filling up the DagBag from /home/airflow/.local/lib/python3.12/site-packages/airflow/example_dags/example_sensor_decorator.py
[2024-10-17T22:49:02.751+0000] {processor.py:925} INFO - DAG(s) 'example_sensor_decorator' retrieved from /home/airflow/.local/lib/python3.12/site-packages/airflow/example_dags/example_sensor_decorator.py
[2024-10-17T22:49:02.762+0000] {logging_mixin.py:190} INFO - [2024-10-17T22:49:02.762+0000] {dag.py:3239} INFO - Sync 1 DAGs
[2024-10-17T22:49:02.772+0000] {logging_mixin.py:190} INFO - [2024-10-17T22:49:02.772+0000] {dag.py:4180} INFO - Setting next_dagrun for example_sensor_decorator to None, run_after=None
[2024-10-17T22:49:02.784+0000] {processor.py:208} INFO - Processing /home/airflow/.local/lib/python3.12/site-packages/airflow/example_dags/example_sensor_decorator.py took 0.043 seconds
[2024-10-17T22:49:33.370+0000] {processor.py:186} INFO - Started process (PID=215) to work on /home/airflow/.local/lib/python3.12/site-packages/airflow/example_dags/example_sensor_decorator.py
[2024-10-17T22:49:33.371+0000] {processor.py:914} INFO - Processing file /home/airflow/.local/lib/python3.12/site-packages/airflow/example_dags/example_sensor_decorator.py for tasks to queue
[2024-10-17T22:49:33.372+0000] {logging_mixin.py:190} INFO - [2024-10-17T22:49:33.372+0000] {dagbag.py:588} INFO - Filling up the DagBag from /home/airflow/.local/lib/python3.12/site-packages/airflow/example_dags/example_sensor_decorator.py
[2024-10-17T22:49:33.377+0000] {processor.py:925} INFO - DAG(s) 'example_sensor_decorator' retrieved from /home/airflow/.local/lib/python3.12/site-packages/airflow/example_dags/example_sensor_decorator.py
[2024-10-17T22:49:33.388+0000] {logging_mixin.py:190} INFO - [2024-10-17T22:49:33.388+0000] {dag.py:3239} INFO - Sync 1 DAGs
[2024-10-17T22:49:33.399+0000] {logging_mixin.py:190} INFO - [2024-10-17T22:49:33.398+0000] {dag.py:4180} INFO - Setting next_dagrun for example_sensor_decorator to None, run_after=None
[2024-10-17T22:49:33.410+0000] {processor.py:208} INFO - Processing /home/airflow/.local/lib/python3.12/site-packages/airflow/example_dags/example_sensor_decorator.py took 0.043 seconds
[2024-10-17T22:50:04.013+0000] {processor.py:186} INFO - Started process (PID=283) to work on /home/airflow/.local/lib/python3.12/site-packages/airflow/example_dags/example_sensor_decorator.py
[2024-10-17T22:50:04.013+0000] {processor.py:914} INFO - Processing file /home/airflow/.local/lib/python3.12/site-packages/airflow/example_dags/example_sensor_decorator.py for tasks to queue
[2024-10-17T22:50:04.015+0000] {logging_mixin.py:190} INFO - [2024-10-17T22:50:04.014+0000] {dagbag.py:588} INFO - Filling up the DagBag from /home/airflow/.local/lib/python3.12/site-packages/airflow/example_dags/example_sensor_decorator.py
[2024-10-17T22:50:04.019+0000] {processor.py:925} INFO - DAG(s) 'example_sensor_decorator' retrieved from /home/airflow/.local/lib/python3.12/site-packages/airflow/example_dags/example_sensor_decorator.py
[2024-10-17T22:50:04.031+0000] {logging_mixin.py:190} INFO - [2024-10-17T22:50:04.031+0000] {dag.py:3239} INFO - Sync 1 DAGs
[2024-10-17T22:50:04.040+0000] {logging_mixin.py:190} INFO - [2024-10-17T22:50:04.040+0000] {dag.py:4180} INFO - Setting next_dagrun for example_sensor_decorator to None, run_after=None
[2024-10-17T22:50:04.051+0000] {processor.py:208} INFO - Processing /home/airflow/.local/lib/python3.12/site-packages/airflow/example_dags/example_sensor_decorator.py took 0.042 seconds
