[2024-10-17T22:48:30.263+0000] {processor.py:186} INFO - Started process (PID=70) to work on /home/airflow/.local/lib/python3.12/site-packages/airflow/example_dags/example_task_group_decorator.py
[2024-10-17T22:48:30.264+0000] {processor.py:914} INFO - Processing file /home/airflow/.local/lib/python3.12/site-packages/airflow/example_dags/example_task_group_decorator.py for tasks to queue
[2024-10-17T22:48:30.265+0000] {logging_mixin.py:190} INFO - [2024-10-17T22:48:30.265+0000] {dagbag.py:588} INFO - Filling up the DagBag from /home/airflow/.local/lib/python3.12/site-packages/airflow/example_dags/example_task_group_decorator.py
[2024-10-17T22:48:30.276+0000] {processor.py:925} INFO - DAG(s) 'example_task_group_decorator' retrieved from /home/airflow/.local/lib/python3.12/site-packages/airflow/example_dags/example_task_group_decorator.py
[2024-10-17T22:48:30.351+0000] {logging_mixin.py:190} INFO - [2024-10-17T22:48:30.351+0000] {override.py:1900} INFO - Created Permission View: can edit on DAG:example_task_group_decorator
[2024-10-17T22:48:30.357+0000] {logging_mixin.py:190} INFO - [2024-10-17T22:48:30.357+0000] {override.py:1900} INFO - Created Permission View: can delete on DAG:example_task_group_decorator
[2024-10-17T22:48:30.362+0000] {logging_mixin.py:190} INFO - [2024-10-17T22:48:30.361+0000] {override.py:1900} INFO - Created Permission View: can read on DAG:example_task_group_decorator
[2024-10-17T22:48:30.366+0000] {logging_mixin.py:190} INFO - [2024-10-17T22:48:30.366+0000] {override.py:1900} INFO - Created Permission View: menu access on DAG Run:example_task_group_decorator
[2024-10-17T22:48:30.370+0000] {logging_mixin.py:190} INFO - [2024-10-17T22:48:30.370+0000] {override.py:1900} INFO - Created Permission View: can create on DAG Run:example_task_group_decorator
[2024-10-17T22:48:30.375+0000] {logging_mixin.py:190} INFO - [2024-10-17T22:48:30.375+0000] {override.py:1900} INFO - Created Permission View: can delete on DAG Run:example_task_group_decorator
[2024-10-17T22:48:30.379+0000] {logging_mixin.py:190} INFO - [2024-10-17T22:48:30.379+0000] {override.py:1900} INFO - Created Permission View: can read on DAG Run:example_task_group_decorator
[2024-10-17T22:48:30.379+0000] {logging_mixin.py:190} INFO - [2024-10-17T22:48:30.379+0000] {dag.py:3239} INFO - Sync 1 DAGs
[2024-10-17T22:48:30.388+0000] {logging_mixin.py:190} INFO - [2024-10-17T22:48:30.388+0000] {dag.py:3262} INFO - Creating ORM DAG for example_task_group_decorator
[2024-10-17T22:48:30.389+0000] {logging_mixin.py:190} INFO - [2024-10-17T22:48:30.389+0000] {dag.py:4180} INFO - Setting next_dagrun for example_task_group_decorator to None, run_after=None
[2024-10-17T22:48:30.399+0000] {processor.py:208} INFO - Processing /home/airflow/.local/lib/python3.12/site-packages/airflow/example_dags/example_task_group_decorator.py took 0.139 seconds
[2024-10-17T22:49:00.792+0000] {processor.py:186} INFO - Started process (PID=132) to work on /home/airflow/.local/lib/python3.12/site-packages/airflow/example_dags/example_task_group_decorator.py
[2024-10-17T22:49:00.793+0000] {processor.py:914} INFO - Processing file /home/airflow/.local/lib/python3.12/site-packages/airflow/example_dags/example_task_group_decorator.py for tasks to queue
[2024-10-17T22:49:00.794+0000] {logging_mixin.py:190} INFO - [2024-10-17T22:49:00.794+0000] {dagbag.py:588} INFO - Filling up the DagBag from /home/airflow/.local/lib/python3.12/site-packages/airflow/example_dags/example_task_group_decorator.py
[2024-10-17T22:49:00.804+0000] {processor.py:925} INFO - DAG(s) 'example_task_group_decorator' retrieved from /home/airflow/.local/lib/python3.12/site-packages/airflow/example_dags/example_task_group_decorator.py
[2024-10-17T22:49:00.820+0000] {logging_mixin.py:190} INFO - [2024-10-17T22:49:00.820+0000] {dag.py:3239} INFO - Sync 1 DAGs
[2024-10-17T22:49:00.830+0000] {logging_mixin.py:190} INFO - [2024-10-17T22:49:00.830+0000] {dag.py:4180} INFO - Setting next_dagrun for example_task_group_decorator to None, run_after=None
[2024-10-17T22:49:00.846+0000] {processor.py:208} INFO - Processing /home/airflow/.local/lib/python3.12/site-packages/airflow/example_dags/example_task_group_decorator.py took 0.058 seconds
[2024-10-17T22:49:31.507+0000] {processor.py:186} INFO - Started process (PID=194) to work on /home/airflow/.local/lib/python3.12/site-packages/airflow/example_dags/example_task_group_decorator.py
[2024-10-17T22:49:31.508+0000] {processor.py:914} INFO - Processing file /home/airflow/.local/lib/python3.12/site-packages/airflow/example_dags/example_task_group_decorator.py for tasks to queue
[2024-10-17T22:49:31.509+0000] {logging_mixin.py:190} INFO - [2024-10-17T22:49:31.509+0000] {dagbag.py:588} INFO - Filling up the DagBag from /home/airflow/.local/lib/python3.12/site-packages/airflow/example_dags/example_task_group_decorator.py
[2024-10-17T22:49:31.520+0000] {processor.py:925} INFO - DAG(s) 'example_task_group_decorator' retrieved from /home/airflow/.local/lib/python3.12/site-packages/airflow/example_dags/example_task_group_decorator.py
[2024-10-17T22:49:31.539+0000] {logging_mixin.py:190} INFO - [2024-10-17T22:49:31.539+0000] {dag.py:3239} INFO - Sync 1 DAGs
[2024-10-17T22:49:31.549+0000] {logging_mixin.py:190} INFO - [2024-10-17T22:49:31.549+0000] {dag.py:4180} INFO - Setting next_dagrun for example_task_group_decorator to None, run_after=None
[2024-10-17T22:49:31.561+0000] {processor.py:208} INFO - Processing /home/airflow/.local/lib/python3.12/site-packages/airflow/example_dags/example_task_group_decorator.py took 0.057 seconds
[2024-10-17T22:50:02.044+0000] {processor.py:186} INFO - Started process (PID=256) to work on /home/airflow/.local/lib/python3.12/site-packages/airflow/example_dags/example_task_group_decorator.py
[2024-10-17T22:50:02.045+0000] {processor.py:914} INFO - Processing file /home/airflow/.local/lib/python3.12/site-packages/airflow/example_dags/example_task_group_decorator.py for tasks to queue
[2024-10-17T22:50:02.046+0000] {logging_mixin.py:190} INFO - [2024-10-17T22:50:02.046+0000] {dagbag.py:588} INFO - Filling up the DagBag from /home/airflow/.local/lib/python3.12/site-packages/airflow/example_dags/example_task_group_decorator.py
[2024-10-17T22:50:02.056+0000] {processor.py:925} INFO - DAG(s) 'example_task_group_decorator' retrieved from /home/airflow/.local/lib/python3.12/site-packages/airflow/example_dags/example_task_group_decorator.py
[2024-10-17T22:50:02.074+0000] {logging_mixin.py:190} INFO - [2024-10-17T22:50:02.074+0000] {dag.py:3239} INFO - Sync 1 DAGs
[2024-10-17T22:50:02.085+0000] {logging_mixin.py:190} INFO - [2024-10-17T22:50:02.084+0000] {dag.py:4180} INFO - Setting next_dagrun for example_task_group_decorator to None, run_after=None
[2024-10-17T22:50:02.097+0000] {processor.py:208} INFO - Processing /home/airflow/.local/lib/python3.12/site-packages/airflow/example_dags/example_task_group_decorator.py took 0.056 seconds
