[2024-10-17T22:48:31.073+0000] {processor.py:186} INFO - Started process (PID=78) to work on /home/airflow/.local/lib/python3.12/site-packages/airflow/example_dags/example_branch_labels.py
[2024-10-17T22:48:31.073+0000] {processor.py:914} INFO - Processing file /home/airflow/.local/lib/python3.12/site-packages/airflow/example_dags/example_branch_labels.py for tasks to queue
[2024-10-17T22:48:31.075+0000] {logging_mixin.py:190} INFO - [2024-10-17T22:48:31.075+0000] {dagbag.py:588} INFO - Filling up the DagBag from /home/airflow/.local/lib/python3.12/site-packages/airflow/example_dags/example_branch_labels.py
[2024-10-17T22:48:31.081+0000] {processor.py:925} INFO - DAG(s) 'example_branch_labels' retrieved from /home/airflow/.local/lib/python3.12/site-packages/airflow/example_dags/example_branch_labels.py
[2024-10-17T22:48:31.151+0000] {logging_mixin.py:190} INFO - [2024-10-17T22:48:31.150+0000] {override.py:1900} INFO - Created Permission View: can edit on DAG:example_branch_labels
[2024-10-17T22:48:31.157+0000] {logging_mixin.py:190} INFO - [2024-10-17T22:48:31.157+0000] {override.py:1900} INFO - Created Permission View: can delete on DAG:example_branch_labels
[2024-10-17T22:48:31.161+0000] {logging_mixin.py:190} INFO - [2024-10-17T22:48:31.161+0000] {override.py:1900} INFO - Created Permission View: can read on DAG:example_branch_labels
[2024-10-17T22:48:31.166+0000] {logging_mixin.py:190} INFO - [2024-10-17T22:48:31.166+0000] {override.py:1900} INFO - Created Permission View: menu access on DAG Run:example_branch_labels
[2024-10-17T22:48:31.171+0000] {logging_mixin.py:190} INFO - [2024-10-17T22:48:31.170+0000] {override.py:1900} INFO - Created Permission View: can create on DAG Run:example_branch_labels
[2024-10-17T22:48:31.175+0000] {logging_mixin.py:190} INFO - [2024-10-17T22:48:31.175+0000] {override.py:1900} INFO - Created Permission View: can delete on DAG Run:example_branch_labels
[2024-10-17T22:48:31.179+0000] {logging_mixin.py:190} INFO - [2024-10-17T22:48:31.179+0000] {override.py:1900} INFO - Created Permission View: can read on DAG Run:example_branch_labels
[2024-10-17T22:48:31.179+0000] {logging_mixin.py:190} INFO - [2024-10-17T22:48:31.179+0000] {dag.py:3239} INFO - Sync 1 DAGs
[2024-10-17T22:48:31.188+0000] {logging_mixin.py:190} INFO - [2024-10-17T22:48:31.188+0000] {dag.py:3262} INFO - Creating ORM DAG for example_branch_labels
[2024-10-17T22:48:31.195+0000] {logging_mixin.py:190} INFO - [2024-10-17T22:48:31.195+0000] {dag.py:4180} INFO - Setting next_dagrun for example_branch_labels to 2024-10-16 00:00:00+00:00, run_after=2024-10-17 00:00:00+00:00
[2024-10-17T22:48:31.205+0000] {processor.py:208} INFO - Processing /home/airflow/.local/lib/python3.12/site-packages/airflow/example_dags/example_branch_labels.py took 0.136 seconds
[2024-10-17T22:49:02.101+0000] {processor.py:186} INFO - Started process (PID=140) to work on /home/airflow/.local/lib/python3.12/site-packages/airflow/example_dags/example_branch_labels.py
[2024-10-17T22:49:02.101+0000] {processor.py:914} INFO - Processing file /home/airflow/.local/lib/python3.12/site-packages/airflow/example_dags/example_branch_labels.py for tasks to queue
[2024-10-17T22:49:02.103+0000] {logging_mixin.py:190} INFO - [2024-10-17T22:49:02.102+0000] {dagbag.py:588} INFO - Filling up the DagBag from /home/airflow/.local/lib/python3.12/site-packages/airflow/example_dags/example_branch_labels.py
[2024-10-17T22:49:02.109+0000] {processor.py:925} INFO - DAG(s) 'example_branch_labels' retrieved from /home/airflow/.local/lib/python3.12/site-packages/airflow/example_dags/example_branch_labels.py
[2024-10-17T22:49:02.122+0000] {logging_mixin.py:190} INFO - [2024-10-17T22:49:02.122+0000] {dag.py:3239} INFO - Sync 1 DAGs
[2024-10-17T22:49:02.138+0000] {logging_mixin.py:190} INFO - [2024-10-17T22:49:02.138+0000] {dag.py:4180} INFO - Setting next_dagrun for example_branch_labels to 2024-10-16 00:00:00+00:00, run_after=2024-10-17 00:00:00+00:00
[2024-10-17T22:49:02.149+0000] {processor.py:208} INFO - Processing /home/airflow/.local/lib/python3.12/site-packages/airflow/example_dags/example_branch_labels.py took 0.052 seconds
[2024-10-17T22:49:32.813+0000] {processor.py:186} INFO - Started process (PID=202) to work on /home/airflow/.local/lib/python3.12/site-packages/airflow/example_dags/example_branch_labels.py
[2024-10-17T22:49:32.813+0000] {processor.py:914} INFO - Processing file /home/airflow/.local/lib/python3.12/site-packages/airflow/example_dags/example_branch_labels.py for tasks to queue
[2024-10-17T22:49:32.815+0000] {logging_mixin.py:190} INFO - [2024-10-17T22:49:32.815+0000] {dagbag.py:588} INFO - Filling up the DagBag from /home/airflow/.local/lib/python3.12/site-packages/airflow/example_dags/example_branch_labels.py
[2024-10-17T22:49:32.822+0000] {processor.py:925} INFO - DAG(s) 'example_branch_labels' retrieved from /home/airflow/.local/lib/python3.12/site-packages/airflow/example_dags/example_branch_labels.py
[2024-10-17T22:49:32.836+0000] {logging_mixin.py:190} INFO - [2024-10-17T22:49:32.836+0000] {dag.py:3239} INFO - Sync 1 DAGs
[2024-10-17T22:49:32.853+0000] {logging_mixin.py:190} INFO - [2024-10-17T22:49:32.852+0000] {dag.py:4180} INFO - Setting next_dagrun for example_branch_labels to 2024-10-16 00:00:00+00:00, run_after=2024-10-17 00:00:00+00:00
[2024-10-17T22:49:32.864+0000] {processor.py:208} INFO - Processing /home/airflow/.local/lib/python3.12/site-packages/airflow/example_dags/example_branch_labels.py took 0.056 seconds
[2024-10-17T22:50:03.364+0000] {processor.py:186} INFO - Started process (PID=264) to work on /home/airflow/.local/lib/python3.12/site-packages/airflow/example_dags/example_branch_labels.py
[2024-10-17T22:50:03.365+0000] {processor.py:914} INFO - Processing file /home/airflow/.local/lib/python3.12/site-packages/airflow/example_dags/example_branch_labels.py for tasks to queue
[2024-10-17T22:50:03.366+0000] {logging_mixin.py:190} INFO - [2024-10-17T22:50:03.366+0000] {dagbag.py:588} INFO - Filling up the DagBag from /home/airflow/.local/lib/python3.12/site-packages/airflow/example_dags/example_branch_labels.py
[2024-10-17T22:50:03.372+0000] {processor.py:925} INFO - DAG(s) 'example_branch_labels' retrieved from /home/airflow/.local/lib/python3.12/site-packages/airflow/example_dags/example_branch_labels.py
[2024-10-17T22:50:03.386+0000] {logging_mixin.py:190} INFO - [2024-10-17T22:50:03.386+0000] {dag.py:3239} INFO - Sync 1 DAGs
[2024-10-17T22:50:03.403+0000] {logging_mixin.py:190} INFO - [2024-10-17T22:50:03.403+0000] {dag.py:4180} INFO - Setting next_dagrun for example_branch_labels to 2024-10-16 00:00:00+00:00, run_after=2024-10-17 00:00:00+00:00
[2024-10-17T22:50:03.424+0000] {processor.py:208} INFO - Processing /home/airflow/.local/lib/python3.12/site-packages/airflow/example_dags/example_branch_labels.py took 0.063 seconds
