[2024-10-17T22:48:32.577+0000] {processor.py:186} INFO - Started process (PID=96) to work on /home/airflow/.local/lib/python3.12/site-packages/airflow/example_dags/example_nested_branch_dag.py
[2024-10-17T22:48:32.577+0000] {processor.py:914} INFO - Processing file /home/airflow/.local/lib/python3.12/site-packages/airflow/example_dags/example_nested_branch_dag.py for tasks to queue
[2024-10-17T22:48:32.579+0000] {logging_mixin.py:190} INFO - [2024-10-17T22:48:32.578+0000] {dagbag.py:588} INFO - Filling up the DagBag from /home/airflow/.local/lib/python3.12/site-packages/airflow/example_dags/example_nested_branch_dag.py
[2024-10-17T22:48:32.586+0000] {processor.py:925} INFO - DAG(s) 'example_nested_branch_dag' retrieved from /home/airflow/.local/lib/python3.12/site-packages/airflow/example_dags/example_nested_branch_dag.py
[2024-10-17T22:48:32.658+0000] {logging_mixin.py:190} INFO - [2024-10-17T22:48:32.658+0000] {override.py:1900} INFO - Created Permission View: can edit on DAG:example_nested_branch_dag
[2024-10-17T22:48:32.665+0000] {logging_mixin.py:190} INFO - [2024-10-17T22:48:32.665+0000] {override.py:1900} INFO - Created Permission View: can delete on DAG:example_nested_branch_dag
[2024-10-17T22:48:32.669+0000] {logging_mixin.py:190} INFO - [2024-10-17T22:48:32.669+0000] {override.py:1900} INFO - Created Permission View: can read on DAG:example_nested_branch_dag
[2024-10-17T22:48:32.674+0000] {logging_mixin.py:190} INFO - [2024-10-17T22:48:32.674+0000] {override.py:1900} INFO - Created Permission View: menu access on DAG Run:example_nested_branch_dag
[2024-10-17T22:48:32.678+0000] {logging_mixin.py:190} INFO - [2024-10-17T22:48:32.678+0000] {override.py:1900} INFO - Created Permission View: can create on DAG Run:example_nested_branch_dag
[2024-10-17T22:48:32.682+0000] {logging_mixin.py:190} INFO - [2024-10-17T22:48:32.682+0000] {override.py:1900} INFO - Created Permission View: can delete on DAG Run:example_nested_branch_dag
[2024-10-17T22:48:32.687+0000] {logging_mixin.py:190} INFO - [2024-10-17T22:48:32.687+0000] {override.py:1900} INFO - Created Permission View: can read on DAG Run:example_nested_branch_dag
[2024-10-17T22:48:32.687+0000] {logging_mixin.py:190} INFO - [2024-10-17T22:48:32.687+0000] {dag.py:3239} INFO - Sync 1 DAGs
[2024-10-17T22:48:32.697+0000] {logging_mixin.py:190} INFO - [2024-10-17T22:48:32.697+0000] {dag.py:3262} INFO - Creating ORM DAG for example_nested_branch_dag
[2024-10-17T22:48:32.707+0000] {logging_mixin.py:190} INFO - [2024-10-17T22:48:32.706+0000] {dag.py:4180} INFO - Setting next_dagrun for example_nested_branch_dag to 2024-10-16 00:00:00+00:00, run_after=2024-10-17 00:00:00+00:00
[2024-10-17T22:48:32.717+0000] {processor.py:208} INFO - Processing /home/airflow/.local/lib/python3.12/site-packages/airflow/example_dags/example_nested_branch_dag.py took 0.144 seconds
[2024-10-17T22:49:02.950+0000] {processor.py:186} INFO - Started process (PID=158) to work on /home/airflow/.local/lib/python3.12/site-packages/airflow/example_dags/example_nested_branch_dag.py
[2024-10-17T22:49:02.951+0000] {processor.py:914} INFO - Processing file /home/airflow/.local/lib/python3.12/site-packages/airflow/example_dags/example_nested_branch_dag.py for tasks to queue
[2024-10-17T22:49:02.952+0000] {logging_mixin.py:190} INFO - [2024-10-17T22:49:02.952+0000] {dagbag.py:588} INFO - Filling up the DagBag from /home/airflow/.local/lib/python3.12/site-packages/airflow/example_dags/example_nested_branch_dag.py
[2024-10-17T22:49:02.960+0000] {processor.py:925} INFO - DAG(s) 'example_nested_branch_dag' retrieved from /home/airflow/.local/lib/python3.12/site-packages/airflow/example_dags/example_nested_branch_dag.py
[2024-10-17T22:49:02.974+0000] {logging_mixin.py:190} INFO - [2024-10-17T22:49:02.974+0000] {dag.py:3239} INFO - Sync 1 DAGs
[2024-10-17T22:49:02.991+0000] {logging_mixin.py:190} INFO - [2024-10-17T22:49:02.991+0000] {dag.py:4180} INFO - Setting next_dagrun for example_nested_branch_dag to 2024-10-16 00:00:00+00:00, run_after=2024-10-17 00:00:00+00:00
[2024-10-17T22:49:03.003+0000] {processor.py:208} INFO - Processing /home/airflow/.local/lib/python3.12/site-packages/airflow/example_dags/example_nested_branch_dag.py took 0.056 seconds
[2024-10-17T22:49:33.553+0000] {processor.py:186} INFO - Started process (PID=226) to work on /home/airflow/.local/lib/python3.12/site-packages/airflow/example_dags/example_nested_branch_dag.py
[2024-10-17T22:49:33.553+0000] {processor.py:914} INFO - Processing file /home/airflow/.local/lib/python3.12/site-packages/airflow/example_dags/example_nested_branch_dag.py for tasks to queue
[2024-10-17T22:49:33.555+0000] {logging_mixin.py:190} INFO - [2024-10-17T22:49:33.555+0000] {dagbag.py:588} INFO - Filling up the DagBag from /home/airflow/.local/lib/python3.12/site-packages/airflow/example_dags/example_nested_branch_dag.py
[2024-10-17T22:49:33.562+0000] {processor.py:925} INFO - DAG(s) 'example_nested_branch_dag' retrieved from /home/airflow/.local/lib/python3.12/site-packages/airflow/example_dags/example_nested_branch_dag.py
[2024-10-17T22:49:33.575+0000] {logging_mixin.py:190} INFO - [2024-10-17T22:49:33.575+0000] {dag.py:3239} INFO - Sync 1 DAGs
[2024-10-17T22:49:33.592+0000] {logging_mixin.py:190} INFO - [2024-10-17T22:49:33.592+0000] {dag.py:4180} INFO - Setting next_dagrun for example_nested_branch_dag to 2024-10-16 00:00:00+00:00, run_after=2024-10-17 00:00:00+00:00
[2024-10-17T22:49:33.603+0000] {processor.py:208} INFO - Processing /home/airflow/.local/lib/python3.12/site-packages/airflow/example_dags/example_nested_branch_dag.py took 0.054 seconds
[2024-10-17T22:50:04.227+0000] {processor.py:186} INFO - Started process (PID=288) to work on /home/airflow/.local/lib/python3.12/site-packages/airflow/example_dags/example_nested_branch_dag.py
[2024-10-17T22:50:04.227+0000] {processor.py:914} INFO - Processing file /home/airflow/.local/lib/python3.12/site-packages/airflow/example_dags/example_nested_branch_dag.py for tasks to queue
[2024-10-17T22:50:04.229+0000] {logging_mixin.py:190} INFO - [2024-10-17T22:50:04.229+0000] {dagbag.py:588} INFO - Filling up the DagBag from /home/airflow/.local/lib/python3.12/site-packages/airflow/example_dags/example_nested_branch_dag.py
[2024-10-17T22:50:04.235+0000] {processor.py:925} INFO - DAG(s) 'example_nested_branch_dag' retrieved from /home/airflow/.local/lib/python3.12/site-packages/airflow/example_dags/example_nested_branch_dag.py
[2024-10-17T22:50:04.249+0000] {logging_mixin.py:190} INFO - [2024-10-17T22:50:04.249+0000] {dag.py:3239} INFO - Sync 1 DAGs
[2024-10-17T22:50:04.265+0000] {logging_mixin.py:190} INFO - [2024-10-17T22:50:04.265+0000] {dag.py:4180} INFO - Setting next_dagrun for example_nested_branch_dag to 2024-10-16 00:00:00+00:00, run_after=2024-10-17 00:00:00+00:00
[2024-10-17T22:50:04.277+0000] {processor.py:208} INFO - Processing /home/airflow/.local/lib/python3.12/site-packages/airflow/example_dags/example_nested_branch_dag.py took 0.053 seconds
