[2024-10-17T22:48:31.617+0000] {processor.py:186} INFO - Started process (PID=84) to work on /home/airflow/.local/lib/python3.12/site-packages/airflow/example_dags/example_bash_operator.py
[2024-10-17T22:48:31.618+0000] {processor.py:914} INFO - Processing file /home/airflow/.local/lib/python3.12/site-packages/airflow/example_dags/example_bash_operator.py for tasks to queue
[2024-10-17T22:48:31.619+0000] {logging_mixin.py:190} INFO - [2024-10-17T22:48:31.619+0000] {dagbag.py:588} INFO - Filling up the DagBag from /home/airflow/.local/lib/python3.12/site-packages/airflow/example_dags/example_bash_operator.py
[2024-10-17T22:48:31.628+0000] {processor.py:925} INFO - DAG(s) 'example_bash_operator' retrieved from /home/airflow/.local/lib/python3.12/site-packages/airflow/example_dags/example_bash_operator.py
[2024-10-17T22:48:31.707+0000] {logging_mixin.py:190} INFO - [2024-10-17T22:48:31.707+0000] {override.py:1900} INFO - Created Permission View: can edit on DAG:example_bash_operator
[2024-10-17T22:48:31.713+0000] {logging_mixin.py:190} INFO - [2024-10-17T22:48:31.713+0000] {override.py:1900} INFO - Created Permission View: can delete on DAG:example_bash_operator
[2024-10-17T22:48:31.718+0000] {logging_mixin.py:190} INFO - [2024-10-17T22:48:31.718+0000] {override.py:1900} INFO - Created Permission View: can read on DAG:example_bash_operator
[2024-10-17T22:48:31.722+0000] {logging_mixin.py:190} INFO - [2024-10-17T22:48:31.722+0000] {override.py:1900} INFO - Created Permission View: menu access on DAG Run:example_bash_operator
[2024-10-17T22:48:31.727+0000] {logging_mixin.py:190} INFO - [2024-10-17T22:48:31.727+0000] {override.py:1900} INFO - Created Permission View: can create on DAG Run:example_bash_operator
[2024-10-17T22:48:31.731+0000] {logging_mixin.py:190} INFO - [2024-10-17T22:48:31.731+0000] {override.py:1900} INFO - Created Permission View: can delete on DAG Run:example_bash_operator
[2024-10-17T22:48:31.735+0000] {logging_mixin.py:190} INFO - [2024-10-17T22:48:31.735+0000] {override.py:1900} INFO - Created Permission View: can read on DAG Run:example_bash_operator
[2024-10-17T22:48:31.736+0000] {logging_mixin.py:190} INFO - [2024-10-17T22:48:31.736+0000] {dag.py:3239} INFO - Sync 1 DAGs
[2024-10-17T22:48:31.745+0000] {logging_mixin.py:190} INFO - [2024-10-17T22:48:31.745+0000] {dag.py:3262} INFO - Creating ORM DAG for example_bash_operator
[2024-10-17T22:48:31.754+0000] {logging_mixin.py:190} INFO - [2024-10-17T22:48:31.754+0000] {dag.py:4180} INFO - Setting next_dagrun for example_bash_operator to 2024-10-16 00:00:00+00:00, run_after=2024-10-17 00:00:00+00:00
[2024-10-17T22:48:31.765+0000] {processor.py:208} INFO - Processing /home/airflow/.local/lib/python3.12/site-packages/airflow/example_dags/example_bash_operator.py took 0.152 seconds
[2024-10-17T22:49:02.434+0000] {processor.py:186} INFO - Started process (PID=146) to work on /home/airflow/.local/lib/python3.12/site-packages/airflow/example_dags/example_bash_operator.py
[2024-10-17T22:49:02.435+0000] {processor.py:914} INFO - Processing file /home/airflow/.local/lib/python3.12/site-packages/airflow/example_dags/example_bash_operator.py for tasks to queue
[2024-10-17T22:49:02.436+0000] {logging_mixin.py:190} INFO - [2024-10-17T22:49:02.436+0000] {dagbag.py:588} INFO - Filling up the DagBag from /home/airflow/.local/lib/python3.12/site-packages/airflow/example_dags/example_bash_operator.py
[2024-10-17T22:49:02.445+0000] {processor.py:925} INFO - DAG(s) 'example_bash_operator' retrieved from /home/airflow/.local/lib/python3.12/site-packages/airflow/example_dags/example_bash_operator.py
[2024-10-17T22:49:02.464+0000] {logging_mixin.py:190} INFO - [2024-10-17T22:49:02.464+0000] {dag.py:3239} INFO - Sync 1 DAGs
[2024-10-17T22:49:02.480+0000] {logging_mixin.py:190} INFO - [2024-10-17T22:49:02.480+0000] {dag.py:4180} INFO - Setting next_dagrun for example_bash_operator to 2024-10-16 00:00:00+00:00, run_after=2024-10-17 00:00:00+00:00
[2024-10-17T22:49:02.492+0000] {processor.py:208} INFO - Processing /home/airflow/.local/lib/python3.12/site-packages/airflow/example_dags/example_bash_operator.py took 0.061 seconds
[2024-10-17T22:49:33.148+0000] {processor.py:186} INFO - Started process (PID=208) to work on /home/airflow/.local/lib/python3.12/site-packages/airflow/example_dags/example_bash_operator.py
[2024-10-17T22:49:33.148+0000] {processor.py:914} INFO - Processing file /home/airflow/.local/lib/python3.12/site-packages/airflow/example_dags/example_bash_operator.py for tasks to queue
[2024-10-17T22:49:33.150+0000] {logging_mixin.py:190} INFO - [2024-10-17T22:49:33.150+0000] {dagbag.py:588} INFO - Filling up the DagBag from /home/airflow/.local/lib/python3.12/site-packages/airflow/example_dags/example_bash_operator.py
[2024-10-17T22:49:33.158+0000] {processor.py:925} INFO - DAG(s) 'example_bash_operator' retrieved from /home/airflow/.local/lib/python3.12/site-packages/airflow/example_dags/example_bash_operator.py
[2024-10-17T22:49:33.176+0000] {logging_mixin.py:190} INFO - [2024-10-17T22:49:33.176+0000] {dag.py:3239} INFO - Sync 1 DAGs
[2024-10-17T22:49:33.192+0000] {logging_mixin.py:190} INFO - [2024-10-17T22:49:33.192+0000] {dag.py:4180} INFO - Setting next_dagrun for example_bash_operator to 2024-10-16 00:00:00+00:00, run_after=2024-10-17 00:00:00+00:00
[2024-10-17T22:49:33.204+0000] {processor.py:208} INFO - Processing /home/airflow/.local/lib/python3.12/site-packages/airflow/example_dags/example_bash_operator.py took 0.060 seconds
[2024-10-17T22:50:03.733+0000] {processor.py:186} INFO - Started process (PID=276) to work on /home/airflow/.local/lib/python3.12/site-packages/airflow/example_dags/example_bash_operator.py
[2024-10-17T22:50:03.733+0000] {processor.py:914} INFO - Processing file /home/airflow/.local/lib/python3.12/site-packages/airflow/example_dags/example_bash_operator.py for tasks to queue
[2024-10-17T22:50:03.735+0000] {logging_mixin.py:190} INFO - [2024-10-17T22:50:03.735+0000] {dagbag.py:588} INFO - Filling up the DagBag from /home/airflow/.local/lib/python3.12/site-packages/airflow/example_dags/example_bash_operator.py
[2024-10-17T22:50:03.743+0000] {processor.py:925} INFO - DAG(s) 'example_bash_operator' retrieved from /home/airflow/.local/lib/python3.12/site-packages/airflow/example_dags/example_bash_operator.py
[2024-10-17T22:50:03.760+0000] {logging_mixin.py:190} INFO - [2024-10-17T22:50:03.760+0000] {dag.py:3239} INFO - Sync 1 DAGs
[2024-10-17T22:50:03.776+0000] {logging_mixin.py:190} INFO - [2024-10-17T22:50:03.776+0000] {dag.py:4180} INFO - Setting next_dagrun for example_bash_operator to 2024-10-16 00:00:00+00:00, run_after=2024-10-17 00:00:00+00:00
[2024-10-17T22:50:03.787+0000] {processor.py:208} INFO - Processing /home/airflow/.local/lib/python3.12/site-packages/airflow/example_dags/example_bash_operator.py took 0.058 seconds
