[2024-10-17T22:48:28.994+0000] {processor.py:186} INFO - Started process (PID=60) to work on /home/airflow/.local/lib/python3.12/site-packages/airflow/example_dags/example_sla_dag.py
[2024-10-17T22:48:28.995+0000] {processor.py:914} INFO - Processing file /home/airflow/.local/lib/python3.12/site-packages/airflow/example_dags/example_sla_dag.py for tasks to queue
[2024-10-17T22:48:28.996+0000] {logging_mixin.py:190} INFO - [2024-10-17T22:48:28.996+0000] {dagbag.py:588} INFO - Filling up the DagBag from /home/airflow/.local/lib/python3.12/site-packages/airflow/example_dags/example_sla_dag.py
[2024-10-17T22:48:29.003+0000] {processor.py:925} INFO - DAG(s) 'example_sla_dag' retrieved from /home/airflow/.local/lib/python3.12/site-packages/airflow/example_dags/example_sla_dag.py
[2024-10-17T22:48:29.129+0000] {logging_mixin.py:190} INFO - [2024-10-17T22:48:29.128+0000] {override.py:1900} INFO - Created Permission View: can edit on DAG:example_sla_dag
[2024-10-17T22:48:29.136+0000] {logging_mixin.py:190} INFO - [2024-10-17T22:48:29.136+0000] {override.py:1900} INFO - Created Permission View: can delete on DAG:example_sla_dag
[2024-10-17T22:48:29.141+0000] {logging_mixin.py:190} INFO - [2024-10-17T22:48:29.140+0000] {override.py:1900} INFO - Created Permission View: can read on DAG:example_sla_dag
[2024-10-17T22:48:29.145+0000] {logging_mixin.py:190} INFO - [2024-10-17T22:48:29.145+0000] {override.py:1900} INFO - Created Permission View: menu access on DAG Run:example_sla_dag
[2024-10-17T22:48:29.150+0000] {logging_mixin.py:190} INFO - [2024-10-17T22:48:29.150+0000] {override.py:1900} INFO - Created Permission View: can create on DAG Run:example_sla_dag
[2024-10-17T22:48:29.154+0000] {logging_mixin.py:190} INFO - [2024-10-17T22:48:29.154+0000] {override.py:1900} INFO - Created Permission View: can delete on DAG Run:example_sla_dag
[2024-10-17T22:48:29.158+0000] {logging_mixin.py:190} INFO - [2024-10-17T22:48:29.158+0000] {override.py:1900} INFO - Created Permission View: can read on DAG Run:example_sla_dag
[2024-10-17T22:48:29.159+0000] {logging_mixin.py:190} INFO - [2024-10-17T22:48:29.159+0000] {dag.py:3239} INFO - Sync 1 DAGs
[2024-10-17T22:48:29.168+0000] {logging_mixin.py:190} INFO - [2024-10-17T22:48:29.167+0000] {dag.py:3262} INFO - Creating ORM DAG for example_sla_dag
[2024-10-17T22:48:29.176+0000] {logging_mixin.py:190} INFO - [2024-10-17T22:48:29.176+0000] {dag.py:4180} INFO - Setting next_dagrun for example_sla_dag to 2024-10-17 22:46:00+00:00, run_after=2024-10-17 22:48:00+00:00
[2024-10-17T22:48:29.186+0000] {processor.py:208} INFO - Processing /home/airflow/.local/lib/python3.12/site-packages/airflow/example_dags/example_sla_dag.py took 0.195 seconds
[2024-10-17T22:48:59.326+0000] {processor.py:186} INFO - Started process (PID=122) to work on /home/airflow/.local/lib/python3.12/site-packages/airflow/example_dags/example_sla_dag.py
[2024-10-17T22:48:59.327+0000] {processor.py:914} INFO - Processing file /home/airflow/.local/lib/python3.12/site-packages/airflow/example_dags/example_sla_dag.py for tasks to queue
[2024-10-17T22:48:59.328+0000] {logging_mixin.py:190} INFO - [2024-10-17T22:48:59.328+0000] {dagbag.py:588} INFO - Filling up the DagBag from /home/airflow/.local/lib/python3.12/site-packages/airflow/example_dags/example_sla_dag.py
[2024-10-17T22:48:59.335+0000] {processor.py:925} INFO - DAG(s) 'example_sla_dag' retrieved from /home/airflow/.local/lib/python3.12/site-packages/airflow/example_dags/example_sla_dag.py
[2024-10-17T22:48:59.346+0000] {logging_mixin.py:190} INFO - [2024-10-17T22:48:59.346+0000] {dag.py:3239} INFO - Sync 1 DAGs
[2024-10-17T22:48:59.363+0000] {logging_mixin.py:190} INFO - [2024-10-17T22:48:59.363+0000] {dag.py:4180} INFO - Setting next_dagrun for example_sla_dag to 2024-10-17 22:46:00+00:00, run_after=2024-10-17 22:48:00+00:00
[2024-10-17T22:48:59.377+0000] {processor.py:208} INFO - Processing /home/airflow/.local/lib/python3.12/site-packages/airflow/example_dags/example_sla_dag.py took 0.055 seconds
[2024-10-17T22:49:30.039+0000] {processor.py:186} INFO - Started process (PID=184) to work on /home/airflow/.local/lib/python3.12/site-packages/airflow/example_dags/example_sla_dag.py
[2024-10-17T22:49:30.040+0000] {processor.py:914} INFO - Processing file /home/airflow/.local/lib/python3.12/site-packages/airflow/example_dags/example_sla_dag.py for tasks to queue
[2024-10-17T22:49:30.041+0000] {logging_mixin.py:190} INFO - [2024-10-17T22:49:30.041+0000] {dagbag.py:588} INFO - Filling up the DagBag from /home/airflow/.local/lib/python3.12/site-packages/airflow/example_dags/example_sla_dag.py
[2024-10-17T22:49:30.047+0000] {processor.py:925} INFO - DAG(s) 'example_sla_dag' retrieved from /home/airflow/.local/lib/python3.12/site-packages/airflow/example_dags/example_sla_dag.py
[2024-10-17T22:49:30.058+0000] {logging_mixin.py:190} INFO - [2024-10-17T22:49:30.058+0000] {dag.py:3239} INFO - Sync 1 DAGs
[2024-10-17T22:49:30.075+0000] {logging_mixin.py:190} INFO - [2024-10-17T22:49:30.075+0000] {dag.py:4180} INFO - Setting next_dagrun for example_sla_dag to 2024-10-17 22:46:00+00:00, run_after=2024-10-17 22:48:00+00:00
[2024-10-17T22:49:30.093+0000] {processor.py:208} INFO - Processing /home/airflow/.local/lib/python3.12/site-packages/airflow/example_dags/example_sla_dag.py took 0.057 seconds
[2024-10-17T22:50:00.592+0000] {processor.py:186} INFO - Started process (PID=246) to work on /home/airflow/.local/lib/python3.12/site-packages/airflow/example_dags/example_sla_dag.py
[2024-10-17T22:50:00.593+0000] {processor.py:914} INFO - Processing file /home/airflow/.local/lib/python3.12/site-packages/airflow/example_dags/example_sla_dag.py for tasks to queue
[2024-10-17T22:50:00.594+0000] {logging_mixin.py:190} INFO - [2024-10-17T22:50:00.594+0000] {dagbag.py:588} INFO - Filling up the DagBag from /home/airflow/.local/lib/python3.12/site-packages/airflow/example_dags/example_sla_dag.py
[2024-10-17T22:50:00.600+0000] {processor.py:925} INFO - DAG(s) 'example_sla_dag' retrieved from /home/airflow/.local/lib/python3.12/site-packages/airflow/example_dags/example_sla_dag.py
[2024-10-17T22:50:00.611+0000] {logging_mixin.py:190} INFO - [2024-10-17T22:50:00.611+0000] {dag.py:3239} INFO - Sync 1 DAGs
[2024-10-17T22:50:00.628+0000] {logging_mixin.py:190} INFO - [2024-10-17T22:50:00.628+0000] {dag.py:4180} INFO - Setting next_dagrun for example_sla_dag to 2024-10-17 22:48:00+00:00, run_after=2024-10-17 22:50:00+00:00
[2024-10-17T22:50:00.640+0000] {processor.py:208} INFO - Processing /home/airflow/.local/lib/python3.12/site-packages/airflow/example_dags/example_sla_dag.py took 0.051 seconds
