[2024-10-17T22:48:32.990+0000] {processor.py:186} INFO - Started process (PID=100) to work on /home/airflow/.local/lib/python3.12/site-packages/airflow/example_dags/example_branch_datetime_operator.py
[2024-10-17T22:48:32.990+0000] {processor.py:914} INFO - Processing file /home/airflow/.local/lib/python3.12/site-packages/airflow/example_dags/example_branch_datetime_operator.py for tasks to queue
[2024-10-17T22:48:32.992+0000] {logging_mixin.py:190} INFO - [2024-10-17T22:48:32.991+0000] {dagbag.py:588} INFO - Filling up the DagBag from /home/airflow/.local/lib/python3.12/site-packages/airflow/example_dags/example_branch_datetime_operator.py
[2024-10-17T22:48:33.000+0000] {processor.py:925} INFO - DAG(s) 'example_branch_datetime_operator', 'example_branch_datetime_operator_2', 'example_branch_datetime_operator_3' retrieved from /home/airflow/.local/lib/python3.12/site-packages/airflow/example_dags/example_branch_datetime_operator.py
[2024-10-17T22:48:33.071+0000] {logging_mixin.py:190} INFO - [2024-10-17T22:48:33.071+0000] {override.py:1900} INFO - Created Permission View: can edit on DAG:example_branch_datetime_operator
[2024-10-17T22:48:33.077+0000] {logging_mixin.py:190} INFO - [2024-10-17T22:48:33.077+0000] {override.py:1900} INFO - Created Permission View: can delete on DAG:example_branch_datetime_operator
[2024-10-17T22:48:33.082+0000] {logging_mixin.py:190} INFO - [2024-10-17T22:48:33.082+0000] {override.py:1900} INFO - Created Permission View: can read on DAG:example_branch_datetime_operator
[2024-10-17T22:48:33.087+0000] {logging_mixin.py:190} INFO - [2024-10-17T22:48:33.086+0000] {override.py:1900} INFO - Created Permission View: menu access on DAG Run:example_branch_datetime_operator
[2024-10-17T22:48:33.091+0000] {logging_mixin.py:190} INFO - [2024-10-17T22:48:33.091+0000] {override.py:1900} INFO - Created Permission View: can create on DAG Run:example_branch_datetime_operator
[2024-10-17T22:48:33.095+0000] {logging_mixin.py:190} INFO - [2024-10-17T22:48:33.095+0000] {override.py:1900} INFO - Created Permission View: can delete on DAG Run:example_branch_datetime_operator
[2024-10-17T22:48:33.099+0000] {logging_mixin.py:190} INFO - [2024-10-17T22:48:33.099+0000] {override.py:1900} INFO - Created Permission View: can read on DAG Run:example_branch_datetime_operator
[2024-10-17T22:48:33.108+0000] {logging_mixin.py:190} INFO - [2024-10-17T22:48:33.107+0000] {override.py:1900} INFO - Created Permission View: can edit on DAG:example_branch_datetime_operator_2
[2024-10-17T22:48:33.112+0000] {logging_mixin.py:190} INFO - [2024-10-17T22:48:33.112+0000] {override.py:1900} INFO - Created Permission View: can delete on DAG:example_branch_datetime_operator_2
[2024-10-17T22:48:33.116+0000] {logging_mixin.py:190} INFO - [2024-10-17T22:48:33.116+0000] {override.py:1900} INFO - Created Permission View: can read on DAG:example_branch_datetime_operator_2
[2024-10-17T22:48:33.121+0000] {logging_mixin.py:190} INFO - [2024-10-17T22:48:33.121+0000] {override.py:1900} INFO - Created Permission View: menu access on DAG Run:example_branch_datetime_operator_2
[2024-10-17T22:48:33.125+0000] {logging_mixin.py:190} INFO - [2024-10-17T22:48:33.125+0000] {override.py:1900} INFO - Created Permission View: can create on DAG Run:example_branch_datetime_operator_2
[2024-10-17T22:48:33.129+0000] {logging_mixin.py:190} INFO - [2024-10-17T22:48:33.129+0000] {override.py:1900} INFO - Created Permission View: can delete on DAG Run:example_branch_datetime_operator_2
[2024-10-17T22:48:33.133+0000] {logging_mixin.py:190} INFO - [2024-10-17T22:48:33.133+0000] {override.py:1900} INFO - Created Permission View: can read on DAG Run:example_branch_datetime_operator_2
[2024-10-17T22:48:33.141+0000] {logging_mixin.py:190} INFO - [2024-10-17T22:48:33.141+0000] {override.py:1900} INFO - Created Permission View: can edit on DAG:example_branch_datetime_operator_3
[2024-10-17T22:48:33.146+0000] {logging_mixin.py:190} INFO - [2024-10-17T22:48:33.146+0000] {override.py:1900} INFO - Created Permission View: can delete on DAG:example_branch_datetime_operator_3
[2024-10-17T22:48:33.150+0000] {logging_mixin.py:190} INFO - [2024-10-17T22:48:33.150+0000] {override.py:1900} INFO - Created Permission View: can read on DAG:example_branch_datetime_operator_3
[2024-10-17T22:48:33.155+0000] {logging_mixin.py:190} INFO - [2024-10-17T22:48:33.155+0000] {override.py:1900} INFO - Created Permission View: menu access on DAG Run:example_branch_datetime_operator_3
[2024-10-17T22:48:33.159+0000] {logging_mixin.py:190} INFO - [2024-10-17T22:48:33.159+0000] {override.py:1900} INFO - Created Permission View: can create on DAG Run:example_branch_datetime_operator_3
[2024-10-17T22:48:33.164+0000] {logging_mixin.py:190} INFO - [2024-10-17T22:48:33.164+0000] {override.py:1900} INFO - Created Permission View: can delete on DAG Run:example_branch_datetime_operator_3
[2024-10-17T22:48:33.168+0000] {logging_mixin.py:190} INFO - [2024-10-17T22:48:33.168+0000] {override.py:1900} INFO - Created Permission View: can read on DAG Run:example_branch_datetime_operator_3
[2024-10-17T22:48:33.169+0000] {logging_mixin.py:190} INFO - [2024-10-17T22:48:33.168+0000] {dag.py:3239} INFO - Sync 3 DAGs
[2024-10-17T22:48:33.179+0000] {logging_mixin.py:190} INFO - [2024-10-17T22:48:33.178+0000] {dag.py:3262} INFO - Creating ORM DAG for example_branch_datetime_operator
[2024-10-17T22:48:33.179+0000] {logging_mixin.py:190} INFO - [2024-10-17T22:48:33.179+0000] {dag.py:3262} INFO - Creating ORM DAG for example_branch_datetime_operator_2
[2024-10-17T22:48:33.180+0000] {logging_mixin.py:190} INFO - [2024-10-17T22:48:33.180+0000] {dag.py:3262} INFO - Creating ORM DAG for example_branch_datetime_operator_3
[2024-10-17T22:48:33.187+0000] {logging_mixin.py:190} INFO - [2024-10-17T22:48:33.187+0000] {dag.py:4180} INFO - Setting next_dagrun for example_branch_datetime_operator to 2024-10-16 00:00:00+00:00, run_after=2024-10-17 00:00:00+00:00
[2024-10-17T22:48:33.188+0000] {logging_mixin.py:190} INFO - [2024-10-17T22:48:33.188+0000] {dag.py:4180} INFO - Setting next_dagrun for example_branch_datetime_operator_2 to 2024-10-16 00:00:00+00:00, run_after=2024-10-17 00:00:00+00:00
[2024-10-17T22:48:33.190+0000] {logging_mixin.py:190} INFO - [2024-10-17T22:48:33.189+0000] {dag.py:4180} INFO - Setting next_dagrun for example_branch_datetime_operator_3 to 2024-10-16 00:00:00+00:00, run_after=2024-10-17 00:00:00+00:00
[2024-10-17T22:48:33.201+0000] {processor.py:208} INFO - Processing /home/airflow/.local/lib/python3.12/site-packages/airflow/example_dags/example_branch_datetime_operator.py took 0.215 seconds
[2024-10-17T22:49:03.276+0000] {processor.py:186} INFO - Started process (PID=162) to work on /home/airflow/.local/lib/python3.12/site-packages/airflow/example_dags/example_branch_datetime_operator.py
[2024-10-17T22:49:03.277+0000] {processor.py:914} INFO - Processing file /home/airflow/.local/lib/python3.12/site-packages/airflow/example_dags/example_branch_datetime_operator.py for tasks to queue
[2024-10-17T22:49:03.278+0000] {logging_mixin.py:190} INFO - [2024-10-17T22:49:03.278+0000] {dagbag.py:588} INFO - Filling up the DagBag from /home/airflow/.local/lib/python3.12/site-packages/airflow/example_dags/example_branch_datetime_operator.py
[2024-10-17T22:49:03.286+0000] {processor.py:925} INFO - DAG(s) 'example_branch_datetime_operator', 'example_branch_datetime_operator_3', 'example_branch_datetime_operator_2' retrieved from /home/airflow/.local/lib/python3.12/site-packages/airflow/example_dags/example_branch_datetime_operator.py
[2024-10-17T22:49:03.303+0000] {logging_mixin.py:190} INFO - [2024-10-17T22:49:03.303+0000] {dag.py:3239} INFO - Sync 3 DAGs
[2024-10-17T22:49:03.320+0000] {logging_mixin.py:190} INFO - [2024-10-17T22:49:03.320+0000] {dag.py:4180} INFO - Setting next_dagrun for example_branch_datetime_operator to 2024-10-16 00:00:00+00:00, run_after=2024-10-17 00:00:00+00:00
[2024-10-17T22:49:03.323+0000] {logging_mixin.py:190} INFO - [2024-10-17T22:49:03.323+0000] {dag.py:4180} INFO - Setting next_dagrun for example_branch_datetime_operator_2 to 2024-10-16 00:00:00+00:00, run_after=2024-10-17 00:00:00+00:00
[2024-10-17T22:49:03.325+0000] {logging_mixin.py:190} INFO - [2024-10-17T22:49:03.325+0000] {dag.py:4180} INFO - Setting next_dagrun for example_branch_datetime_operator_3 to 2024-10-16 00:00:00+00:00, run_after=2024-10-17 00:00:00+00:00
[2024-10-17T22:49:03.336+0000] {processor.py:208} INFO - Processing /home/airflow/.local/lib/python3.12/site-packages/airflow/example_dags/example_branch_datetime_operator.py took 0.063 seconds
[2024-10-17T22:49:33.816+0000] {processor.py:186} INFO - Started process (PID=230) to work on /home/airflow/.local/lib/python3.12/site-packages/airflow/example_dags/example_branch_datetime_operator.py
[2024-10-17T22:49:33.816+0000] {processor.py:914} INFO - Processing file /home/airflow/.local/lib/python3.12/site-packages/airflow/example_dags/example_branch_datetime_operator.py for tasks to queue
[2024-10-17T22:49:33.818+0000] {logging_mixin.py:190} INFO - [2024-10-17T22:49:33.818+0000] {dagbag.py:588} INFO - Filling up the DagBag from /home/airflow/.local/lib/python3.12/site-packages/airflow/example_dags/example_branch_datetime_operator.py
[2024-10-17T22:49:33.826+0000] {processor.py:925} INFO - DAG(s) 'example_branch_datetime_operator_3', 'example_branch_datetime_operator', 'example_branch_datetime_operator_2' retrieved from /home/airflow/.local/lib/python3.12/site-packages/airflow/example_dags/example_branch_datetime_operator.py
[2024-10-17T22:49:33.842+0000] {logging_mixin.py:190} INFO - [2024-10-17T22:49:33.842+0000] {dag.py:3239} INFO - Sync 3 DAGs
[2024-10-17T22:49:33.859+0000] {logging_mixin.py:190} INFO - [2024-10-17T22:49:33.858+0000] {dag.py:4180} INFO - Setting next_dagrun for example_branch_datetime_operator to 2024-10-16 00:00:00+00:00, run_after=2024-10-17 00:00:00+00:00
[2024-10-17T22:49:33.862+0000] {logging_mixin.py:190} INFO - [2024-10-17T22:49:33.862+0000] {dag.py:4180} INFO - Setting next_dagrun for example_branch_datetime_operator_2 to 2024-10-16 00:00:00+00:00, run_after=2024-10-17 00:00:00+00:00
[2024-10-17T22:49:33.864+0000] {logging_mixin.py:190} INFO - [2024-10-17T22:49:33.864+0000] {dag.py:4180} INFO - Setting next_dagrun for example_branch_datetime_operator_3 to 2024-10-16 00:00:00+00:00, run_after=2024-10-17 00:00:00+00:00
[2024-10-17T22:49:33.874+0000] {processor.py:208} INFO - Processing /home/airflow/.local/lib/python3.12/site-packages/airflow/example_dags/example_branch_datetime_operator.py took 0.062 seconds
[2024-10-17T22:50:04.402+0000] {processor.py:186} INFO - Started process (PID=292) to work on /home/airflow/.local/lib/python3.12/site-packages/airflow/example_dags/example_branch_datetime_operator.py
[2024-10-17T22:50:04.402+0000] {processor.py:914} INFO - Processing file /home/airflow/.local/lib/python3.12/site-packages/airflow/example_dags/example_branch_datetime_operator.py for tasks to queue
[2024-10-17T22:50:04.404+0000] {logging_mixin.py:190} INFO - [2024-10-17T22:50:04.403+0000] {dagbag.py:588} INFO - Filling up the DagBag from /home/airflow/.local/lib/python3.12/site-packages/airflow/example_dags/example_branch_datetime_operator.py
[2024-10-17T22:50:04.411+0000] {processor.py:925} INFO - DAG(s) 'example_branch_datetime_operator_3', 'example_branch_datetime_operator', 'example_branch_datetime_operator_2' retrieved from /home/airflow/.local/lib/python3.12/site-packages/airflow/example_dags/example_branch_datetime_operator.py
[2024-10-17T22:50:04.428+0000] {logging_mixin.py:190} INFO - [2024-10-17T22:50:04.428+0000] {dag.py:3239} INFO - Sync 3 DAGs
[2024-10-17T22:50:04.445+0000] {logging_mixin.py:190} INFO - [2024-10-17T22:50:04.445+0000] {dag.py:4180} INFO - Setting next_dagrun for example_branch_datetime_operator to 2024-10-16 00:00:00+00:00, run_after=2024-10-17 00:00:00+00:00
[2024-10-17T22:50:04.449+0000] {logging_mixin.py:190} INFO - [2024-10-17T22:50:04.449+0000] {dag.py:4180} INFO - Setting next_dagrun for example_branch_datetime_operator_2 to 2024-10-16 00:00:00+00:00, run_after=2024-10-17 00:00:00+00:00
[2024-10-17T22:50:04.451+0000] {logging_mixin.py:190} INFO - [2024-10-17T22:50:04.451+0000] {dag.py:4180} INFO - Setting next_dagrun for example_branch_datetime_operator_3 to 2024-10-16 00:00:00+00:00, run_after=2024-10-17 00:00:00+00:00
[2024-10-17T22:50:04.461+0000] {processor.py:208} INFO - Processing /home/airflow/.local/lib/python3.12/site-packages/airflow/example_dags/example_branch_datetime_operator.py took 0.063 seconds
