[2024-10-17T22:48:33.264+0000] {processor.py:186} INFO - Started process (PID=103) to work on /home/airflow/.local/lib/python3.12/site-packages/airflow/example_dags/example_sensors.py
[2024-10-17T22:48:33.264+0000] {processor.py:914} INFO - Processing file /home/airflow/.local/lib/python3.12/site-packages/airflow/example_dags/example_sensors.py for tasks to queue
[2024-10-17T22:48:33.266+0000] {logging_mixin.py:190} INFO - [2024-10-17T22:48:33.265+0000] {dagbag.py:588} INFO - Filling up the DagBag from /home/airflow/.local/lib/python3.12/site-packages/airflow/example_dags/example_sensors.py
[2024-10-17T22:48:33.273+0000] {processor.py:925} INFO - DAG(s) 'example_sensors' retrieved from /home/airflow/.local/lib/python3.12/site-packages/airflow/example_dags/example_sensors.py
[2024-10-17T22:48:33.373+0000] {logging_mixin.py:190} INFO - [2024-10-17T22:48:33.373+0000] {override.py:1900} INFO - Created Permission View: can edit on DAG:example_sensors
[2024-10-17T22:48:33.382+0000] {logging_mixin.py:190} INFO - [2024-10-17T22:48:33.382+0000] {override.py:1900} INFO - Created Permission View: can delete on DAG:example_sensors
[2024-10-17T22:48:33.388+0000] {logging_mixin.py:190} INFO - [2024-10-17T22:48:33.388+0000] {override.py:1900} INFO - Created Permission View: can read on DAG:example_sensors
[2024-10-17T22:48:33.393+0000] {logging_mixin.py:190} INFO - [2024-10-17T22:48:33.393+0000] {override.py:1900} INFO - Created Permission View: menu access on DAG Run:example_sensors
[2024-10-17T22:48:33.398+0000] {logging_mixin.py:190} INFO - [2024-10-17T22:48:33.397+0000] {override.py:1900} INFO - Created Permission View: can create on DAG Run:example_sensors
[2024-10-17T22:48:33.402+0000] {logging_mixin.py:190} INFO - [2024-10-17T22:48:33.402+0000] {override.py:1900} INFO - Created Permission View: can delete on DAG Run:example_sensors
[2024-10-17T22:48:33.407+0000] {logging_mixin.py:190} INFO - [2024-10-17T22:48:33.407+0000] {override.py:1900} INFO - Created Permission View: can read on DAG Run:example_sensors
[2024-10-17T22:48:33.407+0000] {logging_mixin.py:190} INFO - [2024-10-17T22:48:33.407+0000] {dag.py:3239} INFO - Sync 1 DAGs
[2024-10-17T22:48:33.419+0000] {logging_mixin.py:190} INFO - [2024-10-17T22:48:33.419+0000] {dag.py:3262} INFO - Creating ORM DAG for example_sensors
[2024-10-17T22:48:33.420+0000] {logging_mixin.py:190} INFO - [2024-10-17T22:48:33.420+0000] {dag.py:4180} INFO - Setting next_dagrun for example_sensors to None, run_after=None
[2024-10-17T22:48:33.431+0000] {processor.py:208} INFO - Processing /home/airflow/.local/lib/python3.12/site-packages/airflow/example_dags/example_sensors.py took 0.170 seconds
[2024-10-17T22:49:04.352+0000] {processor.py:186} INFO - Started process (PID=171) to work on /home/airflow/.local/lib/python3.12/site-packages/airflow/example_dags/example_sensors.py
[2024-10-17T22:49:04.352+0000] {processor.py:914} INFO - Processing file /home/airflow/.local/lib/python3.12/site-packages/airflow/example_dags/example_sensors.py for tasks to queue
[2024-10-17T22:49:04.354+0000] {logging_mixin.py:190} INFO - [2024-10-17T22:49:04.354+0000] {dagbag.py:588} INFO - Filling up the DagBag from /home/airflow/.local/lib/python3.12/site-packages/airflow/example_dags/example_sensors.py
[2024-10-17T22:49:04.360+0000] {processor.py:925} INFO - DAG(s) 'example_sensors' retrieved from /home/airflow/.local/lib/python3.12/site-packages/airflow/example_dags/example_sensors.py
[2024-10-17T22:49:04.377+0000] {logging_mixin.py:190} INFO - [2024-10-17T22:49:04.377+0000] {dag.py:3239} INFO - Sync 1 DAGs
[2024-10-17T22:49:04.387+0000] {logging_mixin.py:190} INFO - [2024-10-17T22:49:04.386+0000] {dag.py:4180} INFO - Setting next_dagrun for example_sensors to None, run_after=None
[2024-10-17T22:49:04.399+0000] {processor.py:208} INFO - Processing /home/airflow/.local/lib/python3.12/site-packages/airflow/example_dags/example_sensors.py took 0.051 seconds
[2024-10-17T22:49:34.905+0000] {processor.py:186} INFO - Started process (PID=233) to work on /home/airflow/.local/lib/python3.12/site-packages/airflow/example_dags/example_sensors.py
[2024-10-17T22:49:34.906+0000] {processor.py:914} INFO - Processing file /home/airflow/.local/lib/python3.12/site-packages/airflow/example_dags/example_sensors.py for tasks to queue
[2024-10-17T22:49:34.907+0000] {logging_mixin.py:190} INFO - [2024-10-17T22:49:34.907+0000] {dagbag.py:588} INFO - Filling up the DagBag from /home/airflow/.local/lib/python3.12/site-packages/airflow/example_dags/example_sensors.py
[2024-10-17T22:49:34.913+0000] {processor.py:925} INFO - DAG(s) 'example_sensors' retrieved from /home/airflow/.local/lib/python3.12/site-packages/airflow/example_dags/example_sensors.py
[2024-10-17T22:49:34.930+0000] {logging_mixin.py:190} INFO - [2024-10-17T22:49:34.930+0000] {dag.py:3239} INFO - Sync 1 DAGs
[2024-10-17T22:49:34.939+0000] {logging_mixin.py:190} INFO - [2024-10-17T22:49:34.939+0000] {dag.py:4180} INFO - Setting next_dagrun for example_sensors to None, run_after=None
[2024-10-17T22:49:34.959+0000] {processor.py:208} INFO - Processing /home/airflow/.local/lib/python3.12/site-packages/airflow/example_dags/example_sensors.py took 0.058 seconds
[2024-10-17T22:50:05.492+0000] {processor.py:186} INFO - Started process (PID=295) to work on /home/airflow/.local/lib/python3.12/site-packages/airflow/example_dags/example_sensors.py
[2024-10-17T22:50:05.493+0000] {processor.py:914} INFO - Processing file /home/airflow/.local/lib/python3.12/site-packages/airflow/example_dags/example_sensors.py for tasks to queue
[2024-10-17T22:50:05.494+0000] {logging_mixin.py:190} INFO - [2024-10-17T22:50:05.494+0000] {dagbag.py:588} INFO - Filling up the DagBag from /home/airflow/.local/lib/python3.12/site-packages/airflow/example_dags/example_sensors.py
[2024-10-17T22:50:05.501+0000] {processor.py:925} INFO - DAG(s) 'example_sensors' retrieved from /home/airflow/.local/lib/python3.12/site-packages/airflow/example_dags/example_sensors.py
[2024-10-17T22:50:05.518+0000] {logging_mixin.py:190} INFO - [2024-10-17T22:50:05.518+0000] {dag.py:3239} INFO - Sync 1 DAGs
[2024-10-17T22:50:05.527+0000] {logging_mixin.py:190} INFO - [2024-10-17T22:50:05.527+0000] {dag.py:4180} INFO - Setting next_dagrun for example_sensors to None, run_after=None
[2024-10-17T22:50:05.539+0000] {processor.py:208} INFO - Processing /home/airflow/.local/lib/python3.12/site-packages/airflow/example_dags/example_sensors.py took 0.050 seconds
