[2024-10-17T22:48:31.949+0000] {processor.py:186} INFO - Started process (PID=88) to work on /home/airflow/.local/lib/python3.12/site-packages/airflow/example_dags/tutorial_taskflow_api.py
[2024-10-17T22:48:31.949+0000] {processor.py:914} INFO - Processing file /home/airflow/.local/lib/python3.12/site-packages/airflow/example_dags/tutorial_taskflow_api.py for tasks to queue
[2024-10-17T22:48:31.951+0000] {logging_mixin.py:190} INFO - [2024-10-17T22:48:31.951+0000] {dagbag.py:588} INFO - Filling up the DagBag from /home/airflow/.local/lib/python3.12/site-packages/airflow/example_dags/tutorial_taskflow_api.py
[2024-10-17T22:48:31.956+0000] {processor.py:925} INFO - DAG(s) 'tutorial_taskflow_api' retrieved from /home/airflow/.local/lib/python3.12/site-packages/airflow/example_dags/tutorial_taskflow_api.py
[2024-10-17T22:48:32.028+0000] {logging_mixin.py:190} INFO - [2024-10-17T22:48:32.027+0000] {override.py:1900} INFO - Created Permission View: can edit on DAG:tutorial_taskflow_api
[2024-10-17T22:48:32.034+0000] {logging_mixin.py:190} INFO - [2024-10-17T22:48:32.034+0000] {override.py:1900} INFO - Created Permission View: can delete on DAG:tutorial_taskflow_api
[2024-10-17T22:48:32.039+0000] {logging_mixin.py:190} INFO - [2024-10-17T22:48:32.038+0000] {override.py:1900} INFO - Created Permission View: can read on DAG:tutorial_taskflow_api
[2024-10-17T22:48:32.043+0000] {logging_mixin.py:190} INFO - [2024-10-17T22:48:32.043+0000] {override.py:1900} INFO - Created Permission View: menu access on DAG Run:tutorial_taskflow_api
[2024-10-17T22:48:32.047+0000] {logging_mixin.py:190} INFO - [2024-10-17T22:48:32.047+0000] {override.py:1900} INFO - Created Permission View: can create on DAG Run:tutorial_taskflow_api
[2024-10-17T22:48:32.051+0000] {logging_mixin.py:190} INFO - [2024-10-17T22:48:32.051+0000] {override.py:1900} INFO - Created Permission View: can delete on DAG Run:tutorial_taskflow_api
[2024-10-17T22:48:32.056+0000] {logging_mixin.py:190} INFO - [2024-10-17T22:48:32.055+0000] {override.py:1900} INFO - Created Permission View: can read on DAG Run:tutorial_taskflow_api
[2024-10-17T22:48:32.056+0000] {logging_mixin.py:190} INFO - [2024-10-17T22:48:32.056+0000] {dag.py:3239} INFO - Sync 1 DAGs
[2024-10-17T22:48:32.065+0000] {logging_mixin.py:190} INFO - [2024-10-17T22:48:32.065+0000] {dag.py:3262} INFO - Creating ORM DAG for tutorial_taskflow_api
[2024-10-17T22:48:32.066+0000] {logging_mixin.py:190} INFO - [2024-10-17T22:48:32.066+0000] {dag.py:4180} INFO - Setting next_dagrun for tutorial_taskflow_api to None, run_after=None
[2024-10-17T22:48:32.077+0000] {processor.py:208} INFO - Processing /home/airflow/.local/lib/python3.12/site-packages/airflow/example_dags/tutorial_taskflow_api.py took 0.132 seconds
[2024-10-17T22:49:02.668+0000] {processor.py:186} INFO - Started process (PID=150) to work on /home/airflow/.local/lib/python3.12/site-packages/airflow/example_dags/tutorial_taskflow_api.py
[2024-10-17T22:49:02.668+0000] {processor.py:914} INFO - Processing file /home/airflow/.local/lib/python3.12/site-packages/airflow/example_dags/tutorial_taskflow_api.py for tasks to queue
[2024-10-17T22:49:02.670+0000] {logging_mixin.py:190} INFO - [2024-10-17T22:49:02.669+0000] {dagbag.py:588} INFO - Filling up the DagBag from /home/airflow/.local/lib/python3.12/site-packages/airflow/example_dags/tutorial_taskflow_api.py
[2024-10-17T22:49:02.675+0000] {processor.py:925} INFO - DAG(s) 'tutorial_taskflow_api' retrieved from /home/airflow/.local/lib/python3.12/site-packages/airflow/example_dags/tutorial_taskflow_api.py
[2024-10-17T22:49:02.687+0000] {logging_mixin.py:190} INFO - [2024-10-17T22:49:02.687+0000] {dag.py:3239} INFO - Sync 1 DAGs
[2024-10-17T22:49:02.697+0000] {logging_mixin.py:190} INFO - [2024-10-17T22:49:02.696+0000] {dag.py:4180} INFO - Setting next_dagrun for tutorial_taskflow_api to None, run_after=None
[2024-10-17T22:49:02.709+0000] {processor.py:208} INFO - Processing /home/airflow/.local/lib/python3.12/site-packages/airflow/example_dags/tutorial_taskflow_api.py took 0.045 seconds
[2024-10-17T22:49:33.286+0000] {processor.py:186} INFO - Started process (PID=212) to work on /home/airflow/.local/lib/python3.12/site-packages/airflow/example_dags/tutorial_taskflow_api.py
[2024-10-17T22:49:33.287+0000] {processor.py:914} INFO - Processing file /home/airflow/.local/lib/python3.12/site-packages/airflow/example_dags/tutorial_taskflow_api.py for tasks to queue
[2024-10-17T22:49:33.289+0000] {logging_mixin.py:190} INFO - [2024-10-17T22:49:33.288+0000] {dagbag.py:588} INFO - Filling up the DagBag from /home/airflow/.local/lib/python3.12/site-packages/airflow/example_dags/tutorial_taskflow_api.py
[2024-10-17T22:49:33.294+0000] {processor.py:925} INFO - DAG(s) 'tutorial_taskflow_api' retrieved from /home/airflow/.local/lib/python3.12/site-packages/airflow/example_dags/tutorial_taskflow_api.py
[2024-10-17T22:49:33.305+0000] {logging_mixin.py:190} INFO - [2024-10-17T22:49:33.305+0000] {dag.py:3239} INFO - Sync 1 DAGs
[2024-10-17T22:49:33.315+0000] {logging_mixin.py:190} INFO - [2024-10-17T22:49:33.315+0000] {dag.py:4180} INFO - Setting next_dagrun for tutorial_taskflow_api to None, run_after=None
[2024-10-17T22:49:33.326+0000] {processor.py:208} INFO - Processing /home/airflow/.local/lib/python3.12/site-packages/airflow/example_dags/tutorial_taskflow_api.py took 0.043 seconds
[2024-10-17T22:50:03.871+0000] {processor.py:186} INFO - Started process (PID=280) to work on /home/airflow/.local/lib/python3.12/site-packages/airflow/example_dags/tutorial_taskflow_api.py
[2024-10-17T22:50:03.871+0000] {processor.py:914} INFO - Processing file /home/airflow/.local/lib/python3.12/site-packages/airflow/example_dags/tutorial_taskflow_api.py for tasks to queue
[2024-10-17T22:50:03.873+0000] {logging_mixin.py:190} INFO - [2024-10-17T22:50:03.872+0000] {dagbag.py:588} INFO - Filling up the DagBag from /home/airflow/.local/lib/python3.12/site-packages/airflow/example_dags/tutorial_taskflow_api.py
[2024-10-17T22:50:03.877+0000] {processor.py:925} INFO - DAG(s) 'tutorial_taskflow_api' retrieved from /home/airflow/.local/lib/python3.12/site-packages/airflow/example_dags/tutorial_taskflow_api.py
[2024-10-17T22:50:03.889+0000] {logging_mixin.py:190} INFO - [2024-10-17T22:50:03.889+0000] {dag.py:3239} INFO - Sync 1 DAGs
[2024-10-17T22:50:03.898+0000] {logging_mixin.py:190} INFO - [2024-10-17T22:50:03.898+0000] {dag.py:4180} INFO - Setting next_dagrun for tutorial_taskflow_api to None, run_after=None
[2024-10-17T22:50:03.909+0000] {processor.py:208} INFO - Processing /home/airflow/.local/lib/python3.12/site-packages/airflow/example_dags/tutorial_taskflow_api.py took 0.042 seconds
