[2024-10-17T22:48:32.685+0000] {processor.py:186} INFO - Started process (PID=97) to work on /home/airflow/.local/lib/python3.12/site-packages/airflow/example_dags/tutorial_objectstorage.py
[2024-10-17T22:48:32.686+0000] {processor.py:914} INFO - Processing file /home/airflow/.local/lib/python3.12/site-packages/airflow/example_dags/tutorial_objectstorage.py for tasks to queue
[2024-10-17T22:48:32.687+0000] {logging_mixin.py:190} INFO - [2024-10-17T22:48:32.687+0000] {dagbag.py:588} INFO - Filling up the DagBag from /home/airflow/.local/lib/python3.12/site-packages/airflow/example_dags/tutorial_objectstorage.py
[2024-10-17T22:48:32.693+0000] {processor.py:925} INFO - DAG(s) 'tutorial_objectstorage' retrieved from /home/airflow/.local/lib/python3.12/site-packages/airflow/example_dags/tutorial_objectstorage.py
[2024-10-17T22:48:32.766+0000] {logging_mixin.py:190} INFO - [2024-10-17T22:48:32.766+0000] {override.py:1900} INFO - Created Permission View: can edit on DAG:tutorial_objectstorage
[2024-10-17T22:48:32.772+0000] {logging_mixin.py:190} INFO - [2024-10-17T22:48:32.772+0000] {override.py:1900} INFO - Created Permission View: can delete on DAG:tutorial_objectstorage
[2024-10-17T22:48:32.777+0000] {logging_mixin.py:190} INFO - [2024-10-17T22:48:32.776+0000] {override.py:1900} INFO - Created Permission View: can read on DAG:tutorial_objectstorage
[2024-10-17T22:48:32.781+0000] {logging_mixin.py:190} INFO - [2024-10-17T22:48:32.781+0000] {override.py:1900} INFO - Created Permission View: menu access on DAG Run:tutorial_objectstorage
[2024-10-17T22:48:32.785+0000] {logging_mixin.py:190} INFO - [2024-10-17T22:48:32.785+0000] {override.py:1900} INFO - Created Permission View: can create on DAG Run:tutorial_objectstorage
[2024-10-17T22:48:32.790+0000] {logging_mixin.py:190} INFO - [2024-10-17T22:48:32.789+0000] {override.py:1900} INFO - Created Permission View: can delete on DAG Run:tutorial_objectstorage
[2024-10-17T22:48:32.794+0000] {logging_mixin.py:190} INFO - [2024-10-17T22:48:32.794+0000] {override.py:1900} INFO - Created Permission View: can read on DAG Run:tutorial_objectstorage
[2024-10-17T22:48:32.794+0000] {logging_mixin.py:190} INFO - [2024-10-17T22:48:32.794+0000] {dag.py:3239} INFO - Sync 1 DAGs
[2024-10-17T22:48:32.804+0000] {logging_mixin.py:190} INFO - [2024-10-17T22:48:32.803+0000] {dag.py:3262} INFO - Creating ORM DAG for tutorial_objectstorage
[2024-10-17T22:48:32.804+0000] {logging_mixin.py:190} INFO - [2024-10-17T22:48:32.804+0000] {dag.py:4180} INFO - Setting next_dagrun for tutorial_objectstorage to None, run_after=None
[2024-10-17T22:48:32.815+0000] {processor.py:208} INFO - Processing /home/airflow/.local/lib/python3.12/site-packages/airflow/example_dags/tutorial_objectstorage.py took 0.133 seconds
[2024-10-17T22:49:03.029+0000] {processor.py:186} INFO - Started process (PID=159) to work on /home/airflow/.local/lib/python3.12/site-packages/airflow/example_dags/tutorial_objectstorage.py
[2024-10-17T22:49:03.030+0000] {processor.py:914} INFO - Processing file /home/airflow/.local/lib/python3.12/site-packages/airflow/example_dags/tutorial_objectstorage.py for tasks to queue
[2024-10-17T22:49:03.031+0000] {logging_mixin.py:190} INFO - [2024-10-17T22:49:03.031+0000] {dagbag.py:588} INFO - Filling up the DagBag from /home/airflow/.local/lib/python3.12/site-packages/airflow/example_dags/tutorial_objectstorage.py
[2024-10-17T22:49:03.036+0000] {processor.py:925} INFO - DAG(s) 'tutorial_objectstorage' retrieved from /home/airflow/.local/lib/python3.12/site-packages/airflow/example_dags/tutorial_objectstorage.py
[2024-10-17T22:49:03.048+0000] {logging_mixin.py:190} INFO - [2024-10-17T22:49:03.047+0000] {dag.py:3239} INFO - Sync 1 DAGs
[2024-10-17T22:49:03.057+0000] {logging_mixin.py:190} INFO - [2024-10-17T22:49:03.057+0000] {dag.py:4180} INFO - Setting next_dagrun for tutorial_objectstorage to None, run_after=None
[2024-10-17T22:49:03.069+0000] {processor.py:208} INFO - Processing /home/airflow/.local/lib/python3.12/site-packages/airflow/example_dags/tutorial_objectstorage.py took 0.044 seconds
[2024-10-17T22:49:33.566+0000] {processor.py:186} INFO - Started process (PID=227) to work on /home/airflow/.local/lib/python3.12/site-packages/airflow/example_dags/tutorial_objectstorage.py
[2024-10-17T22:49:33.566+0000] {processor.py:914} INFO - Processing file /home/airflow/.local/lib/python3.12/site-packages/airflow/example_dags/tutorial_objectstorage.py for tasks to queue
[2024-10-17T22:49:33.568+0000] {logging_mixin.py:190} INFO - [2024-10-17T22:49:33.567+0000] {dagbag.py:588} INFO - Filling up the DagBag from /home/airflow/.local/lib/python3.12/site-packages/airflow/example_dags/tutorial_objectstorage.py
[2024-10-17T22:49:33.573+0000] {processor.py:925} INFO - DAG(s) 'tutorial_objectstorage' retrieved from /home/airflow/.local/lib/python3.12/site-packages/airflow/example_dags/tutorial_objectstorage.py
[2024-10-17T22:49:33.584+0000] {logging_mixin.py:190} INFO - [2024-10-17T22:49:33.584+0000] {dag.py:3239} INFO - Sync 1 DAGs
[2024-10-17T22:49:33.593+0000] {logging_mixin.py:190} INFO - [2024-10-17T22:49:33.593+0000] {dag.py:4180} INFO - Setting next_dagrun for tutorial_objectstorage to None, run_after=None
[2024-10-17T22:49:33.605+0000] {processor.py:208} INFO - Processing /home/airflow/.local/lib/python3.12/site-packages/airflow/example_dags/tutorial_objectstorage.py took 0.042 seconds
[2024-10-17T22:50:04.277+0000] {processor.py:186} INFO - Started process (PID=289) to work on /home/airflow/.local/lib/python3.12/site-packages/airflow/example_dags/tutorial_objectstorage.py
[2024-10-17T22:50:04.277+0000] {processor.py:914} INFO - Processing file /home/airflow/.local/lib/python3.12/site-packages/airflow/example_dags/tutorial_objectstorage.py for tasks to queue
[2024-10-17T22:50:04.279+0000] {logging_mixin.py:190} INFO - [2024-10-17T22:50:04.279+0000] {dagbag.py:588} INFO - Filling up the DagBag from /home/airflow/.local/lib/python3.12/site-packages/airflow/example_dags/tutorial_objectstorage.py
[2024-10-17T22:50:04.284+0000] {processor.py:925} INFO - DAG(s) 'tutorial_objectstorage' retrieved from /home/airflow/.local/lib/python3.12/site-packages/airflow/example_dags/tutorial_objectstorage.py
[2024-10-17T22:50:04.296+0000] {logging_mixin.py:190} INFO - [2024-10-17T22:50:04.295+0000] {dag.py:3239} INFO - Sync 1 DAGs
[2024-10-17T22:50:04.305+0000] {logging_mixin.py:190} INFO - [2024-10-17T22:50:04.305+0000] {dag.py:4180} INFO - Setting next_dagrun for tutorial_objectstorage to None, run_after=None
[2024-10-17T22:50:04.317+0000] {processor.py:208} INFO - Processing /home/airflow/.local/lib/python3.12/site-packages/airflow/example_dags/tutorial_objectstorage.py took 0.043 seconds
