[2024-10-17T22:48:32.838+0000] {processor.py:186} INFO - Started process (PID=99) to work on /home/airflow/.local/lib/python3.12/site-packages/airflow/example_dags/tutorial_taskflow_api_virtualenv.py
[2024-10-17T22:48:32.839+0000] {processor.py:914} INFO - Processing file /home/airflow/.local/lib/python3.12/site-packages/airflow/example_dags/tutorial_taskflow_api_virtualenv.py for tasks to queue
[2024-10-17T22:48:32.841+0000] {logging_mixin.py:190} INFO - [2024-10-17T22:48:32.840+0000] {dagbag.py:588} INFO - Filling up the DagBag from /home/airflow/.local/lib/python3.12/site-packages/airflow/example_dags/tutorial_taskflow_api_virtualenv.py
[2024-10-17T22:48:32.848+0000] {processor.py:925} INFO - DAG(s) 'tutorial_taskflow_api_virtualenv' retrieved from /home/airflow/.local/lib/python3.12/site-packages/airflow/example_dags/tutorial_taskflow_api_virtualenv.py
[2024-10-17T22:48:32.916+0000] {logging_mixin.py:190} INFO - [2024-10-17T22:48:32.916+0000] {override.py:1900} INFO - Created Permission View: can edit on DAG:tutorial_taskflow_api_virtualenv
[2024-10-17T22:48:32.923+0000] {logging_mixin.py:190} INFO - [2024-10-17T22:48:32.923+0000] {override.py:1900} INFO - Created Permission View: can delete on DAG:tutorial_taskflow_api_virtualenv
[2024-10-17T22:48:32.927+0000] {logging_mixin.py:190} INFO - [2024-10-17T22:48:32.927+0000] {override.py:1900} INFO - Created Permission View: can read on DAG:tutorial_taskflow_api_virtualenv
[2024-10-17T22:48:32.932+0000] {logging_mixin.py:190} INFO - [2024-10-17T22:48:32.932+0000] {override.py:1900} INFO - Created Permission View: menu access on DAG Run:tutorial_taskflow_api_virtualenv
[2024-10-17T22:48:32.936+0000] {logging_mixin.py:190} INFO - [2024-10-17T22:48:32.936+0000] {override.py:1900} INFO - Created Permission View: can create on DAG Run:tutorial_taskflow_api_virtualenv
[2024-10-17T22:48:32.940+0000] {logging_mixin.py:190} INFO - [2024-10-17T22:48:32.940+0000] {override.py:1900} INFO - Created Permission View: can delete on DAG Run:tutorial_taskflow_api_virtualenv
[2024-10-17T22:48:32.945+0000] {logging_mixin.py:190} INFO - [2024-10-17T22:48:32.945+0000] {override.py:1900} INFO - Created Permission View: can read on DAG Run:tutorial_taskflow_api_virtualenv
[2024-10-17T22:48:32.945+0000] {logging_mixin.py:190} INFO - [2024-10-17T22:48:32.945+0000] {dag.py:3239} INFO - Sync 1 DAGs
[2024-10-17T22:48:32.954+0000] {logging_mixin.py:190} INFO - [2024-10-17T22:48:32.954+0000] {dag.py:3262} INFO - Creating ORM DAG for tutorial_taskflow_api_virtualenv
[2024-10-17T22:48:32.955+0000] {logging_mixin.py:190} INFO - [2024-10-17T22:48:32.955+0000] {dag.py:4180} INFO - Setting next_dagrun for tutorial_taskflow_api_virtualenv to None, run_after=None
[2024-10-17T22:48:32.965+0000] {processor.py:208} INFO - Processing /home/airflow/.local/lib/python3.12/site-packages/airflow/example_dags/tutorial_taskflow_api_virtualenv.py took 0.130 seconds
[2024-10-17T22:49:03.094+0000] {processor.py:186} INFO - Started process (PID=161) to work on /home/airflow/.local/lib/python3.12/site-packages/airflow/example_dags/tutorial_taskflow_api_virtualenv.py
[2024-10-17T22:49:03.094+0000] {processor.py:914} INFO - Processing file /home/airflow/.local/lib/python3.12/site-packages/airflow/example_dags/tutorial_taskflow_api_virtualenv.py for tasks to queue
[2024-10-17T22:49:03.096+0000] {logging_mixin.py:190} INFO - [2024-10-17T22:49:03.095+0000] {dagbag.py:588} INFO - Filling up the DagBag from /home/airflow/.local/lib/python3.12/site-packages/airflow/example_dags/tutorial_taskflow_api_virtualenv.py
[2024-10-17T22:49:03.103+0000] {processor.py:925} INFO - DAG(s) 'tutorial_taskflow_api_virtualenv' retrieved from /home/airflow/.local/lib/python3.12/site-packages/airflow/example_dags/tutorial_taskflow_api_virtualenv.py
[2024-10-17T22:49:03.115+0000] {logging_mixin.py:190} INFO - [2024-10-17T22:49:03.115+0000] {dag.py:3239} INFO - Sync 1 DAGs
[2024-10-17T22:49:03.125+0000] {logging_mixin.py:190} INFO - [2024-10-17T22:49:03.125+0000] {dag.py:4180} INFO - Setting next_dagrun for tutorial_taskflow_api_virtualenv to None, run_after=None
[2024-10-17T22:49:03.137+0000] {processor.py:208} INFO - Processing /home/airflow/.local/lib/python3.12/site-packages/airflow/example_dags/tutorial_taskflow_api_virtualenv.py took 0.047 seconds
[2024-10-17T22:49:33.816+0000] {processor.py:186} INFO - Started process (PID=229) to work on /home/airflow/.local/lib/python3.12/site-packages/airflow/example_dags/tutorial_taskflow_api_virtualenv.py
[2024-10-17T22:49:33.816+0000] {processor.py:914} INFO - Processing file /home/airflow/.local/lib/python3.12/site-packages/airflow/example_dags/tutorial_taskflow_api_virtualenv.py for tasks to queue
[2024-10-17T22:49:33.818+0000] {logging_mixin.py:190} INFO - [2024-10-17T22:49:33.817+0000] {dagbag.py:588} INFO - Filling up the DagBag from /home/airflow/.local/lib/python3.12/site-packages/airflow/example_dags/tutorial_taskflow_api_virtualenv.py
[2024-10-17T22:49:33.825+0000] {processor.py:925} INFO - DAG(s) 'tutorial_taskflow_api_virtualenv' retrieved from /home/airflow/.local/lib/python3.12/site-packages/airflow/example_dags/tutorial_taskflow_api_virtualenv.py
[2024-10-17T22:49:33.838+0000] {logging_mixin.py:190} INFO - [2024-10-17T22:49:33.837+0000] {dag.py:3239} INFO - Sync 1 DAGs
[2024-10-17T22:49:33.848+0000] {logging_mixin.py:190} INFO - [2024-10-17T22:49:33.848+0000] {dag.py:4180} INFO - Setting next_dagrun for tutorial_taskflow_api_virtualenv to None, run_after=None
[2024-10-17T22:49:33.861+0000] {processor.py:208} INFO - Processing /home/airflow/.local/lib/python3.12/site-packages/airflow/example_dags/tutorial_taskflow_api_virtualenv.py took 0.048 seconds
[2024-10-17T22:50:04.337+0000] {processor.py:186} INFO - Started process (PID=291) to work on /home/airflow/.local/lib/python3.12/site-packages/airflow/example_dags/tutorial_taskflow_api_virtualenv.py
[2024-10-17T22:50:04.338+0000] {processor.py:914} INFO - Processing file /home/airflow/.local/lib/python3.12/site-packages/airflow/example_dags/tutorial_taskflow_api_virtualenv.py for tasks to queue
[2024-10-17T22:50:04.339+0000] {logging_mixin.py:190} INFO - [2024-10-17T22:50:04.339+0000] {dagbag.py:588} INFO - Filling up the DagBag from /home/airflow/.local/lib/python3.12/site-packages/airflow/example_dags/tutorial_taskflow_api_virtualenv.py
[2024-10-17T22:50:04.346+0000] {processor.py:925} INFO - DAG(s) 'tutorial_taskflow_api_virtualenv' retrieved from /home/airflow/.local/lib/python3.12/site-packages/airflow/example_dags/tutorial_taskflow_api_virtualenv.py
[2024-10-17T22:50:04.359+0000] {logging_mixin.py:190} INFO - [2024-10-17T22:50:04.359+0000] {dag.py:3239} INFO - Sync 1 DAGs
[2024-10-17T22:50:04.369+0000] {logging_mixin.py:190} INFO - [2024-10-17T22:50:04.369+0000] {dag.py:4180} INFO - Setting next_dagrun for tutorial_taskflow_api_virtualenv to None, run_after=None
[2024-10-17T22:50:04.380+0000] {processor.py:208} INFO - Processing /home/airflow/.local/lib/python3.12/site-packages/airflow/example_dags/tutorial_taskflow_api_virtualenv.py took 0.046 seconds
