[2024-10-17T22:48:32.329+0000] {processor.py:186} INFO - Started process (PID=93) to work on /home/airflow/.local/lib/python3.12/site-packages/airflow/example_dags/tutorial.py
[2024-10-17T22:48:32.329+0000] {processor.py:914} INFO - Processing file /home/airflow/.local/lib/python3.12/site-packages/airflow/example_dags/tutorial.py for tasks to queue
[2024-10-17T22:48:32.330+0000] {logging_mixin.py:190} INFO - [2024-10-17T22:48:32.330+0000] {dagbag.py:588} INFO - Filling up the DagBag from /home/airflow/.local/lib/python3.12/site-packages/airflow/example_dags/tutorial.py
[2024-10-17T22:48:32.336+0000] {processor.py:925} INFO - DAG(s) 'tutorial' retrieved from /home/airflow/.local/lib/python3.12/site-packages/airflow/example_dags/tutorial.py
[2024-10-17T22:48:32.407+0000] {logging_mixin.py:190} INFO - [2024-10-17T22:48:32.406+0000] {override.py:1900} INFO - Created Permission View: can edit on DAG:tutorial
[2024-10-17T22:48:32.413+0000] {logging_mixin.py:190} INFO - [2024-10-17T22:48:32.413+0000] {override.py:1900} INFO - Created Permission View: can delete on DAG:tutorial
[2024-10-17T22:48:32.417+0000] {logging_mixin.py:190} INFO - [2024-10-17T22:48:32.417+0000] {override.py:1900} INFO - Created Permission View: can read on DAG:tutorial
[2024-10-17T22:48:32.422+0000] {logging_mixin.py:190} INFO - [2024-10-17T22:48:32.422+0000] {override.py:1900} INFO - Created Permission View: menu access on DAG Run:tutorial
[2024-10-17T22:48:32.426+0000] {logging_mixin.py:190} INFO - [2024-10-17T22:48:32.426+0000] {override.py:1900} INFO - Created Permission View: can create on DAG Run:tutorial
[2024-10-17T22:48:32.430+0000] {logging_mixin.py:190} INFO - [2024-10-17T22:48:32.430+0000] {override.py:1900} INFO - Created Permission View: can delete on DAG Run:tutorial
[2024-10-17T22:48:32.434+0000] {logging_mixin.py:190} INFO - [2024-10-17T22:48:32.434+0000] {override.py:1900} INFO - Created Permission View: can read on DAG Run:tutorial
[2024-10-17T22:48:32.435+0000] {logging_mixin.py:190} INFO - [2024-10-17T22:48:32.435+0000] {dag.py:3239} INFO - Sync 1 DAGs
[2024-10-17T22:48:32.445+0000] {logging_mixin.py:190} INFO - [2024-10-17T22:48:32.444+0000] {dag.py:3262} INFO - Creating ORM DAG for tutorial
[2024-10-17T22:48:32.451+0000] {logging_mixin.py:190} INFO - [2024-10-17T22:48:32.451+0000] {dag.py:4180} INFO - Setting next_dagrun for tutorial to 2024-10-16 00:00:00+00:00, run_after=2024-10-17 00:00:00+00:00
[2024-10-17T22:48:32.461+0000] {processor.py:208} INFO - Processing /home/airflow/.local/lib/python3.12/site-packages/airflow/example_dags/tutorial.py took 0.136 seconds
[2024-10-17T22:49:02.804+0000] {processor.py:186} INFO - Started process (PID=155) to work on /home/airflow/.local/lib/python3.12/site-packages/airflow/example_dags/tutorial.py
[2024-10-17T22:49:02.805+0000] {processor.py:914} INFO - Processing file /home/airflow/.local/lib/python3.12/site-packages/airflow/example_dags/tutorial.py for tasks to queue
[2024-10-17T22:49:02.806+0000] {logging_mixin.py:190} INFO - [2024-10-17T22:49:02.806+0000] {dagbag.py:588} INFO - Filling up the DagBag from /home/airflow/.local/lib/python3.12/site-packages/airflow/example_dags/tutorial.py
[2024-10-17T22:49:02.811+0000] {processor.py:925} INFO - DAG(s) 'tutorial' retrieved from /home/airflow/.local/lib/python3.12/site-packages/airflow/example_dags/tutorial.py
[2024-10-17T22:49:02.823+0000] {logging_mixin.py:190} INFO - [2024-10-17T22:49:02.823+0000] {dag.py:3239} INFO - Sync 1 DAGs
[2024-10-17T22:49:02.838+0000] {logging_mixin.py:190} INFO - [2024-10-17T22:49:02.838+0000] {dag.py:4180} INFO - Setting next_dagrun for tutorial to 2024-10-16 00:00:00+00:00, run_after=2024-10-17 00:00:00+00:00
[2024-10-17T22:49:02.850+0000] {processor.py:208} INFO - Processing /home/airflow/.local/lib/python3.12/site-packages/airflow/example_dags/tutorial.py took 0.050 seconds
[2024-10-17T22:49:33.430+0000] {processor.py:186} INFO - Started process (PID=217) to work on /home/airflow/.local/lib/python3.12/site-packages/airflow/example_dags/tutorial.py
[2024-10-17T22:49:33.430+0000] {processor.py:914} INFO - Processing file /home/airflow/.local/lib/python3.12/site-packages/airflow/example_dags/tutorial.py for tasks to queue
[2024-10-17T22:49:33.432+0000] {logging_mixin.py:190} INFO - [2024-10-17T22:49:33.432+0000] {dagbag.py:588} INFO - Filling up the DagBag from /home/airflow/.local/lib/python3.12/site-packages/airflow/example_dags/tutorial.py
[2024-10-17T22:49:33.437+0000] {processor.py:925} INFO - DAG(s) 'tutorial' retrieved from /home/airflow/.local/lib/python3.12/site-packages/airflow/example_dags/tutorial.py
[2024-10-17T22:49:33.451+0000] {logging_mixin.py:190} INFO - [2024-10-17T22:49:33.451+0000] {dag.py:3239} INFO - Sync 1 DAGs
[2024-10-17T22:49:33.467+0000] {logging_mixin.py:190} INFO - [2024-10-17T22:49:33.467+0000] {dag.py:4180} INFO - Setting next_dagrun for tutorial to 2024-10-16 00:00:00+00:00, run_after=2024-10-17 00:00:00+00:00
[2024-10-17T22:49:33.479+0000] {processor.py:208} INFO - Processing /home/airflow/.local/lib/python3.12/site-packages/airflow/example_dags/tutorial.py took 0.052 seconds
[2024-10-17T22:50:04.145+0000] {processor.py:186} INFO - Started process (PID=285) to work on /home/airflow/.local/lib/python3.12/site-packages/airflow/example_dags/tutorial.py
[2024-10-17T22:50:04.145+0000] {processor.py:914} INFO - Processing file /home/airflow/.local/lib/python3.12/site-packages/airflow/example_dags/tutorial.py for tasks to queue
[2024-10-17T22:50:04.147+0000] {logging_mixin.py:190} INFO - [2024-10-17T22:50:04.147+0000] {dagbag.py:588} INFO - Filling up the DagBag from /home/airflow/.local/lib/python3.12/site-packages/airflow/example_dags/tutorial.py
[2024-10-17T22:50:04.151+0000] {processor.py:925} INFO - DAG(s) 'tutorial' retrieved from /home/airflow/.local/lib/python3.12/site-packages/airflow/example_dags/tutorial.py
[2024-10-17T22:50:04.164+0000] {logging_mixin.py:190} INFO - [2024-10-17T22:50:04.164+0000] {dag.py:3239} INFO - Sync 1 DAGs
[2024-10-17T22:50:04.179+0000] {logging_mixin.py:190} INFO - [2024-10-17T22:50:04.179+0000] {dag.py:4180} INFO - Setting next_dagrun for tutorial to 2024-10-16 00:00:00+00:00, run_after=2024-10-17 00:00:00+00:00
[2024-10-17T22:50:04.191+0000] {processor.py:208} INFO - Processing /home/airflow/.local/lib/python3.12/site-packages/airflow/example_dags/tutorial.py took 0.049 seconds
